TN:
SF:/Users/aleksandrkireev/Apps/timeline-studio/src-tauri/src/filesystem.rs
FN:19,file_exists
FN:28,get_file_stats
FN:60,get_platform
FN:68,search_files_by_name
FN:90,search_files_recursive
FN:143,get_absolute_path
FNF:6
FNDA:2,file_exists
FNDA:3,get_file_stats
FNDA:1,get_platform
FNDA:6,search_files_by_name
FNDA:9,search_files_recursive
FNDA:2,get_absolute_path
DA:19,2
DA:20,2
DA:21,3
DA:28,3
DA:29,3
DA:31,3
DA:32,1
DA:35,2
DA:36,2
DA:37,2
DA:40,2
DA:42,0
DA:43,2
DA:44,2
DA:52,0
DA:60,1
DA:61,1
DA:68,6
DA:73,6
DA:75,6
DA:76,1
DA:79,5
DA:80,5
DA:82,6
DA:84,4
DA:90,9
DA:97,9
DA:98,1
DA:101,8
DA:102,7
DA:103,28
DA:104,11
DA:105,11
DA:106,11
DA:108,11
DA:109,14
DA:111,10
DA:116,4
DA:119,4
DA:120,4
DA:121,4
DA:122,4
DA:123,4
DA:127,0
DA:128,0
DA:133,1
DA:136,6
DA:143,2
DA:144,2
DA:146,2
DA:147,1
DA:148,1
DA:151,0
DA:154,1
LF:54
LH:49
end_of_record
TN:
SF:/Users/aleksandrkireev/Apps/timeline-studio/src-tauri/src/language.rs
FN:19,get_system_language
FN:38,is_supported_language
FN:44,get_app_language
FN:56,set_app_language
FNF:4
FNDA:5,get_system_language
FNDA:15,is_supported_language
FNDA:2,get_app_language
FNDA:3,set_app_language
DA:10,1
DA:19,5
DA:21,10
DA:22,5
DA:23,0
DA:27,5
DA:30,5
DA:31,5
DA:33,0
DA:38,15
DA:39,15
DA:44,2
DA:45,2
DA:46,2
DA:56,3
DA:58,3
DA:59,1
DA:63,2
DA:64,2
DA:66,2
DA:67,2
DA:68,2
LF:22
LH:20
end_of_record
TN:
SF:/Users/aleksandrkireev/Apps/timeline-studio/src-tauri/src/lib.rs
FN:34,greet
FN:43,get_video_info
FN:62,clear_all_cache
FN:70,register_video
FN:90,run
FNF:5
FNDA:1,greet
FNDA:0,get_video_info
FNDA:0,clear_all_cache
FNDA:0,register_video
FNDA:0,run
DA:34,1
DA:35,1
DA:36,1
DA:37,1
DA:43,0
DA:49,0
DA:50,0
DA:52,0
DA:53,0
DA:54,0
DA:55,0
DA:56,0
DA:62,0
DA:63,0
DA:64,0
DA:65,0
DA:66,0
DA:70,0
DA:76,0
DA:77,0
DA:78,0
DA:81,0
DA:83,0
DA:84,0
DA:85,0
DA:90,0
DA:92,0
DA:95,0
DA:96,0
DA:97,0
DA:98,0
DA:99,0
DA:101,0
DA:102,0
DA:104,0
DA:110,0
DA:111,0
DA:114,0
DA:115,0
DA:118,0
DA:119,0
DA:120,0
DA:121,0
DA:122,0
DA:123,0
DA:124,0
DA:125,0
DA:126,0
DA:127,0
DA:128,0
DA:129,0
DA:130,0
DA:131,0
DA:132,0
DA:133,0
DA:134,0
DA:135,0
DA:136,0
DA:137,0
DA:138,0
DA:139,0
DA:141,0
DA:143,0
DA:144,0
DA:145,0
DA:146,0
DA:147,0
DA:148,0
DA:149,0
DA:150,0
DA:151,0
DA:152,0
DA:153,0
DA:154,0
DA:156,0
DA:157,0
DA:158,0
DA:159,0
DA:160,0
DA:161,0
DA:162,0
DA:163,0
DA:165,0
DA:166,0
DA:167,0
DA:168,0
DA:170,0
LF:87
LH:4
end_of_record
TN:
SF:/Users/aleksandrkireev/Apps/timeline-studio/src-tauri/src/main.rs
FN:4,main
FNF:1
FNDA:0,main
DA:4,0
DA:5,0
LF:2
LH:0
end_of_record
TN:
SF:/Users/aleksandrkireev/Apps/timeline-studio/src-tauri/src/media/ffmpeg.rs
FN:6,check_ffmpeg
FNF:1
FNDA:3,check_ffmpeg
DA:6,3
DA:7,3
DA:9,3
DA:10,3
DA:11,0
LF:5
LH:4
end_of_record
TN:
SF:/Users/aleksandrkireev/Apps/timeline-studio/src-tauri/src/media/files.rs
FN:9,get_media_files
FN:42,is_media_file
FNF:2
FNDA:7,get_media_files
FNDA:7,is_media_file
DA:9,7
DA:10,7
DA:12,12
DA:13,2
DA:16,15
DA:20,27
DA:25,108
DA:29,42
DA:42,7
DA:43,26
DA:47,1
LF:11
LH:11
end_of_record
TN:
SF:/Users/aleksandrkireev/Apps/timeline-studio/src-tauri/src/media/metadata.rs
FN:14,get_media_metadata
FN:132,parse_format_data
FN:158,parse_stream_data
FN:226,extract_creation_time
FN:237,generate_iso8601_timestamp
FNF:5
FNDA:2,get_media_metadata
FNDA:3,parse_format_data
FNDA:4,parse_stream_data
FNDA:3,extract_creation_time
FNDA:1,generate_iso8601_timestamp
DA:14,2
DA:16,2
DA:19,2
DA:20,2
DA:24,0
DA:25,0
DA:26,0
DA:27,0
DA:28,0
DA:29,0
DA:30,0
DA:31,0
DA:32,0
DA:35,0
DA:37,0
DA:38,0
DA:41,0
DA:42,0
DA:47,0
DA:69,0
DA:74,0
DA:79,0
DA:80,0
DA:81,0
DA:82,0
DA:83,0
DA:85,0
DA:86,0
DA:87,0
DA:94,0
DA:95,0
DA:132,3
DA:136,3
DA:137,3
DA:138,8
DA:139,8
DA:141,3
DA:142,3
DA:143,8
DA:144,8
DA:146,3
DA:147,3
DA:148,7
DA:149,3
DA:151,3
DA:152,3
DA:153,7
DA:154,3
DA:158,4
DA:159,4
DA:161,11
DA:162,11
DA:163,4
DA:165,4
DA:167,11
DA:171,4
DA:173,10
DA:174,4
DA:176,4
DA:178,9
DA:179,9
DA:181,4
DA:183,9
DA:184,9
DA:186,4
DA:188,10
DA:189,4
DA:191,4
DA:193,9
DA:194,4
DA:196,4
DA:198,9
DA:199,4
DA:201,4
DA:203,9
DA:204,9
DA:206,4
DA:208,9
DA:209,4
DA:226,3
DA:229,4
DA:231,3
DA:232,1
DA:237,1
DA:238,1
DA:239,1
DA:242,1
DA:243,1
DA:245,1
LF:89
LH:62
end_of_record
TN:
SF:/Users/aleksandrkireev/Apps/timeline-studio/src-tauri/src/video_compiler/cache.rs
FN:29,RenderCache::new
FN:34,RenderCache::with_settings
FN:45,RenderCache::get_preview
FN:64,RenderCache::store_preview
FN:77,RenderCache::get_metadata
FN:94,RenderCache::store_metadata
FN:101,RenderCache::get_render_data
FN:118,RenderCache::store_render_data
FN:129,RenderCache::clear_all
FN:137,RenderCache::clear_previews
FN:142,RenderCache::get_stats
FN:147,RenderCache::get_memory_usage
FN:161,RenderCache::cleanup_if_needed
FN:174,RenderCache::cleanup_old_entries
FN:197,<impl Default for RenderCache>::default
FN:216,PreviewKey::new
FN:239,PreviewData::is_expired
FN:271,MediaMetadata::is_expired
FN:293,RenderCacheData::is_expired
FN:318,<impl Default for CacheSettings>::default
FN:356,CacheStats::hit_ratio
FN:368,CacheStats::preview_hit_ratio
FN:392,CacheMemoryUsage::total_mb
FN:418,LruCache<K,V>::new
FN:427,LruCache<K,V>::get
FN:437,LruCache<K,V>::insert
FN:454,LruCache<K,V>::remove
FN:458,LruCache<K,V>::clear
FN:464,LruCache<K,V>::retain
FN:471,LruCache<K,V>::estimate_memory_usage
FN:477,LruCache<K,V>::get_oldest_key
FNF:31
FNDA:61,RenderCache::new
FNDA:68,RenderCache::with_settings
FNDA:50,RenderCache::get_preview
FNDA:222,RenderCache::store_preview
FNDA:14,RenderCache::get_metadata
FNDA:10,RenderCache::store_metadata
FNDA:12,RenderCache::get_render_data
FNDA:3,RenderCache::store_render_data
FNDA:6,RenderCache::clear_all
FNDA:6,RenderCache::clear_previews
FNDA:18,RenderCache::get_stats
FNDA:124,RenderCache::get_memory_usage
FNDA:238,RenderCache::cleanup_if_needed
FNDA:2,RenderCache::cleanup_old_entries
FNDA:1,<impl Default for RenderCache>::default
FNDA:124,PreviewKey::new
FNDA:18,PreviewData::is_expired
FNDA:7,MediaMetadata::is_expired
FNDA:6,RenderCacheData::is_expired
FNDA:68,<impl Default for CacheSettings>::default
FNDA:1,CacheStats::hit_ratio
FNDA:3,CacheStats::preview_hit_ratio
FNDA:6,CacheMemoryUsage::total_mb
FNDA:211,LruCache<K,V>::new
FNDA:59,LruCache<K,V>::get
FNDA:138,LruCache<K,V>::insert
FNDA:5,LruCache<K,V>::remove
FNDA:13,LruCache<K,V>::clear
FNDA:4,LruCache<K,V>::retain
FNDA:373,LruCache<K,V>::estimate_memory_usage
FNDA:3,LruCache<K,V>::get_oldest_key
DA:29,61
DA:30,61
DA:34,68
DA:36,68
DA:37,68
DA:38,68
DA:40,68
DA:45,50
DA:46,25
DA:48,37
DA:51,10
DA:52,10
DA:55,2
DA:59,15
DA:60,15
DA:64,222
DA:67,111
DA:71,111
DA:72,111
DA:73,111
DA:77,14
DA:78,7
DA:80,12
DA:82,4
DA:83,4
DA:85,1
DA:89,3
DA:90,3
DA:94,10
DA:95,5
DA:96,5
DA:97,5
DA:101,12
DA:102,6
DA:104,10
DA:106,3
DA:107,3
DA:109,1
DA:113,3
DA:114,3
DA:118,3
DA:123,3
DA:124,3
DA:125,3
DA:129,6
DA:130,3
DA:131,3
DA:132,3
DA:133,3
DA:137,6
DA:138,3
DA:142,18
DA:143,18
DA:147,124
DA:148,124
DA:149,124
DA:150,124
DA:156,124
DA:161,238
DA:162,119
DA:163,119
DA:165,119
DA:166,0
DA:167,0
DA:170,119
DA:174,2
DA:175,1
DA:178,1
DA:179,1
DA:180,4
DA:183,1
DA:184,1
DA:185,2
DA:188,1
DA:189,1
DA:190,2
DA:192,1
DA:197,1
DA:198,1
DA:216,124
DA:219,124
DA:239,18
DA:240,18
DA:271,7
DA:272,7
DA:293,6
DA:294,6
DA:318,68
DA:324,68
DA:325,68
DA:326,68
DA:356,1
DA:357,1
DA:358,1
DA:360,1
DA:361,1
DA:363,0
DA:368,3
DA:369,3
DA:370,1
DA:372,2
DA:392,6
DA:393,6
DA:418,211
DA:420,211
DA:427,59
DA:428,94
DA:429,0
DA:431,0
DA:433,24
DA:437,138
DA:438,138
DA:440,6
DA:441,0
DA:451,138
DA:454,5
DA:455,15
DA:458,13
DA:459,13
DA:460,13
DA:461,13
DA:464,4
DA:468,14
DA:471,373
DA:473,373
DA:474,373
DA:477,3
DA:479,3
LF:128
LH:122
end_of_record
TN:
SF:/Users/aleksandrkireev/Apps/timeline-studio/src-tauri/src/video_compiler/commands.rs
FN:43,VideoCompilerState::new
FN:57,<impl Default for VideoCompilerState>::default
FN:78,compile_video
FN:139,get_render_progress
FN:154,cancel_render
FN:168,get_active_jobs
FN:195,generate_preview
FN:246,prerender_segment
FN:369,get_prerender_cache_info
FN:447,clear_prerender_cache
FN:492,get_gpu_capabilities
FN:503,get_current_gpu_info
FN:514,check_hardware_acceleration
FN:527,get_cache_stats
FN:534,clear_cache
FN:542,clear_preview_cache
FN:552,get_compiler_settings
FN:561,update_compiler_settings
FN:572,set_ffmpeg_path
FN:595,get_system_info
FN:625,get_available_memory
FN:693,extract_timeline_frames
FN:776,extract_recognition_frames
FN:835,extract_subtitle_frames
FN:867,clear_frame_cache
FN:875,check_ffmpeg_capabilities
FN:928,extract_ffmpeg_version
FN:938,extract_available_codecs
FN:954,extract_hardware_encoders
FNF:29
FNDA:23,VideoCompilerState::new
FNDA:2,<impl Default for VideoCompilerState>::default
FNDA:0,compile_video
FNDA:0,get_render_progress
FNDA:0,cancel_render
FNDA:0,get_active_jobs
FNDA:0,generate_preview
FNDA:0,prerender_segment
FNDA:4,get_prerender_cache_info
FNDA:4,clear_prerender_cache
FNDA:0,get_gpu_capabilities
FNDA:0,get_current_gpu_info
FNDA:0,check_hardware_acceleration
FNDA:0,get_cache_stats
FNDA:0,clear_cache
FNDA:0,clear_preview_cache
FNDA:0,get_compiler_settings
FNDA:0,update_compiler_settings
FNDA:0,set_ffmpeg_path
FNDA:0,get_system_info
FNDA:1,get_available_memory
FNDA:0,extract_timeline_frames
FNDA:0,extract_recognition_frames
FNDA:0,extract_subtitle_frames
FNDA:0,clear_frame_cache
FNDA:0,check_ffmpeg_capabilities
FNDA:2,extract_ffmpeg_version
FNDA:1,extract_available_codecs
FNDA:1,extract_hardware_encoders
DA:43,23
DA:44,23
DA:45,23
DA:48,23
DA:50,23
DA:57,2
DA:58,2
DA:78,0
DA:83,0
DA:86,0
DA:90,0
DA:91,0
DA:92,0
DA:93,0
DA:95,0
DA:96,0
DA:100,0
DA:101,0
DA:105,0
DA:106,0
DA:107,0
DA:109,0
DA:110,0
DA:111,0
DA:112,0
DA:113,0
DA:115,0
DA:116,0
DA:122,0
DA:123,0
DA:124,0
DA:129,0
DA:130,0
DA:134,0
DA:139,0
DA:143,0
DA:145,0
DA:146,0
DA:148,0
DA:154,0
DA:155,0
DA:157,0
DA:158,0
DA:159,0
DA:160,0
DA:162,0
DA:168,0
DA:169,0
DA:170,0
DA:172,0
DA:173,0
DA:174,0
DA:175,0
DA:176,0
DA:179,0
DA:180,0
DA:181,0
DA:182,0
DA:183,0
DA:184,0
DA:185,0
DA:186,0
DA:190,0
DA:195,0
DA:204,0
DA:207,0
DA:208,0
DA:209,0
DA:210,0
DA:211,0
DA:212,0
DA:246,0
DA:254,0
DA:257,0
DA:258,0
DA:259,0
DA:263,0
DA:264,0
DA:265,0
DA:266,0
DA:271,0
DA:277,0
DA:278,0
DA:279,0
DA:280,0
DA:281,0
DA:282,0
DA:284,0
DA:286,0
DA:287,0
DA:288,0
DA:290,0
DA:294,0
DA:299,0
DA:302,0
DA:304,0
DA:305,0
DA:306,0
DA:307,0
DA:309,0
DA:312,0
DA:314,0
DA:315,0
DA:317,0
DA:318,0
DA:319,0
DA:320,0
DA:321,0
DA:322,0
DA:323,0
DA:328,0
DA:329,0
DA:330,0
DA:332,0
DA:334,0
DA:335,0
DA:336,0
DA:337,0
DA:338,0
DA:369,4
DA:373,2
DA:374,2
DA:375,2
DA:378,4
DA:379,2
DA:380,4
DA:382,4798
DA:383,2400
DA:384,2400
DA:385,4800
DA:388,2398
DA:391,0
DA:392,0
DA:394,0
DA:395,0
DA:398,0
DA:399,0
DA:402,0
DA:408,0
DA:410,0
DA:411,0
DA:414,0
DA:417,0
DA:420,0
DA:421,0
DA:424,0
DA:425,0
DA:426,0
DA:427,0
DA:428,0
DA:429,0
DA:436,4
DA:438,2
DA:439,2
DA:440,2
DA:441,2
DA:447,4
DA:450,2
DA:451,2
DA:452,2
DA:455,4
DA:456,2
DA:457,4
DA:459,4798
DA:460,2400
DA:461,2400
DA:462,4800
DA:465,2398
DA:468,0
DA:469,0
DA:471,0
DA:472,0
DA:475,0
DA:478,0
DA:479,0
DA:485,2
DA:492,0
DA:493,0
DA:495,0
DA:497,0
DA:498,0
DA:503,0
DA:504,0
DA:506,0
DA:507,0
DA:508,0
DA:514,0
DA:515,0
DA:517,0
DA:518,0
DA:519,0
DA:527,0
DA:528,0
DA:529,0
DA:534,0
DA:535,0
DA:536,0
DA:537,0
DA:542,0
DA:543,0
DA:544,0
DA:545,0
DA:552,0
DA:555,0
DA:556,0
DA:561,0
DA:565,0
DA:566,0
DA:567,0
DA:572,0
DA:574,0
DA:577,0
DA:579,0
DA:580,0
DA:582,0
DA:584,0
DA:585,0
DA:586,0
DA:595,0
DA:596,0
DA:597,0
DA:599,0
DA:600,0
DA:601,0
DA:602,0
DA:603,0
DA:604,0
DA:605,0
DA:606,0
DA:607,0
DA:608,0
DA:625,1
DA:647,2
DA:648,1
DA:649,1
DA:662,0
DA:693,0
DA:701,0
DA:705,0
DA:711,0
DA:714,0
DA:720,0
DA:721,0
DA:725,0
DA:726,0
DA:728,0
DA:730,0
DA:734,0
DA:735,0
DA:739,0
DA:742,0
DA:743,0
DA:744,0
DA:748,0
DA:749,0
DA:750,0
DA:751,0
DA:752,0
DA:753,0
DA:755,0
DA:776,0
DA:784,0
DA:787,0
DA:788,0
DA:789,0
DA:790,0
DA:791,0
DA:794,0
DA:795,0
DA:797,0
DA:798,0
DA:799,0
DA:803,0
DA:804,0
DA:805,0
DA:806,0
DA:807,0
DA:808,0
DA:809,0
DA:810,0
DA:812,0
DA:835,0
DA:842,0
DA:843,0
DA:845,0
DA:846,0
DA:847,0
DA:851,0
DA:852,0
DA:853,0
DA:854,0
DA:855,0
DA:856,0
DA:857,0
DA:858,0
DA:859,0
DA:861,0
DA:867,0
DA:868,0
DA:869,0
DA:870,0
DA:875,0
DA:878,0
DA:881,0
DA:884,0
DA:885,0
DA:887,0
DA:888,0
DA:891,0
DA:894,0
DA:895,0
DA:897,0
DA:898,0
DA:901,0
DA:904,0
DA:905,0
DA:907,0
DA:908,0
DA:910,0
DA:911,0
DA:912,0
DA:913,0
DA:914,0
DA:928,2
DA:929,4
DA:930,2
DA:931,1
DA:934,1
DA:938,1
DA:939,1
DA:940,1
DA:942,8
DA:943,119
DA:944,4
DA:945,2
DA:950,1
DA:954,1
DA:955,1
DA:956,1
DA:957,1
DA:958,1
DA:959,1
DA:960,1
DA:961,1
DA:962,1
DA:963,1
DA:964,1
DA:965,1
DA:966,1
DA:969,4
DA:970,63
DA:971,4
DA:972,2
DA:977,1
LF:354
LH:72
end_of_record
TN:
SF:/Users/aleksandrkireev/Apps/timeline-studio/src-tauri/src/video_compiler/error.rs
FN:89,<impl Display for VideoCompilerError>::fmt
FN:191,VideoCompilerError::gpu
FN:196,VideoCompilerError::gpu_unavailable
FN:201,VideoCompilerError::io
FN:206,VideoCompilerError::is_gpu_related
FN:214,VideoCompilerError::message
FN:219,VideoCompilerError::should_fallback_to_cpu
FN:247,<impl From for VideoCompilerError>::from
FN:258,VideoCompilerError::validation
FN:263,VideoCompilerError::ffmpeg
FN:276,VideoCompilerError::media_file
FN:284,VideoCompilerError::unsupported_format
FN:292,VideoCompilerError::render
FN:305,VideoCompilerError::preview
FN:310,VideoCompilerError::resource
FN:319,VideoCompilerError::timeout
FN:327,VideoCompilerError::is_critical
FN:337,VideoCompilerError::is_retryable
FN:347,VideoCompilerError::error_code
FN:408,<impl Default for OperationMetadata>::default
FNF:20
FNDA:23,<impl Display for VideoCompilerError>::fmt
FNDA:1,VideoCompilerError::gpu
FNDA:1,VideoCompilerError::gpu_unavailable
FNDA:1,VideoCompilerError::io
FNDA:3,VideoCompilerError::is_gpu_related
FNDA:1,VideoCompilerError::message
FNDA:3,VideoCompilerError::should_fallback_to_cpu
FNDA:1,<impl From for VideoCompilerError>::from
FNDA:7,VideoCompilerError::validation
FNDA:1,VideoCompilerError::ffmpeg
FNDA:9,VideoCompilerError::media_file
FNDA:1,VideoCompilerError::unsupported_format
FNDA:5,VideoCompilerError::render
FNDA:1,VideoCompilerError::preview
FNDA:1,VideoCompilerError::resource
FNDA:1,VideoCompilerError::timeout
FNDA:8,VideoCompilerError::is_critical
FNDA:8,VideoCompilerError::is_retryable
FNDA:24,VideoCompilerError::error_code
FNDA:2,<impl Default for OperationMetadata>::default
DA:89,23
DA:90,23
DA:91,4
DA:92,4
DA:95,1
DA:96,1
DA:97,1
DA:98,1
DA:99,1
DA:100,1
DA:102,1
DA:105,1
DA:106,1
DA:108,1
DA:109,1
DA:111,1
DA:112,1
DA:114,1
DA:115,1
DA:117,1
DA:118,1
DA:119,1
DA:121,1
DA:125,2
DA:126,2
DA:127,2
DA:128,2
DA:129,2
DA:130,2
DA:132,2
DA:135,1
DA:136,1
DA:138,1
DA:139,1
DA:141,1
DA:142,1
DA:145,1
DA:146,1
DA:147,1
DA:148,1
DA:149,1
DA:150,1
DA:152,1
DA:156,1
DA:157,1
DA:158,1
DA:159,1
DA:160,1
DA:162,1
DA:165,1
DA:166,1
DA:168,1
DA:169,1
DA:171,1
DA:172,1
DA:174,1
DA:175,1
DA:177,1
DA:178,1
DA:180,1
DA:181,1
DA:191,1
DA:192,1
DA:196,1
DA:197,1
DA:201,1
DA:202,1
DA:206,3
DA:207,1
DA:208,3
DA:214,1
DA:215,1
DA:219,3
DA:220,1
DA:221,3
DA:229,1
DA:230,1
DA:235,1
DA:236,1
DA:241,0
DA:242,0
DA:247,1
DA:249,1
DA:258,7
DA:259,7
DA:263,1
DA:270,1
DA:271,1
DA:276,9
DA:278,9
DA:279,9
DA:284,1
DA:286,1
DA:287,1
DA:292,5
DA:298,5
DA:299,5
DA:300,5
DA:305,1
DA:310,1
DA:312,1
DA:313,1
DA:314,1
DA:319,1
DA:321,1
DA:327,8
DA:328,4
DA:329,8
DA:337,8
DA:338,4
DA:339,8
DA:347,24
DA:348,24
DA:349,3
DA:350,2
DA:351,2
DA:352,2
DA:353,1
DA:354,1
DA:355,1
DA:356,1
DA:357,1
DA:358,1
DA:359,1
DA:360,1
DA:361,1
DA:362,1
DA:363,1
DA:364,1
DA:365,1
DA:366,1
DA:367,1
DA:408,2
DA:411,2
DA:412,2
LF:135
LH:133
end_of_record
TN:
SF:/Users/aleksandrkireev/Apps/timeline-studio/src-tauri/src/video_compiler/ffmpeg_builder.rs
FN:29,FFmpegBuilder::new
FN:37,FFmpegBuilder::with_settings
FN:42,FFmpegBuilder::build_render_command
FN:61,FFmpegBuilder::build_preview_command
FN:95,FFmpegBuilder::build_prerender_segment_command
FN:151,FFmpegBuilder::add_input_sources
FN:199,FFmpegBuilder::collect_input_sources
FN:224,FFmpegBuilder::add_filter_complex
FN:252,FFmpegBuilder::build_filter_complex
FN:290,FFmpegBuilder::build_video_filter_chain
FN:369,FFmpegBuilder::build_audio_filter_chain
FN:531,FFmpegBuilder::build_transition_filter
FN:611,FFmpegBuilder::build_clip_filters
FN:680,FFmpegBuilder::build_effect_filter
FN:1076,FFmpegBuilder::is_audio_effect
FN:1105,FFmpegBuilder::process_ffmpeg_template
FN:1131,FFmpegBuilder::build_video_effect_filter
FN:1165,FFmpegBuilder::build_color_correction_filter
FN:1194,FFmpegBuilder::add_output_settings
FN:1256,FFmpegBuilder::add_hardware_acceleration
FN:1336,FFmpegBuilder::add_cpu_encoding
FN:1365,FFmpegBuilder::add_global_options
FN:1386,FFmpegBuilder::quality_to_crf
FN:1394,FFmpegBuilder::get_video_tracks
FN:1404,FFmpegBuilder::get_audio_tracks
FN:1414,FFmpegBuilder::find_effect
FN:1423,FFmpegBuilder::find_filter
FN:1432,FFmpegBuilder::find_clip_by_id
FN:1442,FFmpegBuilder::get_clip_input_index
FN:1456,FFmpegBuilder::find_template
FN:1465,FFmpegBuilder::find_style_template
FN:1474,FFmpegBuilder::build_filter_string
FN:1542,FFmpegBuilder::build_color_channel_mixer_filter
FN:1573,FFmpegBuilder::build_template_filter
FN:1666,FFmpegBuilder::build_style_template_filter
FN:1822,FFmpegBuilder::apply_element_animation
FN:1890,FFmpegBuilder::build_subtitle_filter
FN:1931,FFmpegBuilder::build_single_subtitle_filter
FN:2014,FFmpegBuilder::apply_subtitle_animations
FN:2031,FFmpegBuilder::apply_single_subtitle_animation
FN:2116,FFmpegBuilder::escape_subtitle_text
FN:2127,FFmpegBuilder::get_font_path
FN:2142,FFmpegBuilder::calculate_subtitle_position
FN:2185,FFmpegBuilder::calculate_slide_positions
FN:2209,FFmpegBuilder::build_segment_filter_complex
FN:2298,<impl Default for FFmpegBuilderSettings>::default
FNF:46
FNDA:33,FFmpegBuilder::new
FNDA:3,FFmpegBuilder::with_settings
FNDA:2,FFmpegBuilder::build_render_command
FNDA:1,FFmpegBuilder::build_preview_command
FNDA:0,FFmpegBuilder::build_prerender_segment_command
FNDA:4,FFmpegBuilder::add_input_sources
FNDA:6,FFmpegBuilder::collect_input_sources
FNDA:4,FFmpegBuilder::add_filter_complex
FNDA:6,FFmpegBuilder::build_filter_complex
FNDA:3,FFmpegBuilder::build_video_filter_chain
FNDA:1,FFmpegBuilder::build_audio_filter_chain
FNDA:0,FFmpegBuilder::build_transition_filter
FNDA:4,FFmpegBuilder::build_clip_filters
FNDA:30,FFmpegBuilder::build_effect_filter
FNDA:0,FFmpegBuilder::is_audio_effect
FNDA:2,FFmpegBuilder::process_ffmpeg_template
FNDA:0,FFmpegBuilder::build_video_effect_filter
FNDA:0,FFmpegBuilder::build_color_correction_filter
FNDA:4,FFmpegBuilder::add_output_settings
FNDA:4,FFmpegBuilder::add_hardware_acceleration
FNDA:1,FFmpegBuilder::add_cpu_encoding
FNDA:2,FFmpegBuilder::add_global_options
FNDA:4,FFmpegBuilder::quality_to_crf
FNDA:7,FFmpegBuilder::get_video_tracks
FNDA:7,FFmpegBuilder::get_audio_tracks
FNDA:3,FFmpegBuilder::find_effect
FNDA:0,FFmpegBuilder::find_filter
FNDA:0,FFmpegBuilder::find_clip_by_id
FNDA:0,FFmpegBuilder::get_clip_input_index
FNDA:0,FFmpegBuilder::find_template
FNDA:0,FFmpegBuilder::find_style_template
FNDA:0,FFmpegBuilder::build_filter_string
FNDA:0,FFmpegBuilder::build_color_channel_mixer_filter
FNDA:0,FFmpegBuilder::build_template_filter
FNDA:0,FFmpegBuilder::build_style_template_filter
FNDA:0,FFmpegBuilder::apply_element_animation
FNDA:0,FFmpegBuilder::build_subtitle_filter
FNDA:0,FFmpegBuilder::build_single_subtitle_filter
FNDA:0,FFmpegBuilder::apply_subtitle_animations
FNDA:0,FFmpegBuilder::apply_single_subtitle_animation
FNDA:0,FFmpegBuilder::escape_subtitle_text
FNDA:0,FFmpegBuilder::get_font_path
FNDA:0,FFmpegBuilder::calculate_subtitle_position
FNDA:0,FFmpegBuilder::calculate_slide_positions
FNDA:0,FFmpegBuilder::build_segment_filter_complex
FNDA:37,<impl Default for FFmpegBuilderSettings>::default
DA:29,33
DA:32,33
DA:37,3
DA:42,2
DA:43,1
DA:46,1
DA:49,1
DA:52,1
DA:55,1
DA:57,1
DA:61,1
DA:68,1
DA:71,1
DA:74,1
DA:77,1
DA:80,1
DA:83,1
DA:86,1
DA:89,1
DA:91,1
DA:95,0
DA:102,0
DA:105,0
DA:108,0
DA:111,0
DA:114,0
DA:115,0
DA:116,0
DA:117,0
DA:118,0
DA:119,0
DA:124,0
DA:125,0
DA:128,0
DA:129,0
DA:130,0
DA:133,0
DA:134,0
DA:137,0
DA:138,0
DA:139,0
DA:142,0
DA:145,0
DA:147,0
DA:151,4
DA:152,4
DA:157,2
DA:159,0
DA:161,0
DA:162,0
DA:164,0
DA:166,0
DA:167,0
DA:169,0
DA:171,0
DA:172,0
DA:173,0
DA:175,0
DA:177,0
DA:179,0
DA:181,0
DA:183,0
DA:190,8
DA:199,6
DA:200,3
DA:201,3
DA:203,11
DA:205,0
DA:208,12
DA:220,3
DA:224,4
DA:225,4
DA:228,2
DA:231,2
DA:232,2
DA:233,2
DA:235,2
DA:236,2
DA:237,0
DA:239,2
DA:243,0
DA:244,0
DA:252,6
DA:253,3
DA:254,3
DA:257,3
DA:258,3
DA:259,4
DA:260,2
DA:261,2
DA:262,2
DA:263,2
DA:268,3
DA:269,3
DA:270,0
DA:271,0
DA:272,0
DA:273,0
DA:274,0
DA:279,3
DA:280,0
DA:281,0
DA:282,0
DA:286,3
DA:290,3
DA:296,3
DA:297,3
DA:300,9
DA:301,3
DA:302,0
DA:309,3
DA:315,3
DA:318,3
DA:319,0
DA:320,0
DA:326,9
DA:327,6
DA:328,3
DA:329,3
DA:334,3
DA:336,0
DA:337,0
DA:339,0
DA:344,0
DA:345,0
DA:347,0
DA:354,3
DA:355,0
DA:357,0
DA:358,0
DA:360,0
DA:361,3
DA:362,3
DA:364,0
DA:369,1
DA:374,1
DA:375,1
DA:378,3
DA:379,3
DA:383,2
DA:384,1
DA:385,1
DA:386,1
DA:387,1
DA:393,0
DA:394,0
DA:397,0
DA:398,0
DA:399,0
DA:400,0
DA:402,0
DA:403,0
DA:404,0
DA:406,0
DA:407,0
DA:413,1
DA:414,0
DA:416,0
DA:417,0
DA:418,0
DA:425,1
DA:426,0
DA:428,0
DA:429,0
DA:430,0
DA:437,1
DA:438,1
DA:439,0
DA:443,0
DA:444,0
DA:449,1
DA:451,0
DA:466,1
DA:467,0
DA:471,1
DA:475,1
DA:479,0
DA:480,0
DA:483,0
DA:489,0
DA:491,0
DA:493,0
DA:494,0
DA:497,0
DA:499,0
DA:500,0
DA:501,0
DA:502,0
DA:505,0
DA:508,0
DA:512,0
DA:519,0
DA:531,0
DA:540,0
DA:543,0
DA:544,0
DA:545,0
DA:546,0
DA:547,0
DA:548,0
DA:549,0
DA:550,0
DA:551,0
DA:552,0
DA:553,0
DA:554,0
DA:555,0
DA:557,0
DA:558,0
DA:559,0
DA:560,0
DA:561,0
DA:562,0
DA:563,0
DA:564,0
DA:565,0
DA:566,0
DA:567,0
DA:573,0
DA:574,0
DA:576,0
DA:577,0
DA:578,0
DA:579,0
DA:580,0
DA:581,0
DA:584,0
DA:586,0
DA:587,0
DA:592,0
DA:593,0
DA:598,0
DA:599,0
DA:601,0
DA:604,0
DA:605,0
DA:606,0
DA:611,4
DA:617,4
DA:620,11
DA:621,4
DA:622,4
DA:623,4
DA:624,4
DA:625,4
DA:628,0
DA:632,5
DA:633,1
DA:637,6
DA:638,2
DA:639,1
DA:640,1
DA:641,1
DA:647,4
DA:648,0
DA:649,0
DA:650,0
DA:651,0
DA:656,4
DA:657,2
DA:658,2
DA:659,2
DA:661,0
DA:665,0
DA:666,0
DA:667,0
DA:669,0
DA:670,0
DA:671,0
DA:676,4
DA:680,30
DA:681,15
DA:682,1
DA:686,15
DA:690,13
DA:693,2
DA:694,2
DA:695,0
DA:701,4
DA:702,0
DA:703,2
DA:704,2
DA:705,0
DA:708,2
DA:712,4
DA:713,0
DA:714,2
DA:715,2
DA:716,0
DA:719,2
DA:723,4
DA:724,0
DA:725,2
DA:726,2
DA:727,0
DA:730,2
DA:733,2
DA:734,1
DA:735,0
DA:737,1
DA:739,0
DA:740,1
DA:742,1
DA:745,2
DA:746,1
DA:747,0
DA:749,1
DA:751,0
DA:753,0
DA:754,0
DA:755,0
DA:757,0
DA:758,0
DA:759,0
DA:761,0
DA:762,0
DA:763,0
DA:766,0
DA:768,0
DA:771,0
DA:774,0
DA:777,0
DA:779,0
DA:781,0
DA:783,0
DA:784,0
DA:787,2
DA:788,0
DA:789,1
DA:790,1
DA:791,0
DA:794,2
DA:795,0
DA:796,1
DA:799,1
DA:803,0
DA:804,0
DA:805,0
DA:806,0
DA:807,0
DA:810,0
DA:813,0
DA:815,0
DA:817,0
DA:818,0
DA:819,0
DA:821,0
DA:822,0
DA:823,0
DA:827,0
DA:828,0
DA:829,0
DA:831,0
DA:833,0
DA:834,0
DA:837,0
DA:842,0
DA:843,0
DA:848,0
DA:849,0
DA:850,0
DA:852,0
DA:855,0
DA:856,0
DA:857,0
DA:859,0
DA:862,0
DA:863,0
DA:864,0
DA:866,0
DA:869,0
DA:870,0
DA:871,0
DA:873,0
DA:874,0
DA:875,0
DA:877,0
DA:878,0
DA:879,0
DA:881,0
DA:882,0
DA:883,0
DA:887,0
DA:888,0
DA:889,0
DA:891,0
DA:892,0
DA:893,0
DA:895,0
DA:896,0
DA:897,0
DA:899,0
DA:900,0
DA:901,0
DA:903,0
DA:904,0
DA:905,0
DA:909,0
DA:910,0
DA:911,0
DA:913,0
DA:914,0
DA:915,0
DA:917,0
DA:918,0
DA:919,0
DA:921,0
DA:922,0
DA:923,0
DA:924,0
DA:928,0
DA:929,0
DA:930,0
DA:932,0
DA:933,0
DA:934,0
DA:936,0
DA:939,0
DA:940,0
DA:941,0
DA:943,0
DA:944,0
DA:945,0
DA:947,0
DA:950,0
DA:951,0
DA:952,0
DA:954,0
DA:957,0
DA:958,0
DA:959,0
DA:961,0
DA:964,0
DA:965,0
DA:966,0
DA:968,0
DA:971,0
DA:972,0
DA:973,0
DA:975,0
DA:978,0
DA:979,0
DA:980,0
DA:982,0
DA:985,0
DA:986,0
DA:987,0
DA:989,0
DA:990,0
DA:991,0
DA:993,0
DA:994,0
DA:995,0
DA:999,0
DA:1000,0
DA:1001,0
DA:1003,0
DA:1004,0
DA:1005,0
DA:1007,0
DA:1010,0
DA:1011,0
DA:1012,0
DA:1014,0
DA:1017,0
DA:1018,0
DA:1019,0
DA:1021,0
DA:1022,0
DA:1023,0
DA:1025,0
DA:1026,0
DA:1027,0
DA:1028,0
DA:1032,0
DA:1033,0
DA:1034,0
DA:1036,0
DA:1037,0
DA:1038,0
DA:1041,0
DA:1042,0
DA:1043,0
DA:1045,0
DA:1048,0
DA:1049,0
DA:1050,0
DA:1052,0
DA:1055,0
DA:1056,0
DA:1057,0
DA:1059,0
DA:1062,0
DA:1063,0
DA:1064,0
DA:1066,0
DA:1067,0
DA:1068,0
DA:1070,0
DA:1076,0
DA:1077,0
DA:1078,0
DA:1105,2
DA:1106,2
DA:1109,8
DA:1112,3
DA:1113,0
DA:1114,0
DA:1115,0
DA:1116,0
DA:1117,0
DA:1119,0
DA:1122,0
DA:1127,2
DA:1131,0
DA:1132,0
DA:1133,0
DA:1134,0
DA:1135,0
DA:1137,0
DA:1139,0
DA:1142,0
DA:1143,0
DA:1144,0
DA:1146,0
DA:1148,0
DA:1151,0
DA:1152,0
DA:1153,0
DA:1155,0
DA:1157,0
DA:1160,0
DA:1165,0
DA:1166,0
DA:1168,0
DA:1169,0
DA:1171,0
DA:1174,0
DA:1175,0
DA:1177,0
DA:1180,0
DA:1181,0
DA:1183,0
DA:1186,0
DA:1187,0
DA:1189,0
DA:1194,4
DA:1195,2
DA:1198,2
DA:1199,1
DA:1202,1
DA:1206,2
DA:1207,2
DA:1208,2
DA:1210,0
DA:1211,0
DA:1213,0
DA:1214,0
DA:1216,0
DA:1217,0
DA:1219,0
DA:1220,0
DA:1225,1
DA:1226,1
DA:1245,2
DA:1256,4
DA:1260,2
DA:1263,2
DA:1266,4
DA:1269,0
DA:1270,0
DA:1271,0
DA:1272,0
DA:1273,0
DA:1274,0
DA:1277,4
DA:1281,2
DA:1284,2
DA:1285,0
DA:1286,0
DA:1290,2
DA:1291,2
DA:1294,2
DA:1295,34
DA:1300,2
DA:1301,0
DA:1303,0
DA:1304,0
DA:1306,0
DA:1308,0
DA:1309,0
DA:1311,2
DA:1313,2
DA:1315,0
DA:1318,2
DA:1319,0
DA:1326,0
DA:1330,0
DA:1331,0
DA:1336,1
DA:1337,1
DA:1338,1
DA:1339,1
DA:1340,1
DA:1341,1
DA:1342,1
DA:1344,0
DA:1345,0
DA:1346,0
DA:1347,0
DA:1348,0
DA:1349,0
DA:1351,0
DA:1352,0
DA:1353,0
DA:1354,0
DA:1355,0
DA:1357,0
DA:1358,0
DA:1359,0
DA:1365,2
DA:1367,2
DA:1370,2
DA:1373,3
DA:1378,2
DA:1381,2
DA:1382,2
DA:1386,4
DA:1388,4
DA:1389,4
DA:1390,4
DA:1394,7
DA:1395,7
DA:1396,7
DA:1397,7
DA:1399,26
DA:1404,7
DA:1405,7
DA:1406,7
DA:1407,7
DA:1409,22
DA:1414,3
DA:1415,3
DA:1416,3
DA:1417,3
DA:1419,9
DA:1423,0
DA:1424,0
DA:1425,0
DA:1426,0
DA:1428,0
DA:1432,0
DA:1433,0
DA:1434,0
DA:1438,0
DA:1442,0
DA:1443,0
DA:1444,0
DA:1445,0
DA:1447,0
DA:1449,0
DA:1452,0
DA:1456,0
DA:1457,0
DA:1458,0
DA:1459,0
DA:1461,0
DA:1465,0
DA:1466,0
DA:1467,0
DA:1468,0
DA:1470,0
DA:1474,0
DA:1475,0
DA:1476,0
DA:1480,0
DA:1485,0
DA:1487,0
DA:1489,0
DA:1492,0
DA:1494,0
DA:1497,0
DA:1499,0
DA:1502,0
DA:1504,0
DA:1507,0
DA:1509,0
DA:1513,0
DA:1514,0
DA:1517,0
DA:1518,0
DA:1521,0
DA:1522,0
DA:1525,0
DA:1526,0
DA:1527,0
DA:1528,0
DA:1531,0
DA:1532,0
DA:1536,0
DA:1542,0
DA:1543,0
DA:1545,0
DA:1546,0
DA:1547,0
DA:1549,0
DA:1551,0
DA:1552,0
DA:1554,0
DA:1556,0
DA:1557,0
DA:1559,0
DA:1560,0
DA:1562,0
DA:1565,0
DA:1566,0
DA:1568,0
DA:1573,0
DA:1578,0
DA:1579,0
DA:1580,0
DA:1581,0
DA:1584,0
DA:1585,0
DA:1588,0
DA:1589,0
DA:1590,0
DA:1600,0
DA:1602,0
DA:1603,0
DA:1604,0
DA:1607,0
DA:1609,0
DA:1610,0
DA:1611,0
DA:1614,0
DA:1616,0
DA:1621,0
DA:1622,0
DA:1623,0
DA:1624,0
DA:1625,0
DA:1640,0
DA:1642,0
DA:1656,0
DA:1657,0
DA:1659,0
DA:1662,0
DA:1666,0
DA:1672,0
DA:1673,0
DA:1676,0
DA:1678,0
DA:1679,0
DA:1681,0
DA:1684,0
DA:1691,0
DA:1695,0
DA:1699,0
DA:1723,0
DA:1738,0
DA:1766,0
DA:1797,0
DA:1798,0
DA:1805,0
DA:1806,0
DA:1814,0
DA:1818,0
DA:1822,0
DA:1832,0
DA:1833,0
DA:1835,0
DA:1838,0
DA:1839,0
DA:1840,0
DA:1845,0
DA:1846,0
DA:1847,0
DA:1848,0
DA:1849,0
DA:1850,0
DA:1855,0
DA:1856,0
DA:1858,0
DA:1859,0
DA:1860,0
DA:1861,0
DA:1862,0
DA:1863,0
DA:1866,0
DA:1867,0
DA:1868,0
DA:1869,0
DA:1870,0
DA:1871,0
DA:1872,0
DA:1873,0
DA:1874,0
DA:1875,0
DA:1880,0
DA:1881,0
DA:1884,0
DA:1890,0
DA:1891,0
DA:1893,0
DA:1894,0
DA:1895,0
DA:1898,0
DA:1899,0
DA:1900,0
DA:1904,0
DA:1905,0
DA:1910,0
DA:1912,0
DA:1914,0
DA:1916,0
DA:1919,0
DA:1921,0
DA:1931,0
DA:1932,0
DA:1933,0
DA:1936,0
DA:1939,0
DA:1940,0
DA:1941,0
DA:1953,0
DA:1954,0
DA:1955,0
DA:1956,0
DA:1957,0
DA:1958,0
DA:1969,0
DA:1970,0
DA:1971,0
DA:1972,0
DA:1977,0
DA:1978,0
DA:1979,0
DA:1980,0
DA:1981,0
DA:1986,0
DA:1996,0
DA:1997,0
DA:1998,0
DA:1999,0
DA:2007,0
DA:2010,0
DA:2014,0
DA:2019,0
DA:2021,0
DA:2022,0
DA:2023,0
DA:2024,0
DA:2027,0
DA:2031,0
DA:2037,0
DA:2038,0
DA:2040,0
DA:2043,0
DA:2044,0
DA:2045,0
DA:2050,0
DA:2051,0
DA:2052,0
DA:2057,0
DA:2072,0
DA:2077,0
DA:2092,0
DA:2097,0
DA:2098,0
DA:2099,0
DA:2100,0
DA:2101,0
DA:2102,0
DA:2103,0
DA:2104,0
DA:2110,0
DA:2116,0
DA:2117,0
DA:2127,0
DA:2130,0
DA:2131,0
DA:2132,0
DA:2133,0
DA:2136,0
DA:2142,0
DA:2143,0
DA:2144,0
DA:2145,0
DA:2148,0
DA:2149,0
DA:2152,0
DA:2153,0
DA:2154,0
DA:2155,0
DA:2158,0
DA:2159,0
DA:2160,0
DA:2161,0
DA:2165,0
DA:2166,0
DA:2169,0
DA:2170,0
DA:2172,0
DA:2175,0
DA:2176,0
DA:2178,0
DA:2181,0
DA:2185,0
DA:2190,0
DA:2191,0
DA:2192,0
DA:2194,0
DA:2197,0
DA:2198,0
DA:2200,0
DA:2201,0
DA:2202,0
DA:2203,0
DA:2204,0
DA:2205,0
DA:2209,0
DA:2210,0
DA:2211,0
DA:2214,0
DA:2215,0
DA:2216,0
DA:2218,0
DA:2219,0
DA:2221,0
DA:2222,0
DA:2223,0
DA:2225,0
DA:2230,0
DA:2231,0
DA:2232,0
DA:2234,0
DA:2235,0
DA:2236,0
DA:2237,0
DA:2238,0
DA:2239,0
DA:2245,0
DA:2246,0
DA:2247,0
DA:2248,0
DA:2249,0
DA:2253,0
DA:2254,0
DA:2255,0
DA:2257,0
DA:2258,0
DA:2259,0
DA:2260,0
DA:2263,0
DA:2298,37
DA:2300,37
DA:2304,37
LF:958
LH:208
end_of_record
TN:
SF:/Users/aleksandrkireev/Apps/timeline-studio/src-tauri/src/video_compiler/frame_extraction.rs
FN:93,<impl Default for ExtractionSettings>::default
FN:122,FrameExtractionManager::new
FN:205,FrameExtractionManager::extract_frames_for_clip
FN:232,FrameExtractionManager::extract_frames_for_subtitles
FN:279,FrameExtractionManager::extract_frames_for_recognition
FN:318,FrameExtractionManager::get_existing_screenshots
FN:327,FrameExtractionManager::get_default_settings
FN:336,FrameExtractionManager::calculate_timestamps
FN:428,FrameExtractionManager::detect_scene_changes
FN:442,FrameExtractionManager::extract_keyframe_timestamps
FN:455,FrameExtractionManager::extract_frames_batch
FNF:11
FNDA:1,<impl Default for ExtractionSettings>::default
FNDA:5,FrameExtractionManager::new
FNDA:0,FrameExtractionManager::extract_frames_for_clip
FNDA:0,FrameExtractionManager::extract_frames_for_subtitles
FNDA:0,FrameExtractionManager::extract_frames_for_recognition
FNDA:0,FrameExtractionManager::get_existing_screenshots
FNDA:6,FrameExtractionManager::get_default_settings
FNDA:3,FrameExtractionManager::calculate_timestamps
FNDA:0,FrameExtractionManager::detect_scene_changes
FNDA:0,FrameExtractionManager::extract_keyframe_timestamps
FNDA:0,FrameExtractionManager::extract_frames_batch
DA:93,1
DA:95,1
DA:97,1
DA:122,5
DA:123,5
DA:124,5
DA:127,5
DA:128,5
DA:129,5
DA:130,5
DA:131,5
DA:132,5
DA:133,5
DA:135,5
DA:136,5
DA:137,5
DA:138,5
DA:139,5
DA:140,5
DA:141,5
DA:142,5
DA:147,5
DA:148,5
DA:149,5
DA:150,5
DA:151,5
DA:152,5
DA:153,5
DA:154,5
DA:155,5
DA:156,5
DA:157,5
DA:158,5
DA:163,5
DA:164,5
DA:165,5
DA:166,5
DA:167,5
DA:168,5
DA:169,5
DA:170,5
DA:171,5
DA:172,5
DA:173,5
DA:174,5
DA:179,5
DA:180,5
DA:181,5
DA:182,5
DA:183,5
DA:185,5
DA:186,5
DA:187,5
DA:188,5
DA:189,5
DA:190,5
DA:191,5
DA:192,5
DA:200,5
DA:205,0
DA:210,0
DA:211,0
DA:213,0
DA:214,0
DA:217,0
DA:218,0
DA:219,0
DA:220,0
DA:221,0
DA:222,0
DA:226,0
DA:227,0
DA:228,0
DA:232,0
DA:238,0
DA:239,0
DA:241,0
DA:243,0
DA:244,0
DA:245,0
DA:249,0
DA:250,0
DA:251,0
DA:255,0
DA:256,0
DA:258,0
DA:259,0
DA:260,0
DA:261,0
DA:263,0
DA:265,0
DA:266,0
DA:267,0
DA:268,0
DA:269,0
DA:270,0
DA:271,0
DA:275,0
DA:279,0
DA:285,0
DA:286,0
DA:289,0
DA:290,0
DA:292,0
DA:293,0
DA:294,0
DA:298,0
DA:299,0
DA:300,0
DA:304,0
DA:305,0
DA:306,0
DA:307,0
DA:308,0
DA:309,0
DA:310,0
DA:311,0
DA:313,0
DA:318,0
DA:319,0
DA:323,0
DA:327,6
DA:328,6
DA:329,6
DA:330,6
DA:336,3
DA:344,3
DA:346,6
DA:347,2
DA:348,2
DA:349,2
DA:351,136
DA:352,67
DA:353,67
DA:362,0
DA:367,0
DA:371,1
DA:372,1
DA:373,1
DA:374,1
DA:375,1
DA:378,1
DA:379,13
DA:380,6
DA:381,6
DA:385,1
DA:392,1
DA:399,7
DA:400,1
DA:403,1
DA:404,6
DA:405,5
DA:406,5
DA:410,1
DA:415,0
DA:420,4
DA:423,2
DA:428,0
DA:438,0
DA:442,0
DA:451,0
DA:455,0
DA:461,0
DA:463,0
DA:465,0
DA:466,0
DA:468,0
DA:469,0
DA:470,0
DA:471,0
DA:473,0
DA:475,0
DA:476,0
DA:477,0
DA:478,0
DA:479,0
DA:480,0
DA:481,0
DA:482,0
DA:483,0
DA:484,0
DA:487,0
DA:488,0
DA:494,0
DA:495,0
DA:496,0
DA:497,0
DA:498,0
DA:499,0
DA:500,0
DA:501,0
DA:503,0
DA:505,0
DA:506,0
DA:507,0
DA:508,0
DA:509,0
DA:510,0
DA:511,0
DA:512,0
DA:515,0
DA:516,0
DA:522,0
LF:203
LH:92
end_of_record
TN:
SF:/Users/aleksandrkireev/Apps/timeline-studio/src-tauri/src/video_compiler/gpu.rs
FN:33,GpuEncoder::h264_codec_name
FN:45,GpuEncoder::hevc_codec_name
FN:57,GpuEncoder::is_hardware
FN:89,GpuDetector::new
FN:94,GpuDetector::detect_available_encoders
FN:116,GpuDetector::check_encoder_available
FN:132,GpuDetector::get_recommended_encoder
FN:164,GpuDetector::get_gpu_capabilities
FN:178,GpuDetector::get_current_gpu_info
FNF:9
FNDA:5,GpuEncoder::h264_codec_name
FNDA:0,GpuEncoder::hevc_codec_name
FNDA:2,GpuEncoder::is_hardware
FNDA:2,GpuDetector::new
FNDA:4,GpuDetector::detect_available_encoders
FNDA:20,GpuDetector::check_encoder_available
FNDA:4,GpuDetector::get_recommended_encoder
FNDA:0,GpuDetector::get_gpu_capabilities
FNDA:0,GpuDetector::get_current_gpu_info
DA:33,5
DA:34,5
DA:35,1
DA:36,1
DA:37,1
DA:38,0
DA:39,2
DA:40,0
DA:45,0
DA:46,0
DA:47,0
DA:48,0
DA:49,0
DA:50,0
DA:51,0
DA:52,0
DA:57,2
DA:58,4
DA:89,2
DA:94,4
DA:95,2
DA:98,2
DA:99,2
DA:100,2
DA:101,2
DA:102,2
DA:103,2
DA:106,22
DA:107,12
DA:108,2
DA:112,2
DA:116,20
DA:117,20
DA:118,10
DA:120,10
DA:121,20
DA:124,10
DA:125,10
DA:127,0
DA:132,4
DA:133,4
DA:136,0
DA:141,2
DA:144,2
DA:147,2
DA:153,4
DA:154,2
DA:155,2
DA:160,0
DA:164,0
DA:165,0
DA:166,0
DA:167,0
DA:169,0
DA:170,0
DA:171,0
DA:172,0
DA:173,0
DA:178,0
DA:206,0
DA:207,0
DA:212,0
DA:213,0
DA:214,0
DA:215,0
DA:216,0
DA:217,0
DA:218,0
DA:219,0
DA:323,0
DA:325,0
DA:326,0
DA:328,0
DA:329,0
DA:331,0
DA:334,0
DA:335,0
DA:336,0
DA:337,0
DA:338,0
DA:339,0
DA:340,0
DA:341,0
DA:342,0
DA:343,0
DA:347,0
DA:357,3
DA:358,3
DA:359,0
DA:360,1
DA:361,0
DA:362,0
DA:363,2
DA:364,0
DA:369,0
DA:370,0
DA:371,0
DA:372,0
DA:373,0
DA:374,0
DA:375,0
DA:376,0
DA:379,0
DA:380,0
DA:381,0
DA:382,0
DA:383,0
DA:388,1
DA:389,2
DA:390,1
DA:391,1
DA:392,1
DA:393,2
DA:394,0
DA:395,0
DA:396,0
DA:399,1
DA:400,1
DA:401,1
DA:402,1
DA:403,1
DA:404,1
DA:405,1
DA:406,1
DA:407,1
DA:408,1
DA:409,1
DA:410,1
DA:411,1
DA:412,1
DA:413,1
DA:418,0
DA:419,0
DA:420,0
DA:421,0
DA:422,0
DA:423,0
DA:426,0
DA:427,0
DA:428,0
DA:429,0
DA:430,0
DA:431,0
DA:432,0
DA:433,0
DA:434,0
DA:439,0
DA:440,0
DA:441,0
DA:442,0
DA:443,0
DA:444,0
DA:445,0
DA:446,0
DA:447,0
DA:448,0
DA:453,2
DA:454,2
DA:455,2
DA:456,2
DA:457,2
DA:458,2
DA:459,2
DA:460,2
DA:461,2
DA:462,2
DA:467,0
DA:468,0
DA:469,0
DA:470,0
DA:471,0
DA:472,0
DA:473,0
DA:474,0
DA:475,0
DA:476,0
DA:481,3
DA:483,3
DA:487,1
DA:489,1
DA:493,0
DA:495,0
DA:499,0
DA:501,0
DA:505,2
DA:507,2
DA:511,0
DA:513,0
LF:188
LH:77
end_of_record
TN:
SF:/Users/aleksandrkireev/Apps/timeline-studio/src-tauri/src/video_compiler/mod.rs
FN:51,<impl Default for CompilerSettings>::default
FN:85,check_dependencies
FN:154,initialize
FNF:3
FNDA:32,<impl Default for CompilerSettings>::default
FNDA:8,check_dependencies
FNDA:6,initialize
DA:51,32
DA:55,32
DA:85,8
DA:87,4
DA:98,8
DA:99,4
DA:101,8
DA:104,4
DA:106,8
DA:108,4
DA:111,4
DA:112,4
DA:113,0
DA:124,0
DA:129,0
DA:135,0
DA:137,0
DA:143,0
DA:144,0
DA:145,0
DA:146,0
DA:147,0
DA:148,0
DA:149,0
DA:154,6
DA:155,3
DA:158,6
DA:166,3
DA:169,3
DA:170,0
DA:171,0
DA:172,0
DA:176,3
DA:177,0
DA:178,0
LF:35
LH:18
end_of_record
TN:
SF:/Users/aleksandrkireev/Apps/timeline-studio/src-tauri/src/video_compiler/pipeline.rs
FN:36,RenderPipeline::new
FN:59,RenderPipeline::add_default_stages
FN:69,RenderPipeline::add_stage
FN:74,RenderPipeline::execute
FN:181,RenderPipeline::update_progress
FN:192,RenderPipeline::cancel
FN:199,RenderPipeline::get_statistics
FN:225,PipelineContext::new
FN:243,PipelineContext::add_intermediate_file
FN:248,PipelineContext::get_intermediate_file
FN:253,PipelineContext::is_cancelled
FN:258,PipelineContext::ensure_temp_dir
FN:268,PipelineContext::cleanup
FN:288,PipelineStage::estimated_duration
FN:293,PipelineStage::can_skip
FN:303,ValidationStage::new
FN:310,<impl PipelineStage for ValidationStage>::process
FN:385,<impl PipelineStage for ValidationStage>::name
FN:389,<impl PipelineStage for ValidationStage>::estimated_duration
FN:399,PreprocessingStage::new
FN:406,<impl PipelineStage for PreprocessingStage>::process
FN:424,<impl PipelineStage for PreprocessingStage>::name
FN:428,<impl PipelineStage for PreprocessingStage>::estimated_duration
FN:435,PreprocessingStage::analyze_media_file
FN:506,PreprocessingStage::prepare_intermediate_files
FN:548,PreprocessingStage::check_needs_conversion
FN:565,CompositionStage::new
FN:572,<impl PipelineStage for CompositionStage>::process
FN:593,<impl PipelineStage for CompositionStage>::name
FN:597,<impl PipelineStage for CompositionStage>::estimated_duration
FN:604,CompositionStage::compose_video_tracks
FN:653,CompositionStage::build_video_composition_command
FN:707,CompositionStage::compose_audio_tracks
FN:755,CompositionStage::build_audio_composition_command
FN:817,EncodingStage::new
FN:824,<impl PipelineStage for EncodingStage>::process
FN:842,<impl PipelineStage for EncodingStage>::name
FN:846,<impl PipelineStage for EncodingStage>::estimated_duration
FN:853,EncodingStage::encode_final_video
FN:999,EncodingStage::parse_ffmpeg_progress
FN:1017,FinalizationStage::new
FN:1024,<impl PipelineStage for FinalizationStage>::process
FN:1067,<impl PipelineStage for FinalizationStage>::name
FN:1071,<impl PipelineStage for FinalizationStage>::estimated_duration
FN:1078,FinalizationStage::add_metadata
FN:1135,FinalizationStage::save_statistics
FN:1189,<impl Default for PipelineStatistics>::default
FN:1207,PipelineStatistics::total_duration
FN:1216,PipelineStatistics::add_error
FN:1221,PipelineStatistics::add_warning
FNF:50
FNDA:3,RenderPipeline::new
FNDA:6,RenderPipeline::add_default_stages
FNDA:15,RenderPipeline::add_stage
FNDA:2,RenderPipeline::execute
FNDA:6,RenderPipeline::update_progress
FNDA:2,RenderPipeline::cancel
FNDA:0,RenderPipeline::get_statistics
FNDA:6,PipelineContext::new
FNDA:3,PipelineContext::add_intermediate_file
FNDA:2,PipelineContext::get_intermediate_file
FNDA:5,PipelineContext::is_cancelled
FNDA:4,PipelineContext::ensure_temp_dir
FNDA:2,PipelineContext::cleanup
FNDA:0,PipelineStage::estimated_duration
FNDA:1,PipelineStage::can_skip
FNDA:5,ValidationStage::new
FNDA:1,<impl PipelineStage for ValidationStage>::process
FNDA:2,<impl PipelineStage for ValidationStage>::name
FNDA:1,<impl PipelineStage for ValidationStage>::estimated_duration
FNDA:4,PreprocessingStage::new
FNDA:1,<impl PipelineStage for PreprocessingStage>::process
FNDA:1,<impl PipelineStage for PreprocessingStage>::name
FNDA:1,<impl PipelineStage for PreprocessingStage>::estimated_duration
FNDA:0,PreprocessingStage::analyze_media_file
FNDA:2,PreprocessingStage::prepare_intermediate_files
FNDA:0,PreprocessingStage::check_needs_conversion
FNDA:4,CompositionStage::new
FNDA:1,<impl PipelineStage for CompositionStage>::process
FNDA:1,<impl PipelineStage for CompositionStage>::name
FNDA:1,<impl PipelineStage for CompositionStage>::estimated_duration
FNDA:2,CompositionStage::compose_video_tracks
FNDA:0,CompositionStage::build_video_composition_command
FNDA:0,CompositionStage::compose_audio_tracks
FNDA:0,CompositionStage::build_audio_composition_command
FNDA:4,EncodingStage::new
FNDA:0,<impl PipelineStage for EncodingStage>::process
FNDA:0,<impl PipelineStage for EncodingStage>::name
FNDA:1,<impl PipelineStage for EncodingStage>::estimated_duration
FNDA:0,EncodingStage::encode_final_video
FNDA:0,EncodingStage::parse_ffmpeg_progress
FNDA:4,FinalizationStage::new
FNDA:0,<impl PipelineStage for FinalizationStage>::process
FNDA:0,<impl PipelineStage for FinalizationStage>::name
FNDA:1,<impl PipelineStage for FinalizationStage>::estimated_duration
FNDA:0,FinalizationStage::add_metadata
FNDA:0,FinalizationStage::save_statistics
FNDA:7,<impl Default for PipelineStatistics>::default
FNDA:0,PipelineStatistics::total_duration
FNDA:1,PipelineStatistics::add_error
FNDA:1,PipelineStatistics::add_warning
DA:36,3
DA:42,3
DA:46,3
DA:53,3
DA:55,3
DA:59,6
DA:60,3
DA:61,3
DA:62,3
DA:63,3
DA:64,3
DA:65,3
DA:69,15
DA:70,15
DA:74,2
DA:75,1
DA:76,1
DA:77,1
DA:78,1
DA:79,1
DA:80,1
DA:83,1
DA:85,1
DA:86,1
DA:88,6
DA:89,3
DA:90,3
DA:92,3
DA:93,0
DA:100,3
DA:101,0
DA:102,0
DA:103,0
DA:104,0
DA:105,0
DA:110,3
DA:111,3
DA:115,0
DA:120,3
DA:122,3
DA:124,2
DA:125,2
DA:126,0
DA:127,0
DA:128,0
DA:135,1
DA:136,1
DA:137,0
DA:139,0
DA:140,0
DA:143,0
DA:144,0
DA:146,0
DA:149,0
DA:150,0
DA:153,1
DA:154,1
DA:155,1
DA:156,1
DA:163,0
DA:166,0
DA:167,0
DA:170,0
DA:171,0
DA:172,0
DA:173,0
DA:174,0
DA:177,0
DA:181,6
DA:182,3
DA:183,3
DA:185,3
DA:186,3
DA:187,3
DA:188,3
DA:192,2
DA:193,1
DA:194,1
DA:195,1
DA:199,0
DA:200,0
DA:225,6
DA:226,6
DA:229,6
DA:235,6
DA:237,6
DA:238,6
DA:243,3
DA:244,3
DA:248,2
DA:249,2
DA:253,5
DA:254,5
DA:258,4
DA:259,2
DA:260,1
DA:261,1
DA:262,2
DA:264,2
DA:268,2
DA:269,1
DA:270,1
DA:271,1
DA:272,2
DA:274,1
DA:288,0
DA:289,0
DA:293,1
DA:294,1
DA:303,5
DA:304,5
DA:310,1
DA:311,1
DA:314,1
DA:315,1
DA:317,1
DA:320,1
DA:321,0
DA:324,0
DA:325,0
DA:326,0
DA:331,0
DA:332,0
DA:334,0
DA:337,0
DA:339,0
DA:345,0
DA:348,0
DA:352,0
DA:353,0
DA:354,0
DA:355,0
DA:360,0
DA:361,0
DA:362,0
DA:363,0
DA:367,0
DA:368,0
DA:369,0
DA:370,0
DA:371,0
DA:378,1
DA:380,1
DA:381,1
DA:385,2
DA:386,2
DA:389,1
DA:390,1
DA:399,4
DA:400,4
DA:406,1
DA:407,1
DA:410,1
DA:411,0
DA:412,0
DA:417,1
DA:419,1
DA:420,1
DA:424,1
DA:425,1
DA:428,1
DA:429,1
DA:435,0
DA:439,0
DA:440,0
DA:441,0
DA:442,0
DA:447,0
DA:448,0
DA:449,0
DA:450,0
DA:451,0
DA:452,0
DA:453,0
DA:454,0
DA:455,0
DA:456,0
DA:457,0
DA:460,0
DA:461,0
DA:462,0
DA:463,0
DA:464,0
DA:465,0
DA:470,0
DA:471,0
DA:472,0
DA:473,0
DA:478,0
DA:479,0
DA:480,0
DA:481,0
DA:482,0
DA:487,0
DA:488,0
DA:490,0
DA:491,0
DA:492,0
DA:493,0
DA:494,0
DA:495,0
DA:501,0
DA:506,2
DA:507,1
DA:510,1
DA:512,1
DA:513,0
DA:515,0
DA:517,0
DA:518,0
DA:524,1
DA:534,0
DA:538,1
DA:539,1
DA:541,1
DA:542,1
DA:544,1
DA:548,0
DA:551,0
DA:554,0
DA:556,0
DA:565,4
DA:566,4
DA:572,1
DA:573,1
DA:576,1
DA:577,0
DA:578,0
DA:583,2
DA:586,0
DA:588,0
DA:589,0
DA:593,1
DA:594,1
DA:597,1
DA:598,1
DA:604,2
DA:607,1
DA:608,1
DA:609,1
DA:611,2
DA:614,1
DA:615,1
DA:616,1
DA:620,0
DA:623,0
DA:626,0
DA:627,0
DA:631,0
DA:632,0
DA:633,0
DA:634,0
DA:635,0
DA:640,0
DA:641,0
DA:642,0
DA:643,0
DA:644,0
DA:648,0
DA:649,0
DA:653,0
DA:658,0
DA:661,0
DA:662,0
DA:663,0
DA:673,0
DA:674,0
DA:675,0
DA:676,0
DA:677,0
DA:681,0
DA:684,0
DA:698,0
DA:702,0
DA:703,0
DA:707,0
DA:710,0
DA:711,0
DA:712,0
DA:714,0
DA:717,0
DA:718,0
DA:719,0
DA:722,0
DA:725,0
DA:728,0
DA:729,0
DA:733,0
DA:734,0
DA:735,0
DA:736,0
DA:737,0
DA:742,0
DA:743,0
DA:744,0
DA:745,0
DA:746,0
DA:750,0
DA:751,0
DA:755,0
DA:760,0
DA:763,0
DA:764,0
DA:765,0
DA:775,0
DA:776,0
DA:777,0
DA:778,0
DA:779,0
DA:783,0
DA:786,0
DA:803,0
DA:807,0
DA:808,0
DA:817,4
DA:818,4
DA:824,0
DA:825,0
DA:828,0
DA:829,0
DA:830,0
DA:835,0
DA:837,0
DA:838,0
DA:842,0
DA:843,0
DA:846,1
DA:847,1
DA:853,0
DA:857,0
DA:860,0
DA:863,0
DA:867,0
DA:869,0
DA:870,0
DA:871,0
DA:872,0
DA:873,0
DA:889,0
DA:900,0
DA:931,0
DA:934,0
DA:938,0
DA:939,0
DA:940,0
DA:941,0
DA:942,0
DA:947,0
DA:951,0
DA:953,0
DA:954,0
DA:956,0
DA:960,0
DA:961,0
DA:962,0
DA:969,0
DA:970,0
DA:971,0
DA:972,0
DA:973,0
DA:978,0
DA:979,0
DA:980,0
DA:981,0
DA:986,0
DA:987,0
DA:988,0
DA:989,0
DA:990,0
DA:994,0
DA:995,0
DA:999,0
DA:1001,0
DA:1002,0
DA:1003,0
DA:1005,0
DA:1017,4
DA:1018,4
DA:1024,0
DA:1025,0
DA:1028,0
DA:1029,0
DA:1030,0
DA:1031,0
DA:1032,0
DA:1037,0
DA:1038,0
DA:1039,0
DA:1042,0
DA:1043,0
DA:1044,0
DA:1045,0
DA:1049,0
DA:1052,0
DA:1055,0
DA:1056,0
DA:1057,0
DA:1059,0
DA:1062,0
DA:1063,0
DA:1067,0
DA:1068,0
DA:1071,1
DA:1072,1
DA:1078,0
DA:1082,0
DA:1083,0
DA:1084,0
DA:1085,0
DA:1087,0
DA:1089,0
DA:1091,0
DA:1093,0
DA:1097,0
DA:1099,0
DA:1101,0
DA:1103,0
DA:1105,0
DA:1108,0
DA:1109,0
DA:1111,0
DA:1112,0
DA:1113,0
DA:1114,0
DA:1115,0
DA:1116,0
DA:1122,0
DA:1123,0
DA:1124,0
DA:1126,0
DA:1128,0
DA:1131,0
DA:1135,0
DA:1136,0
DA:1138,0
DA:1139,0
DA:1140,0
DA:1141,0
DA:1142,0
DA:1143,0
DA:1144,0
DA:1145,0
DA:1146,0
DA:1147,0
DA:1150,0
DA:1151,0
DA:1156,0
DA:1157,0
DA:1160,0
DA:1189,7
DA:1190,7
DA:1207,0
DA:1208,0
DA:1211,0
DA:1216,1
DA:1217,1
DA:1221,1
DA:1222,1
LF:458
LH:147
end_of_record
TN:
SF:/Users/aleksandrkireev/Apps/timeline-studio/src-tauri/src/video_compiler/preview.rs
FN:32,PreviewGenerator::new
FN:41,PreviewGenerator::with_settings
FN:50,PreviewGenerator::set_ffmpeg_path
FN:55,PreviewGenerator::generate_preview
FN:102,PreviewGenerator::generate_preview_batch_for_file
FN:152,PreviewGenerator::generate_preview_batch
FN:208,PreviewGenerator::generate_timeline_previews
FN:240,PreviewGenerator::clear_cache_for_file
FN:247,PreviewGenerator::get_video_info
FN:273,PreviewGenerator::generate_preview_internal
FN:378,PreviewGenerator::validate_input
FN:407,PreviewGenerator::create_temp_output_path
FN:423,PreviewGenerator::get_file_extension
FN:432,PreviewGenerator::quality_to_qscale
FN:440,PreviewGenerator::parse_video_info
FN:512,<impl Default for PreviewSettings>::default
FN:595,parse_duration
FN:608,extract_resolution
FN:618,extract_fps
FN:626,extract_video_codec
FN:639,extract_audio_codec
FN:652,extract_bitrate
FNF:22
FNDA:10,PreviewGenerator::new
FNDA:3,PreviewGenerator::with_settings
FNDA:0,PreviewGenerator::set_ffmpeg_path
FNDA:6,PreviewGenerator::generate_preview
FNDA:0,PreviewGenerator::generate_preview_batch_for_file
FNDA:0,PreviewGenerator::generate_preview_batch
FNDA:1,PreviewGenerator::generate_timeline_previews
FNDA:0,PreviewGenerator::clear_cache_for_file
FNDA:0,PreviewGenerator::get_video_info
FNDA:0,PreviewGenerator::generate_preview_internal
FNDA:8,PreviewGenerator::validate_input
FNDA:2,PreviewGenerator::create_temp_output_path
FNDA:4,PreviewGenerator::get_file_extension
FNDA:3,PreviewGenerator::quality_to_qscale
FNDA:1,PreviewGenerator::parse_video_info
FNDA:12,<impl Default for PreviewSettings>::default
FNDA:5,parse_duration
FNDA:4,extract_resolution
FNDA:4,extract_fps
FNDA:4,extract_video_codec
FNDA:4,extract_audio_codec
FNDA:4,extract_bitrate
DA:32,10
DA:35,10
DA:36,10
DA:41,3
DA:45,3
DA:50,0
DA:51,0
DA:55,6
DA:62,6
DA:63,6
DA:67,6
DA:68,6
DA:69,6
DA:70,6
DA:75,12
DA:76,6
DA:77,0
DA:82,6
DA:85,12
DA:88,0
DA:89,0
DA:90,0
DA:94,0
DA:95,0
DA:98,0
DA:102,0
DA:109,0
DA:110,0
DA:112,0
DA:113,0
DA:116,0
DA:117,0
DA:118,0
DA:119,0
DA:120,0
DA:122,0
DA:123,0
DA:124,0
DA:125,0
DA:126,0
DA:129,0
DA:130,0
DA:131,0
DA:132,0
DA:135,0
DA:139,0
DA:140,0
DA:141,0
DA:142,0
DA:143,0
DA:148,0
DA:152,0
DA:156,0
DA:157,0
DA:160,0
DA:161,0
DA:162,0
DA:163,0
DA:165,0
DA:166,0
DA:167,0
DA:168,0
DA:169,0
DA:172,0
DA:173,0
DA:174,0
DA:175,0
DA:177,0
DA:178,0
DA:179,0
DA:180,0
DA:181,0
DA:183,0
DA:184,0
DA:185,0
DA:186,0
DA:191,0
DA:195,0
DA:196,0
DA:197,0
DA:198,0
DA:199,0
DA:204,0
DA:208,1
DA:214,1
DA:215,1
DA:217,7
DA:218,12
DA:220,6
DA:221,6
DA:222,6
DA:223,6
DA:225,6
DA:236,1
DA:240,0
DA:241,0
DA:242,0
DA:243,0
DA:247,0
DA:248,0
DA:249,0
DA:250,0
DA:251,0
DA:252,0
DA:253,0
DA:254,0
DA:255,0
DA:257,0
DA:258,0
DA:260,0
DA:261,0
DA:262,0
DA:263,0
DA:264,0
DA:268,0
DA:269,0
DA:273,0
DA:280,0
DA:301,0
DA:302,0
DA:304,0
DA:305,0
DA:307,0
DA:308,0
DA:316,0
DA:318,0
DA:319,0
DA:320,0
DA:321,0
DA:322,0
DA:324,0
DA:325,0
DA:326,0
DA:327,0
DA:328,0
DA:329,0
DA:331,0
DA:334,0
DA:338,0
DA:340,0
DA:341,0
DA:342,0
DA:344,0
DA:345,0
DA:347,0
DA:348,0
DA:349,0
DA:351,0
DA:358,0
DA:359,0
DA:360,0
DA:361,0
DA:366,0
DA:367,0
DA:369,0
DA:370,0
DA:374,0
DA:378,8
DA:379,8
DA:380,8
DA:381,8
DA:382,8
DA:386,0
DA:387,0
DA:388,0
DA:393,0
DA:396,0
DA:397,0
DA:398,0
DA:403,0
DA:407,2
DA:408,1
DA:409,1
DA:411,1
DA:412,1
DA:413,1
DA:414,1
DA:415,1
DA:416,1
DA:419,1
DA:423,4
DA:424,4
DA:425,2
DA:426,1
DA:427,1
DA:432,3
DA:434,3
DA:435,3
DA:436,3
DA:440,1
DA:441,1
DA:443,6
DA:446,2
DA:447,1
DA:454,1
DA:456,2
DA:461,2
DA:466,2
DA:472,1
DA:473,2
DA:480,2
DA:486,1
DA:512,12
DA:514,12
DA:517,12
DA:519,12
DA:595,5
DA:596,5
DA:597,5
DA:598,4
DA:599,4
DA:600,4
DA:601,4
DA:603,1
DA:608,4
DA:610,8
DA:611,4
DA:612,6
DA:613,6
DA:618,4
DA:620,8
DA:621,4
DA:622,3
DA:626,4
DA:628,7
DA:634,1
DA:639,4
DA:641,7
DA:647,1
DA:652,4
DA:654,8
DA:655,4
DA:656,6
LF:233
LH:95
end_of_record
TN:
SF:/Users/aleksandrkireev/Apps/timeline-studio/src-tauri/src/video_compiler/progress.rs
FN:27,ProgressTracker::new
FN:36,ProgressTracker::create_job
FN:59,ProgressTracker::update_progress
FN:95,ProgressTracker::complete_job
FN:126,ProgressTracker::fail_job
FN:153,ProgressTracker::cancel_job
FN:178,ProgressTracker::get_job
FN:184,ProgressTracker::get_active_jobs
FN:190,ProgressTracker::parse_ffmpeg_progress
FN:201,ProgressTracker::parse_progress_line
FN:312,RenderJob::new
FN:330,RenderJob::start
FN:346,RenderJob::update_progress
FN:367,RenderJob::complete
FN:385,RenderJob::fail
FN:402,RenderJob::cancel
FN:418,RenderJob::get_progress
FN:449,RenderJob::get_elapsed_time
FN:535,<impl Default for ProgressSettings>::default
FN:564,parse_size
FN:578,parse_time
FN:593,parse_bitrate
FNF:22
FNDA:12,ProgressTracker::new
FNDA:4,ProgressTracker::create_job
FNDA:4,ProgressTracker::update_progress
FNDA:2,ProgressTracker::complete_job
FNDA:4,ProgressTracker::fail_job
FNDA:2,ProgressTracker::cancel_job
FNDA:0,ProgressTracker::get_job
FNDA:12,ProgressTracker::get_active_jobs
FNDA:1,ProgressTracker::parse_ffmpeg_progress
FNDA:1,ProgressTracker::parse_progress_line
FNDA:5,RenderJob::new
FNDA:2,RenderJob::start
FNDA:5,RenderJob::update_progress
FNDA:2,RenderJob::complete
FNDA:2,RenderJob::fail
FNDA:1,RenderJob::cancel
FNDA:2,RenderJob::get_progress
FNDA:5,RenderJob::get_elapsed_time
FNDA:12,<impl Default for ProgressSettings>::default
FNDA:5,parse_size
FNDA:3,parse_time
FNDA:4,parse_bitrate
DA:27,12
DA:29,12
DA:31,12
DA:36,4
DA:42,4
DA:43,4
DA:45,8
DA:46,4
DA:50,4
DA:52,4
DA:54,4
DA:55,4
DA:59,4
DA:66,8
DA:68,8
DA:69,3
DA:73,1
DA:74,1
DA:76,1
DA:78,1
DA:79,0
DA:80,0
DA:81,0
DA:84,0
DA:85,0
DA:86,0
DA:87,0
DA:95,2
DA:96,2
DA:98,2
DA:99,0
DA:103,1
DA:105,1
DA:107,1
DA:109,1
DA:110,0
DA:111,0
DA:112,0
DA:115,0
DA:116,0
DA:117,0
DA:118,0
DA:126,4
DA:127,4
DA:129,4
DA:130,0
DA:134,2
DA:135,2
DA:136,2
DA:138,2
DA:140,2
DA:142,0
DA:143,0
DA:144,0
DA:145,0
DA:153,2
DA:154,2
DA:156,2
DA:157,0
DA:161,1
DA:163,1
DA:165,1
DA:167,0
DA:168,0
DA:169,0
DA:170,0
DA:178,0
DA:179,0
DA:180,0
DA:184,12
DA:185,12
DA:190,1
DA:192,2
DA:193,1
DA:194,1
DA:197,0
DA:201,1
DA:202,1
DA:209,2
DA:212,1
DA:218,2
DA:221,1
DA:227,2
DA:230,1
DA:236,2
DA:239,1
DA:245,2
DA:248,1
DA:254,2
DA:257,1
DA:261,0
DA:266,2
DA:269,0
DA:272,1
DA:277,1
DA:312,5
DA:320,5
DA:321,5
DA:330,2
DA:331,2
DA:332,0
DA:333,0
DA:334,0
DA:335,0
DA:339,2
DA:340,2
DA:341,2
DA:342,2
DA:346,5
DA:352,5
DA:353,3
DA:354,3
DA:355,3
DA:356,3
DA:360,2
DA:361,2
DA:362,2
DA:363,2
DA:367,2
DA:368,2
DA:369,0
DA:370,0
DA:371,0
DA:372,0
DA:376,2
DA:377,2
DA:378,2
DA:379,2
DA:380,2
DA:381,2
DA:385,2
DA:386,2
DA:387,0
DA:388,0
DA:389,0
DA:390,0
DA:394,2
DA:395,2
DA:396,2
DA:397,2
DA:398,2
DA:402,1
DA:403,2
DA:404,0
DA:405,0
DA:406,0
DA:407,0
DA:411,1
DA:412,1
DA:413,1
DA:414,1
DA:418,2
DA:419,4
DA:420,2
DA:422,0
DA:425,2
DA:426,6
DA:427,2
DA:428,2
DA:429,2
DA:432,0
DA:436,2
DA:437,2
DA:439,2
DA:440,2
DA:443,2
DA:444,2
DA:449,5
DA:450,5
DA:451,5
DA:452,5
DA:453,5
DA:454,5
DA:535,12
DA:537,12
DA:539,12
DA:564,5
DA:565,5
DA:566,7
DA:568,4
DA:570,3
DA:573,1
DA:578,3
DA:579,3
DA:580,3
DA:581,3
DA:582,3
DA:583,3
DA:585,3
DA:586,3
DA:588,0
DA:593,4
DA:594,4
DA:595,6
DA:597,3
DA:600,1
LF:196
LH:146
end_of_record
TN:
SF:/Users/aleksandrkireev/Apps/timeline-studio/src-tauri/src/video_compiler/renderer.rs
FN:36,VideoRenderer::new
FN:58,VideoRenderer::render
FN:110,VideoRenderer::create_render_job
FN:124,VideoRenderer::estimate_total_frames
FN:131,VideoRenderer::render_internal
FN:166,VideoRenderer::cancel
FN:176,VideoRenderer::get_progress
FN:196,<impl Default for RenderSettings>::default
FNF:8
FNDA:7,VideoRenderer::new
FNDA:2,VideoRenderer::render
FNDA:2,VideoRenderer::create_render_job
FNDA:2,VideoRenderer::estimate_total_frames
FNDA:1,VideoRenderer::render_internal
FNDA:4,VideoRenderer::cancel
FNDA:4,VideoRenderer::get_progress
FNDA:1,<impl Default for RenderSettings>::default
DA:36,7
DA:43,9
DA:45,5
DA:46,5
DA:48,5
DA:49,5
DA:50,5
DA:51,5
DA:52,5
DA:53,5
DA:58,2
DA:59,2
DA:70,1
DA:71,2
DA:72,1
DA:73,1
DA:74,1
DA:75,1
DA:76,1
DA:77,1
DA:79,1
DA:81,1
DA:82,0
DA:83,0
DA:84,0
DA:85,0
DA:87,1
DA:88,1
DA:89,1
DA:90,1
DA:91,0
DA:92,0
DA:94,1
DA:95,0
DA:96,0
DA:99,1
DA:100,1
DA:101,1
DA:110,2
DA:111,1
DA:113,1
DA:114,1
DA:116,1
DA:117,1
DA:118,1
DA:120,1
DA:124,2
DA:125,2
DA:126,2
DA:127,2
DA:131,1
DA:139,1
DA:140,0
DA:147,1
DA:148,1
DA:149,1
DA:150,1
DA:152,1
DA:158,1
DA:160,0
DA:166,4
DA:168,4
DA:169,2
DA:170,0
DA:172,2
DA:176,4
DA:177,4
DA:178,0
DA:196,1
DA:200,1
LF:70
LH:58
end_of_record
TN:
SF:/Users/aleksandrkireev/Apps/timeline-studio/src-tauri/src/video_compiler/schema.rs
FN:40,ProjectSchema::new
FN:63,ProjectSchema::validate
FN:104,ProjectSchema::get_duration
FN:114,ProjectSchema::touch
FN:150,<impl Default for Timeline>::default
FN:197,Track::new
FN:212,Track::validate
FN:229,Track::add_clip
FN:293,Clip::new
FN:314,Clip::validate
FN:347,Clip::get_timeline_duration
FN:352,Clip::get_source_duration
FN:407,Effect::new
FN:632,Filter::new
FN:704,Template::new
FN:805,StyleTemplate::new
FN:1408,<impl Default for ExportSettings>::default
FN:1447,<impl Default for PreviewSettings>::default
FN:1488,Subtitle::new
FN:1502,Subtitle::validate
FN:1519,Subtitle::get_duration
FN:1540,<impl Default for SubtitlePosition>::default
FN:1587,<impl Default for SubtitleMargin>::default
FN:1637,<impl Default for SubtitleStyle>::default
FN:1691,<impl Default for SubtitlePadding>::default
FN:1722,SubtitleAnimation::new
FNF:26
FNDA:52,ProjectSchema::new
FNDA:15,ProjectSchema::validate
FNDA:7,ProjectSchema::get_duration
FNDA:0,ProjectSchema::touch
FNDA:52,<impl Default for Timeline>::default
FNDA:28,Track::new
FNDA:4,Track::validate
FNDA:0,Track::add_clip
FNDA:27,Clip::new
FNDA:4,Clip::validate
FNDA:1,Clip::get_timeline_duration
FNDA:13,Clip::get_source_duration
FNDA:18,Effect::new
FNDA:0,Filter::new
FNDA:0,Template::new
FNDA:0,StyleTemplate::new
FNDA:52,<impl Default for ExportSettings>::default
FNDA:52,<impl Default for PreviewSettings>::default
FNDA:2,Subtitle::new
FNDA:4,Subtitle::validate
FNDA:1,Subtitle::get_duration
FNDA:3,<impl Default for SubtitlePosition>::default
FNDA:3,<impl Default for SubtitleMargin>::default
FNDA:3,<impl Default for SubtitleStyle>::default
FNDA:3,<impl Default for SubtitlePadding>::default
FNDA:1,SubtitleAnimation::new
DA:40,52
DA:42,52
DA:43,52
DA:50,52
DA:51,52
DA:52,52
DA:53,52
DA:54,52
DA:55,52
DA:56,52
DA:57,52
DA:58,52
DA:63,15
DA:65,15
DA:66,0
DA:70,15
DA:71,1
DA:74,27
DA:75,1
DA:79,17
DA:80,8
DA:84,9
DA:85,0
DA:86,0
DA:88,0
DA:90,0
DA:91,0
DA:92,0
DA:93,0
DA:94,0
DA:100,9
DA:104,7
DA:105,7
DA:106,7
DA:108,15
DA:109,15
DA:110,7
DA:114,0
DA:115,0
DA:150,52
DA:154,52
DA:197,28
DA:199,28
DA:205,28
DA:206,28
DA:207,28
DA:212,4
DA:213,4
DA:214,0
DA:217,4
DA:218,0
DA:221,8
DA:222,8
DA:225,0
DA:229,0
DA:231,0
DA:232,0
DA:233,0
DA:234,0
DA:235,0
DA:240,0
DA:241,0
DA:293,27
DA:295,27
DA:298,27
DA:304,27
DA:305,27
DA:309,27
DA:314,4
DA:315,4
DA:316,0
DA:319,4
DA:320,0
DA:323,4
DA:324,0
DA:327,4
DA:328,0
DA:331,4
DA:332,0
DA:335,4
DA:336,0
DA:339,4
DA:340,4
DA:343,0
DA:347,1
DA:348,1
DA:352,13
DA:353,13
DA:407,18
DA:409,18
DA:414,18
DA:418,18
DA:632,0
DA:634,0
DA:638,0
DA:704,0
DA:706,0
DA:710,0
DA:805,0
DA:812,0
DA:817,0
DA:1408,52
DA:1416,52
DA:1447,52
DA:1449,52
DA:1488,2
DA:1490,2
DA:1494,2
DA:1495,2
DA:1497,2
DA:1502,4
DA:1503,4
DA:1504,1
DA:1507,3
DA:1508,1
DA:1511,2
DA:1512,1
DA:1515,1
DA:1519,1
DA:1520,1
DA:1540,3
DA:1546,3
DA:1587,3
DA:1637,3
DA:1639,3
DA:1642,3
DA:1643,3
DA:1645,3
DA:1651,3
DA:1691,3
DA:1722,1
DA:1724,1
DA:1730,1
LF:133
LH:95
end_of_record
TN:
SF:/Users/aleksandrkireev/Apps/timeline-studio/src-tauri/src/video_server/server.rs
FN:31,VideoServerState::new
FN:37,VideoServerState::register_video
FN:48,create_video_router
FN:62,health_check
FN:66,stream_video
FN:125,parse_range_header
FN:141,register_video_endpoint
FN:161,start_video_server
FNF:8
FNDA:12,VideoServerState::new
FNDA:8,VideoServerState::register_video
FNDA:8,create_video_router
FNDA:6,health_check
FNDA:2,stream_video
FNDA:4,parse_range_header
FNDA:3,register_video_endpoint
FNDA:2,start_video_server
DA:31,12
DA:33,12
DA:37,8
DA:39,4
DA:41,8
DA:48,8
DA:49,8
DA:50,8
DA:51,8
DA:52,8
DA:54,8
DA:55,8
DA:56,8
DA:57,8
DA:59,8
DA:62,6
DA:63,3
DA:66,2
DA:71,4
DA:72,4
DA:74,3
DA:75,3
DA:79,0
DA:80,0
DA:81,0
DA:82,0
DA:83,0
DA:84,0
DA:85,1
DA:89,1
DA:90,1
DA:91,1
DA:96,2
DA:99,1
DA:100,1
DA:102,1
DA:103,1
DA:104,1
DA:105,1
DA:106,1
DA:107,1
DA:108,1
DA:109,1
DA:114,0
DA:116,0
DA:117,0
DA:118,0
DA:119,0
DA:120,0
DA:121,0
DA:122,0
DA:125,4
DA:126,7
DA:129,6
DA:130,3
DA:131,1
DA:133,4
DA:138,1
DA:141,3
DA:145,6
DA:149,1
DA:152,2
DA:154,1
DA:155,1
DA:156,1
DA:161,2
DA:162,1
DA:164,1
DA:165,1
DA:166,1
DA:167,0
DA:168,0
DA:171,0
DA:172,0
LF:74
LH:56
end_of_record
