TN:
SF:/Users/aleksandrkireev/Apps/timeline-studio/src-tauri/src/app_dirs.rs
FN:71,AppDirectories::get_or_create
FN:93,AppDirectories::determine_base_dir
FN:123,AppDirectories::from_base_dir
FN:144,AppDirectories::create_all_directories
FN:185,AppDirectories::create_media_subdirectories
FN:201,AppDirectories::get_media_subdirectories
FN:215,AppDirectories::get_preview_cache_dir
FN:220,AppDirectories::get_render_cache_dir
FN:225,AppDirectories::get_frame_cache_dir
FN:230,AppDirectories::get_temp_dir
FN:236,AppDirectories::verify_directories
FN:271,AppDirectories::get_directory_sizes
FN:284,AppDirectories::clear_cache_directory
FN:296,AppDirectories::clear_temp_directory
FN:314,get_dir_size
FN:334,clear_directory
FN:352,get_app_directories
FN:358,create_app_directories
FN:364,get_directory_sizes
FN:375,clear_app_cache
FNF:20
FNDA:0,AppDirectories::get_or_create
FNDA:0,AppDirectories::determine_base_dir
FNDA:0,AppDirectories::from_base_dir
FNDA:0,AppDirectories::create_all_directories
FNDA:0,AppDirectories::create_media_subdirectories
FNDA:0,AppDirectories::get_media_subdirectories
FNDA:0,AppDirectories::get_preview_cache_dir
FNDA:0,AppDirectories::get_render_cache_dir
FNDA:0,AppDirectories::get_frame_cache_dir
FNDA:0,AppDirectories::get_temp_dir
FNDA:0,AppDirectories::verify_directories
FNDA:0,AppDirectories::get_directory_sizes
FNDA:0,AppDirectories::clear_cache_directory
FNDA:0,AppDirectories::clear_temp_directory
FNDA:0,get_dir_size
FNDA:0,clear_directory
FNDA:0,get_app_directories
FNDA:0,create_app_directories
FNDA:0,get_directory_sizes
FNDA:0,clear_app_cache
DA:71,0
DA:73,0
DA:78,0
DA:84,0
DA:87,0
DA:89,0
DA:93,0
DA:97,0
DA:98,0
DA:123,0
DA:125,0
DA:126,0
DA:127,0
DA:128,0
DA:129,0
DA:130,0
DA:131,0
DA:132,0
DA:133,0
DA:134,0
DA:135,0
DA:136,0
DA:137,0
DA:138,0
DA:139,0
DA:144,0
DA:146,0
DA:149,0
DA:150,0
DA:151,0
DA:152,0
DA:153,0
DA:154,0
DA:155,0
DA:156,0
DA:157,0
DA:158,0
DA:159,0
DA:160,0
DA:161,0
DA:162,0
DA:163,0
DA:166,0
DA:167,0
DA:171,0
DA:174,0
DA:175,0
DA:176,0
DA:177,0
DA:179,0
DA:185,0
DA:186,0
DA:188,0
DA:189,0
DA:190,0
DA:191,0
DA:192,0
DA:193,0
DA:194,0
DA:195,0
DA:197,0
DA:201,0
DA:203,0
DA:204,0
DA:205,0
DA:206,0
DA:207,0
DA:208,0
DA:209,0
DA:210,0
DA:215,0
DA:216,0
DA:220,0
DA:221,0
DA:225,0
DA:226,0
DA:230,0
DA:231,0
DA:236,0
DA:237,0
DA:239,0
DA:240,0
DA:241,0
DA:242,0
DA:243,0
DA:244,0
DA:245,0
DA:246,0
DA:247,0
DA:248,0
DA:249,0
DA:250,0
DA:251,0
DA:252,0
DA:253,0
DA:254,0
DA:257,0
DA:258,0
DA:259,0
DA:263,0
DA:264,0
DA:266,0
DA:271,0
DA:272,0
DA:273,0
DA:274,0
DA:275,0
DA:276,0
DA:277,0
DA:278,0
DA:279,0
DA:284,0
DA:285,0
DA:287,0
DA:288,0
DA:289,0
DA:290,0
DA:291,0
DA:296,0
DA:297,0
DA:314,0
DA:315,0
DA:317,0
DA:318,0
DA:319,0
DA:320,0
DA:323,0
DA:325,0
DA:330,0
DA:334,0
DA:335,0
DA:336,0
DA:337,0
DA:341,0
DA:343,0
DA:347,0
DA:352,0
DA:353,0
DA:358,0
DA:359,0
DA:364,0
DA:365,0
DA:366,0
DA:370,0
DA:375,0
DA:376,0
DA:377,0
DA:381,0
LF:148
LH:0
end_of_record
TN:
SF:/Users/aleksandrkireev/Apps/timeline-studio/src-tauri/src/filesystem.rs
FN:19,file_exists
FN:28,get_file_stats
FN:60,get_platform
FN:68,search_files_by_name
FN:90,search_files_recursive
FN:143,get_absolute_path
FNF:6
FNDA:0,file_exists
FNDA:0,get_file_stats
FNDA:0,get_platform
FNDA:0,search_files_by_name
FNDA:0,search_files_recursive
FNDA:0,get_absolute_path
DA:19,0
DA:20,0
DA:21,0
DA:28,0
DA:29,0
DA:31,0
DA:32,0
DA:35,0
DA:36,0
DA:37,0
DA:40,0
DA:42,0
DA:43,0
DA:44,0
DA:52,0
DA:60,0
DA:61,0
DA:68,0
DA:73,0
DA:75,0
DA:76,0
DA:79,0
DA:80,0
DA:82,0
DA:84,0
DA:90,0
DA:97,0
DA:98,0
DA:101,0
DA:102,0
DA:103,0
DA:104,0
DA:105,0
DA:106,0
DA:108,0
DA:109,0
DA:111,0
DA:116,0
DA:119,0
DA:120,0
DA:121,0
DA:122,0
DA:123,0
DA:127,0
DA:128,0
DA:133,0
DA:136,0
DA:143,0
DA:144,0
DA:146,0
DA:147,0
DA:148,0
DA:151,0
DA:154,0
LF:54
LH:0
end_of_record
TN:
SF:/Users/aleksandrkireev/Apps/timeline-studio/src-tauri/src/language_tauri.rs
FN:21,LanguageState::new
FN:29,<impl Default for LanguageState>::default
FN:41,get_system_language
FN:60,is_supported_language
FN:66,get_app_language_tauri
FN:86,set_app_language_tauri
FNF:6
FNDA:0,LanguageState::new
FNDA:0,<impl Default for LanguageState>::default
FNDA:0,get_system_language
FNDA:0,is_supported_language
FNDA:0,get_app_language_tauri
FNDA:0,set_app_language_tauri
DA:21,0
DA:23,0
DA:29,0
DA:30,0
DA:41,0
DA:43,0
DA:44,0
DA:45,0
DA:49,0
DA:52,0
DA:53,0
DA:55,0
DA:60,0
DA:61,0
DA:66,0
DA:69,0
DA:72,0
DA:73,0
DA:75,0
DA:78,0
DA:79,0
DA:80,0
DA:86,0
DA:91,0
DA:92,0
DA:96,0
DA:97,0
DA:98,0
DA:99,0
DA:101,0
DA:102,0
DA:103,0
LF:32
LH:0
end_of_record
TN:
SF:/Users/aleksandrkireev/Apps/timeline-studio/src-tauri/src/lib.rs
FN:105,get_test_longest_video
FN:132,greet
FN:141,scan_media_folder
FN:160,scan_media_folder_with_thumbnails
FN:191,register_video
FN:211,run
FNF:6
FNDA:0,get_test_longest_video
FNDA:0,greet
FNDA:0,scan_media_folder
FNDA:0,scan_media_folder_with_thumbnails
FNDA:0,register_video
FNDA:0,run
DA:105,0
DA:107,0
DA:109,0
DA:110,0
DA:111,0
DA:112,0
DA:113,0
DA:114,0
DA:115,0
DA:116,0
DA:117,0
DA:118,0
DA:119,0
DA:122,0
DA:123,0
DA:128,0
DA:132,0
DA:133,0
DA:134,0
DA:135,0
DA:141,0
DA:148,0
DA:149,0
DA:152,0
DA:155,0
DA:156,0
DA:160,0
DA:169,0
DA:170,0
DA:173,0
DA:176,0
DA:177,0
DA:178,0
DA:179,0
DA:183,0
DA:184,0
DA:191,0
DA:197,0
DA:198,0
DA:199,0
DA:202,0
DA:204,0
DA:205,0
DA:206,0
DA:211,0
DA:213,0
DA:216,0
DA:217,0
DA:218,0
DA:219,0
DA:220,0
DA:224,0
DA:225,0
DA:231,0
DA:232,0
DA:233,0
DA:234,0
DA:235,0
DA:237,0
DA:238,0
DA:240,0
DA:246,0
DA:247,0
DA:250,0
DA:251,0
DA:255,0
DA:256,0
DA:257,0
DA:258,0
DA:259,0
DA:260,0
DA:263,0
DA:264,0
DA:265,0
DA:266,0
DA:273,0
DA:274,0
DA:275,0
DA:276,0
DA:277,0
DA:278,0
DA:280,0
DA:281,0
DA:283,0
DA:284,0
DA:285,0
DA:286,0
DA:290,0
DA:291,0
DA:292,0
DA:295,0
DA:296,0
DA:297,0
DA:298,0
DA:305,0
DA:307,0
DA:308,0
DA:309,0
DA:310,0
DA:311,0
DA:312,0
DA:313,0
DA:314,0
DA:315,0
DA:316,0
DA:317,0
DA:318,0
DA:319,0
DA:320,0
DA:321,0
DA:322,0
DA:323,0
DA:324,0
DA:325,0
DA:326,0
DA:327,0
DA:328,0
DA:329,0
DA:330,0
DA:331,0
DA:332,0
DA:333,0
DA:334,0
DA:335,0
DA:337,0
DA:338,0
DA:339,0
DA:340,0
DA:342,0
DA:344,0
DA:345,0
DA:346,0
DA:347,0
DA:348,0
DA:349,0
DA:350,0
DA:351,0
DA:352,0
DA:353,0
DA:354,0
DA:355,0
DA:356,0
DA:357,0
DA:358,0
DA:359,0
DA:360,0
DA:361,0
DA:362,0
DA:363,0
DA:364,0
DA:365,0
DA:366,0
DA:367,0
DA:368,0
DA:369,0
DA:370,0
DA:371,0
DA:372,0
DA:374,0
DA:375,0
DA:376,0
DA:377,0
DA:378,0
DA:379,0
DA:380,0
DA:381,0
DA:382,0
DA:383,0
DA:384,0
DA:386,0
DA:388,0
DA:389,0
DA:390,0
DA:391,0
DA:392,0
DA:394,0
DA:395,0
DA:396,0
DA:397,0
DA:398,0
DA:399,0
DA:400,0
DA:401,0
DA:402,0
DA:403,0
DA:405,0
DA:406,0
DA:407,0
DA:408,0
DA:409,0
DA:410,0
DA:411,0
DA:412,0
DA:413,0
DA:414,0
DA:415,0
DA:417,0
DA:418,0
DA:419,0
DA:420,0
DA:421,0
DA:422,0
DA:423,0
DA:424,0
DA:425,0
DA:426,0
DA:427,0
DA:429,0
LF:208
LH:0
end_of_record
TN:
SF:/Users/aleksandrkireev/Apps/timeline-studio/src-tauri/src/media/commands.rs
FN:17,get_media_preview_data
FN:26,generate_media_thumbnail
FN:45,clear_media_preview_data
FN:58,get_files_with_previews
FN:66,save_preview_data
FN:80,load_preview_data
FN:94,save_timeline_frames
FN:108,get_timeline_frames
FN:121,generate_timeline_previews
FN:139,extract_recognition_frames
FN:190,process_media_file_simple
FNF:11
FNDA:0,get_media_preview_data
FNDA:0,generate_media_thumbnail
FNDA:0,clear_media_preview_data
FNDA:0,get_files_with_previews
FNDA:0,save_preview_data
FNDA:0,load_preview_data
FNDA:0,save_timeline_frames
FNDA:0,get_timeline_frames
FNDA:0,generate_timeline_previews
FNDA:0,extract_recognition_frames
FNDA:0,process_media_file_simple
DA:17,0
DA:21,0
DA:26,0
DA:34,0
DA:35,0
DA:36,0
DA:37,0
DA:38,0
DA:39,0
DA:40,0
DA:45,0
DA:49,0
DA:50,0
DA:51,0
DA:52,0
DA:53,0
DA:58,0
DA:61,0
DA:66,0
DA:70,0
DA:71,0
DA:72,0
DA:73,0
DA:74,0
DA:75,0
DA:80,0
DA:84,0
DA:85,0
DA:86,0
DA:87,0
DA:88,0
DA:89,0
DA:94,0
DA:99,0
DA:100,0
DA:101,0
DA:102,0
DA:103,0
DA:108,0
DA:112,0
DA:113,0
DA:114,0
DA:115,0
DA:116,0
DA:121,0
DA:128,0
DA:129,0
DA:130,0
DA:131,0
DA:132,0
DA:133,0
DA:134,0
DA:139,0
DA:145,0
DA:146,0
DA:147,0
DA:148,0
DA:149,0
DA:150,0
DA:151,0
DA:190,0
DA:196,0
DA:199,0
DA:200,0
DA:204,0
DA:206,0
DA:210,0
DA:213,0
DA:214,0
DA:217,0
DA:220,0
DA:221,0
DA:223,0
DA:224,0
DA:226,0
DA:227,0
DA:229,0
DA:230,0
DA:232,0
DA:233,0
DA:234,0
DA:235,0
DA:236,0
DA:237,0
DA:238,0
DA:240,0
DA:242,0
DA:245,0
DA:248,0
DA:256,0
DA:257,0
DA:259,0
DA:260,0
DA:261,0
DA:262,0
DA:263,0
DA:264,0
DA:279,0
DA:280,0
DA:281,0
DA:286,0
DA:287,0
DA:288,0
DA:289,0
DA:293,0
DA:295,0
DA:298,0
DA:299,0
DA:300,0
DA:301,0
DA:302,0
DA:303,0
DA:304,0
DA:305,0
LF:114
LH:0
end_of_record
TN:
SF:/Users/aleksandrkireev/Apps/timeline-studio/src-tauri/src/media/ffmpeg.rs
FN:6,check_ffmpeg
FN:16,extract_frame
FNF:2
FNDA:0,check_ffmpeg
FNDA:0,extract_frame
DA:6,0
DA:7,0
DA:9,0
DA:10,0
DA:11,0
DA:16,0
DA:17,0
DA:19,0
DA:20,0
DA:21,0
DA:22,0
DA:23,0
DA:24,0
DA:25,0
DA:26,0
DA:27,0
DA:28,0
DA:29,0
DA:30,0
DA:33,0
DA:35,0
DA:36,0
DA:38,0
DA:39,0
LF:24
LH:0
end_of_record
TN:
SF:/Users/aleksandrkireev/Apps/timeline-studio/src-tauri/src/media/files.rs
FN:9,get_media_files
FN:42,is_media_file
FNF:2
FNDA:0,get_media_files
FNDA:0,is_media_file
DA:9,0
DA:10,0
DA:12,0
DA:13,0
DA:16,0
DA:20,0
DA:25,0
DA:29,0
DA:42,0
DA:43,0
DA:47,0
LF:11
LH:0
end_of_record
TN:
SF:/Users/aleksandrkireev/Apps/timeline-studio/src-tauri/src/media/metadata.rs
FN:17,get_media_metadata
FN:135,parse_format_data
FN:161,parse_stream_data
FN:229,extract_creation_time
FN:240,generate_iso8601_timestamp
FN:253,extract_metadata
FNF:6
FNDA:0,get_media_metadata
FNDA:0,parse_format_data
FNDA:0,parse_stream_data
FNDA:0,extract_creation_time
FNDA:0,generate_iso8601_timestamp
FNDA:0,extract_metadata
DA:17,0
DA:19,0
DA:22,0
DA:23,0
DA:27,0
DA:28,0
DA:29,0
DA:30,0
DA:31,0
DA:32,0
DA:33,0
DA:34,0
DA:35,0
DA:38,0
DA:40,0
DA:41,0
DA:44,0
DA:45,0
DA:50,0
DA:72,0
DA:77,0
DA:82,0
DA:83,0
DA:84,0
DA:85,0
DA:86,0
DA:88,0
DA:89,0
DA:90,0
DA:97,0
DA:98,0
DA:135,0
DA:139,0
DA:140,0
DA:141,0
DA:142,0
DA:144,0
DA:145,0
DA:146,0
DA:147,0
DA:149,0
DA:150,0
DA:151,0
DA:152,0
DA:154,0
DA:155,0
DA:156,0
DA:157,0
DA:161,0
DA:162,0
DA:164,0
DA:165,0
DA:166,0
DA:168,0
DA:170,0
DA:174,0
DA:176,0
DA:177,0
DA:179,0
DA:181,0
DA:182,0
DA:184,0
DA:186,0
DA:187,0
DA:189,0
DA:191,0
DA:192,0
DA:194,0
DA:196,0
DA:197,0
DA:199,0
DA:201,0
DA:202,0
DA:204,0
DA:206,0
DA:207,0
DA:209,0
DA:211,0
DA:212,0
DA:229,0
DA:232,0
DA:234,0
DA:235,0
DA:240,0
DA:241,0
DA:242,0
DA:245,0
DA:246,0
DA:248,0
DA:253,0
DA:257,0
DA:258,0
DA:262,0
DA:263,0
DA:264,0
DA:265,0
DA:266,0
DA:267,0
DA:268,0
DA:269,0
DA:270,0
DA:273,0
DA:274,0
DA:277,0
DA:278,0
DA:279,0
DA:283,0
DA:284,0
DA:286,0
DA:287,0
DA:294,0
DA:295,0
DA:296,0
DA:299,0
DA:300,0
DA:301,0
DA:305,0
DA:307,0
DA:308,0
DA:309,0
DA:314,0
DA:315,0
DA:316,0
DA:317,0
DA:318,0
DA:319,0
DA:320,0
DA:321,0
DA:322,0
DA:323,0
DA:324,0
DA:325,0
DA:326,0
DA:327,0
DA:328,0
DA:329,0
DA:330,0
DA:331,0
DA:335,0
DA:336,0
DA:337,0
DA:338,0
DA:339,0
DA:340,0
DA:343,0
DA:344,0
DA:347,0
DA:348,0
DA:349,0
DA:352,0
DA:356,0
DA:357,0
DA:359,0
DA:360,0
DA:361,0
DA:365,0
DA:369,0
DA:370,0
DA:371,0
DA:374,0
DA:375,0
DA:378,0
DA:379,0
DA:382,0
DA:386,0
DA:387,0
DA:389,0
DA:390,0
DA:394,0
LF:169
LH:0
end_of_record
TN:
SF:/Users/aleksandrkireev/Apps/timeline-studio/src-tauri/src/media/preview_data.rs
FN:139,MediaPreviewData::new
FN:153,MediaPreviewData::set_browser_thumbnail
FN:160,MediaPreviewData::add_timeline_preview
FN:170,MediaPreviewData::add_recognition_frame
FN:180,MediaPreviewData::set_recognition_results
FN:187,MediaPreviewData::get_all_preview_timestamps
FNF:6
FNDA:0,MediaPreviewData::new
FNDA:0,MediaPreviewData::set_browser_thumbnail
FNDA:0,MediaPreviewData::add_timeline_preview
FNDA:0,MediaPreviewData::add_recognition_frame
FNDA:0,MediaPreviewData::set_recognition_results
FNDA:0,MediaPreviewData::get_all_preview_timestamps
DA:139,0
DA:144,0
DA:145,0
DA:147,0
DA:153,0
DA:154,0
DA:155,0
DA:160,0
DA:161,0
DA:162,0
DA:163,0
DA:164,0
DA:165,0
DA:170,0
DA:171,0
DA:172,0
DA:173,0
DA:174,0
DA:175,0
DA:180,0
DA:181,0
DA:182,0
DA:187,0
DA:188,0
DA:190,0
DA:194,0
DA:198,0
DA:202,0
DA:203,0
DA:204,0
LF:30
LH:0
end_of_record
TN:
SF:/Users/aleksandrkireev/Apps/timeline-studio/src-tauri/src/media/preview_manager.rs
FN:29,PreviewDataManager::new
FN:45,PreviewDataManager::get_preview_data
FN:51,PreviewDataManager::generate_browser_thumbnail
FN:99,PreviewDataManager::generate_timeline_previews
FN:170,PreviewDataManager::extract_recognition_frames
FN:228,PreviewDataManager::get_all_files_with_previews
FN:234,PreviewDataManager::clear_file_data
FN:256,PreviewDataManager::save_to_file
FN:264,PreviewDataManager::load_from_file
FN:277,PreviewDataManager::save_timeline_frames
FN:324,PreviewDataManager::get_timeline_frames
FNF:11
FNDA:0,PreviewDataManager::new
FNDA:0,PreviewDataManager::get_preview_data
FNDA:0,PreviewDataManager::generate_browser_thumbnail
FNDA:0,PreviewDataManager::generate_timeline_previews
FNDA:0,PreviewDataManager::extract_recognition_frames
FNDA:0,PreviewDataManager::get_all_files_with_previews
FNDA:0,PreviewDataManager::clear_file_data
FNDA:0,PreviewDataManager::save_to_file
FNDA:0,PreviewDataManager::load_from_file
FNDA:0,PreviewDataManager::save_timeline_frames
FNDA:0,PreviewDataManager::get_timeline_frames
DA:29,0
DA:31,0
DA:33,0
DA:34,0
DA:37,0
DA:38,0
DA:39,0
DA:45,0
DA:46,0
DA:51,0
DA:60,0
DA:61,0
DA:63,0
DA:66,0
DA:67,0
DA:71,0
DA:72,0
DA:73,0
DA:76,0
DA:89,0
DA:90,0
DA:91,0
DA:92,0
DA:93,0
DA:95,0
DA:99,0
DA:109,0
DA:110,0
DA:111,0
DA:112,0
DA:119,0
DA:121,0
DA:122,0
DA:128,0
DA:131,0
DA:133,0
DA:136,0
DA:137,0
DA:139,0
DA:142,0
DA:144,0
DA:146,0
DA:150,0
DA:155,0
DA:156,0
DA:157,0
DA:158,0
DA:161,0
DA:162,0
DA:166,0
DA:170,0
DA:177,0
DA:178,0
DA:183,0
DA:184,0
DA:185,0
DA:186,0
DA:196,0
DA:198,0
DA:200,0
DA:201,0
DA:204,0
DA:209,0
DA:213,0
DA:214,0
DA:215,0
DA:216,0
DA:219,0
DA:220,0
DA:224,0
DA:228,0
DA:229,0
DA:234,0
DA:235,0
DA:237,0
DA:239,0
DA:243,0
DA:244,0
DA:247,0
DA:248,0
DA:252,0
DA:256,0
DA:257,0
DA:258,0
DA:259,0
DA:260,0
DA:264,0
DA:265,0
DA:266,0
DA:267,0
DA:269,0
DA:270,0
DA:273,0
DA:277,0
DA:285,0
DA:286,0
DA:287,0
DA:288,0
DA:291,0
DA:294,0
DA:296,0
DA:297,0
DA:299,0
DA:302,0
DA:303,0
DA:307,0
DA:308,0
DA:312,0
DA:314,0
DA:317,0
DA:320,0
DA:324,0
DA:328,0
DA:330,0
DA:333,0
DA:344,0
LF:116
LH:0
end_of_record
TN:
SF:/Users/aleksandrkireev/Apps/timeline-studio/src-tauri/src/media/processor.rs
FN:70,<impl Default for ThumbnailOptions>::default
FN:90,MediaProcessor::new
FN:99,MediaProcessor::scan_and_process
FN:172,MediaProcessor::scan_folder
FN:221,MediaProcessor::emit_event
FN:230,process_single_file
FN:292,generate_thumbnail
FN:341,resize_image
FNF:8
FNDA:0,<impl Default for ThumbnailOptions>::default
FNDA:0,MediaProcessor::new
FNDA:0,MediaProcessor::scan_and_process
FNDA:0,MediaProcessor::scan_folder
FNDA:0,MediaProcessor::emit_event
FNDA:0,process_single_file
FNDA:0,generate_thumbnail
FNDA:0,resize_image
DA:70,0
DA:90,0
DA:99,0
DA:105,0
DA:106,0
DA:107,0
DA:110,0
DA:111,0
DA:114,0
DA:115,0
DA:116,0
DA:120,0
DA:121,0
DA:122,0
DA:123,0
DA:125,0
DA:128,0
DA:129,0
DA:130,0
DA:131,0
DA:132,0
DA:133,0
DA:135,0
DA:136,0
DA:139,0
DA:140,0
DA:141,0
DA:142,0
DA:143,0
DA:148,0
DA:150,0
DA:155,0
DA:158,0
DA:159,0
DA:160,0
DA:161,0
DA:166,0
DA:168,0
DA:172,0
DA:173,0
DA:174,0
DA:176,0
DA:177,0
DA:178,0
DA:179,0
DA:181,0
DA:182,0
DA:183,0
DA:184,0
DA:186,0
DA:187,0
DA:189,0
DA:190,0
DA:192,0
DA:193,0
DA:194,0
DA:195,0
DA:196,0
DA:197,0
DA:198,0
DA:204,0
DA:205,0
DA:206,0
DA:207,0
DA:208,0
DA:209,0
DA:217,0
DA:221,0
DA:222,0
DA:223,0
DA:224,0
DA:225,0
DA:230,0
DA:236,0
DA:239,0
DA:240,0
DA:242,0
DA:244,0
DA:245,0
DA:246,0
DA:247,0
DA:250,0
DA:252,0
DA:253,0
DA:254,0
DA:256,0
DA:257,0
DA:258,0
DA:259,0
DA:262,0
DA:267,0
DA:268,0
DA:270,0
DA:271,0
DA:272,0
DA:274,0
DA:276,0
DA:278,0
DA:279,0
DA:280,0
DA:281,0
DA:282,0
DA:288,0
DA:292,0
DA:299,0
DA:300,0
DA:302,0
DA:305,0
DA:306,0
DA:307,0
DA:309,0
DA:312,0
DA:315,0
DA:319,0
DA:322,0
DA:323,0
DA:324,0
DA:327,0
DA:328,0
DA:329,0
DA:330,0
DA:332,0
DA:334,0
DA:337,0
DA:341,0
DA:342,0
DA:344,0
DA:345,0
DA:346,0
DA:348,0
DA:349,0
DA:350,0
DA:351,0
DA:353,0
LF:134
LH:0
end_of_record
TN:
SF:/Users/aleksandrkireev/Apps/timeline-studio/src-tauri/src/media/thumbnail.rs
FN:7,generate_thumbnail
FNF:1
FNDA:0,generate_thumbnail
DA:7,0
DA:14,0
DA:16,0
DA:18,0
DA:22,0
DA:25,0
DA:28,0
DA:29,0
DA:32,0
DA:33,0
DA:36,0
LF:11
LH:0
end_of_record
TN:
SF:/Users/aleksandrkireev/Apps/timeline-studio/src-tauri/src/recognition/commands.rs
FN:15,process_video_recognition
FN:106,process_video_batch
FN:135,get_recognition_results
FN:148,get_preview_data_with_recognition
FN:163,load_yolo_model
FN:176,set_yolo_target_classes
FN:188,get_yolo_class_names
FN:199,process_yolo_batch
FN:214,clear_recognition_results
FN:224,export_recognition_results
FNF:10
FNDA:0,process_video_recognition
FNDA:0,process_video_batch
FNDA:0,get_recognition_results
FNDA:0,get_preview_data_with_recognition
FNDA:0,load_yolo_model
FNDA:0,set_yolo_target_classes
FNDA:0,get_yolo_class_names
FNDA:0,process_yolo_batch
FNDA:0,clear_recognition_results
FNDA:0,export_recognition_results
DA:15,0
DA:22,0
DA:25,0
DA:26,0
DA:29,0
DA:32,0
DA:34,0
DA:38,0
DA:39,0
DA:41,0
DA:44,0
DA:45,0
DA:46,0
DA:49,0
DA:51,0
DA:53,0
DA:55,0
DA:58,0
DA:59,0
DA:60,0
DA:63,0
DA:65,0
DA:106,0
DA:111,0
DA:113,0
DA:114,0
DA:115,0
DA:118,0
DA:119,0
DA:120,0
DA:121,0
DA:122,0
DA:124,0
DA:126,0
DA:127,0
DA:128,0
DA:135,0
DA:139,0
DA:140,0
DA:141,0
DA:142,0
DA:143,0
DA:148,0
DA:155,0
DA:156,0
DA:157,0
DA:163,0
DA:164,0
DA:165,0
DA:167,0
DA:168,0
DA:170,0
DA:171,0
DA:176,0
DA:180,0
DA:182,0
DA:183,0
DA:188,0
DA:191,0
DA:193,0
DA:194,0
DA:199,0
DA:203,0
DA:205,0
DA:206,0
DA:207,0
DA:208,0
DA:209,0
DA:214,0
DA:219,0
DA:224,0
DA:229,0
DA:230,0
DA:231,0
DA:232,0
DA:233,0
DA:235,0
DA:236,0
DA:237,0
DA:238,0
DA:240,0
DA:242,0
DA:243,0
DA:244,0
DA:245,0
DA:246,0
DA:251,0
DA:252,0
DA:253,0
DA:254,0
DA:255,0
DA:256,0
DA:257,0
DA:262,0
DA:264,0
DA:267,0
LF:96
LH:0
end_of_record
TN:
SF:/Users/aleksandrkireev/Apps/timeline-studio/src-tauri/src/recognition/recognition_service.rs
FN:25,RecognitionService::new
FN:42,RecognitionService::process_video
FN:91,RecognitionService::group_objects
FN:132,RecognitionService::group_faces
FN:155,RecognitionService::detect_scenes
FN:229,RecognitionService::save_results
FN:239,RecognitionService::load_results
FN:254,RecognitionService::process_batch
FN:279,RecognitionService::get_object_detector
FN:285,RecognitionService::get_face_detector
FN:290,RecognitionService::load_object_model
FN:297,RecognitionService::load_face_model
FN:303,RecognitionService::set_object_classes
FN:309,RecognitionService::get_object_classes
FN:315,RecognitionService::process_objects_batch
FNF:15
FNDA:0,RecognitionService::new
FNDA:0,RecognitionService::process_video
FNDA:0,RecognitionService::group_objects
FNDA:0,RecognitionService::group_faces
FNDA:0,RecognitionService::detect_scenes
FNDA:0,RecognitionService::save_results
FNDA:0,RecognitionService::load_results
FNDA:0,RecognitionService::process_batch
FNDA:0,RecognitionService::get_object_detector
FNDA:0,RecognitionService::get_face_detector
FNDA:0,RecognitionService::load_object_model
FNDA:0,RecognitionService::load_face_model
FNDA:0,RecognitionService::set_object_classes
FNDA:0,RecognitionService::get_object_classes
FNDA:0,RecognitionService::process_objects_batch
DA:25,0
DA:26,0
DA:27,0
DA:30,0
DA:31,0
DA:42,0
DA:50,0
DA:51,0
DA:53,0
DA:55,0
DA:58,0
DA:59,0
DA:60,0
DA:63,0
DA:64,0
DA:65,0
DA:69,0
DA:70,0
DA:71,0
DA:77,0
DA:81,0
DA:87,0
DA:91,0
DA:94,0
DA:96,0
DA:103,0
DA:105,0
DA:106,0
DA:107,0
DA:108,0
DA:110,0
DA:121,0
DA:122,0
DA:123,0
DA:124,0
DA:125,0
DA:132,0
DA:136,0
DA:139,0
DA:140,0
DA:141,0
DA:142,0
DA:143,0
DA:144,0
DA:145,0
DA:146,0
DA:147,0
DA:148,0
DA:155,0
DA:157,0
DA:160,0
DA:161,0
DA:163,0
DA:164,0
DA:167,0
DA:168,0
DA:170,0
DA:175,0
DA:189,0
DA:190,0
DA:192,0
DA:195,0
DA:196,0
DA:197,0
DA:201,0
DA:206,0
DA:212,0
DA:225,0
DA:229,0
DA:230,0
DA:231,0
DA:232,0
DA:233,0
DA:234,0
DA:235,0
DA:239,0
DA:240,0
DA:241,0
DA:242,0
DA:244,0
DA:245,0
DA:246,0
DA:249,0
DA:254,0
DA:259,0
DA:261,0
DA:262,0
DA:264,0
DA:265,0
DA:267,0
DA:268,0
DA:274,0
DA:279,0
DA:280,0
DA:285,0
DA:286,0
DA:290,0
DA:291,0
DA:292,0
DA:297,0
DA:298,0
DA:299,0
DA:303,0
DA:304,0
DA:309,0
DA:310,0
DA:315,0
DA:319,0
DA:320,0
LF:109
LH:0
end_of_record
TN:
SF:/Users/aleksandrkireev/Apps/timeline-studio/src-tauri/src/recognition/types.rs
FN:74,<impl Default for RecognitionResults>::default
FNF:1
FNDA:0,<impl Default for RecognitionResults>::default
DA:74,0
DA:76,0
DA:77,0
DA:78,0
DA:79,0
LF:5
LH:0
end_of_record
TN:
SF:/Users/aleksandrkireev/Apps/timeline-studio/src-tauri/src/recognition/yolo_processor.rs
FN:13,init_ort
FN:124,YoloProcessor::new
FN:148,YoloProcessor::load_model
FN:199,YoloProcessor::set_target_classes
FN:204,YoloProcessor::process_image
FN:241,YoloProcessor::preprocess_image
FN:264,YoloProcessor::postprocess_output_static
FN:356,YoloProcessor::apply_nms_static
FN:387,YoloProcessor::calculate_iou_static
FN:406,YoloProcessor::get_class_name_static
FN:415,YoloProcessor::process_batch
FN:427,YoloProcessor::_mock_process_image
FN:491,YoloProcessor::get_class_names_static
FN:581,YoloProcessor::get_class_names
FN:690,<impl Default for YoloConfig>::default
FNF:15
FNDA:0,init_ort
FNDA:0,YoloProcessor::new
FNDA:0,YoloProcessor::load_model
FNDA:0,YoloProcessor::set_target_classes
FNDA:0,YoloProcessor::process_image
FNDA:0,YoloProcessor::preprocess_image
FNDA:0,YoloProcessor::postprocess_output_static
FNDA:0,YoloProcessor::apply_nms_static
FNDA:0,YoloProcessor::calculate_iou_static
FNDA:0,YoloProcessor::get_class_name_static
FNDA:0,YoloProcessor::process_batch
FNDA:0,YoloProcessor::_mock_process_image
FNDA:0,YoloProcessor::get_class_names_static
FNDA:0,YoloProcessor::get_class_names
FNDA:0,<impl Default for YoloConfig>::default
DA:13,0
DA:14,0
DA:15,0
DA:17,0
DA:19,0
DA:23,0
DA:24,0
DA:27,0
DA:35,0
DA:41,0
DA:43,0
DA:45,0
DA:46,0
DA:48,0
DA:124,0
DA:126,0
DA:127,0
DA:128,0
DA:129,0
DA:130,0
DA:131,0
DA:132,0
DA:133,0
DA:134,0
DA:148,0
DA:149,0
DA:151,0
DA:156,0
DA:158,0
DA:160,0
DA:162,0
DA:164,0
DA:165,0
DA:167,0
DA:170,0
DA:172,0
DA:175,0
DA:178,0
DA:179,0
DA:180,0
DA:181,0
DA:183,0
DA:185,0
DA:186,0
DA:188,0
DA:190,0
DA:191,0
DA:194,0
DA:199,0
DA:200,0
DA:204,0
DA:206,0
DA:207,0
DA:211,0
DA:215,0
DA:220,0
DA:225,0
DA:241,0
DA:243,0
DA:246,0
DA:248,0
DA:257,0
DA:258,0
DA:259,0
DA:264,0
DA:273,0
DA:275,0
DA:278,0
DA:280,0
DA:290,0
DA:293,0
DA:294,0
DA:296,0
DA:297,0
DA:298,0
DA:301,0
DA:314,0
DA:316,0
DA:317,0
DA:318,0
DA:324,0
DA:328,0
DA:331,0
DA:332,0
DA:335,0
DA:336,0
DA:337,0
DA:338,0
DA:339,0
DA:340,0
DA:341,0
DA:342,0
DA:343,0
DA:345,0
DA:356,0
DA:358,0
DA:360,0
DA:361,0
DA:363,0
DA:365,0
DA:368,0
DA:371,0
DA:372,0
DA:373,0
DA:376,0
DA:377,0
DA:378,0
DA:383,0
DA:387,0
DA:388,0
DA:389,0
DA:390,0
DA:391,0
DA:393,0
DA:394,0
DA:397,0
DA:398,0
DA:399,0
DA:400,0
DA:402,0
DA:406,0
DA:407,0
DA:408,0
DA:409,0
DA:411,0
DA:415,0
DA:416,0
DA:418,0
DA:419,0
DA:423,0
DA:427,0
DA:428,0
DA:430,0
DA:433,0
DA:434,0
DA:435,0
DA:436,0
DA:437,0
DA:438,0
DA:439,0
DA:440,0
DA:441,0
DA:442,0
DA:444,0
DA:446,0
DA:447,0
DA:448,0
DA:449,0
DA:450,0
DA:451,0
DA:452,0
DA:453,0
DA:454,0
DA:456,0
DA:462,0
DA:463,0
DA:464,0
DA:465,0
DA:466,0
DA:467,0
DA:468,0
DA:469,0
DA:470,0
DA:472,0
DA:473,0
DA:474,0
DA:475,0
DA:476,0
DA:477,0
DA:478,0
DA:480,0
DA:481,0
DA:482,0
DA:486,0
DA:491,0
DA:493,0
DA:576,0
DA:581,0
DA:582,0
DA:583,0
DA:666,0
DA:668,0
DA:669,0
DA:690,0
DA:696,0
LF:185
LH:0
end_of_record
TN:
SF:/Users/aleksandrkireev/Apps/timeline-studio/src-tauri/src/video_compiler/cache.rs
FN:29,RenderCache::new
FN:34,RenderCache::with_settings
FN:45,RenderCache::get_preview
FN:64,RenderCache::store_preview
FN:77,RenderCache::get_metadata
FN:94,RenderCache::store_metadata
FN:101,RenderCache::get_render_data
FN:118,RenderCache::store_render_data
FN:129,RenderCache::clear_all
FN:137,RenderCache::clear_previews
FN:142,RenderCache::get_stats
FN:147,RenderCache::get_memory_usage
FN:161,RenderCache::cleanup_if_needed
FN:174,RenderCache::cleanup_old_entries
FN:197,<impl Default for RenderCache>::default
FN:216,PreviewKey::new
FN:239,PreviewData::is_expired
FN:271,MediaMetadata::is_expired
FN:293,RenderCacheData::is_expired
FN:318,<impl Default for CacheSettings>::default
FN:356,CacheStats::hit_ratio
FN:368,CacheStats::preview_hit_ratio
FN:392,CacheMemoryUsage::total_mb
FN:418,LruCache<K,V>::new
FN:427,LruCache<K,V>::get
FN:437,LruCache<K,V>::insert
FN:454,LruCache<K,V>::remove
FN:458,LruCache<K,V>::clear
FN:464,LruCache<K,V>::retain
FN:471,LruCache<K,V>::estimate_memory_usage
FN:477,LruCache<K,V>::get_oldest_key
FNF:31
FNDA:29,RenderCache::new
FNDA:30,RenderCache::with_settings
FNDA:0,RenderCache::get_preview
FNDA:0,RenderCache::store_preview
FNDA:2,RenderCache::get_metadata
FNDA:2,RenderCache::store_metadata
FNDA:0,RenderCache::get_render_data
FNDA:0,RenderCache::store_render_data
FNDA:4,RenderCache::clear_all
FNDA:8,RenderCache::clear_previews
FNDA:5,RenderCache::get_stats
FNDA:4,RenderCache::get_memory_usage
FNDA:2,RenderCache::cleanup_if_needed
FNDA:2,RenderCache::cleanup_old_entries
FNDA:0,<impl Default for RenderCache>::default
FNDA:0,PreviewKey::new
FNDA:0,PreviewData::is_expired
FNDA:2,MediaMetadata::is_expired
FNDA:0,RenderCacheData::is_expired
FNDA:30,<impl Default for CacheSettings>::default
FNDA:0,CacheStats::hit_ratio
FNDA:0,CacheStats::preview_hit_ratio
FNDA:4,CacheMemoryUsage::total_mb
FNDA:90,LruCache<K,V>::new
FNDA:1,LruCache<K,V>::get
FNDA:1,LruCache<K,V>::insert
FNDA:0,LruCache<K,V>::remove
FNDA:10,LruCache<K,V>::clear
FNDA:3,LruCache<K,V>::retain
FNDA:12,LruCache<K,V>::estimate_memory_usage
FNDA:0,LruCache<K,V>::get_oldest_key
DA:29,29
DA:30,29
DA:34,30
DA:36,30
DA:37,30
DA:38,30
DA:40,30
DA:45,0
DA:46,0
DA:48,0
DA:51,0
DA:52,0
DA:55,0
DA:59,0
DA:60,0
DA:64,0
DA:67,0
DA:71,0
DA:72,0
DA:73,0
DA:77,2
DA:78,1
DA:80,2
DA:82,1
DA:83,1
DA:85,0
DA:89,0
DA:90,0
DA:94,2
DA:95,1
DA:96,1
DA:97,1
DA:101,0
DA:102,0
DA:104,0
DA:106,0
DA:107,0
DA:109,0
DA:113,0
DA:114,0
DA:118,0
DA:123,0
DA:124,0
DA:125,0
DA:129,4
DA:130,2
DA:131,2
DA:132,2
DA:133,2
DA:137,8
DA:138,4
DA:142,5
DA:143,5
DA:147,4
DA:148,4
DA:149,4
DA:150,4
DA:156,4
DA:161,2
DA:162,1
DA:163,1
DA:165,1
DA:166,0
DA:167,0
DA:170,1
DA:174,2
DA:175,1
DA:178,1
DA:179,1
DA:180,2
DA:183,1
DA:184,1
DA:185,3
DA:188,1
DA:189,1
DA:190,2
DA:192,1
DA:197,0
DA:198,0
DA:216,0
DA:219,0
DA:239,0
DA:240,0
DA:271,2
DA:272,2
DA:293,0
DA:294,0
DA:318,30
DA:324,30
DA:325,30
DA:326,30
DA:356,0
DA:357,0
DA:358,0
DA:360,0
DA:361,0
DA:363,0
DA:368,0
DA:369,0
DA:370,0
DA:372,0
DA:392,4
DA:393,4
DA:418,90
DA:420,90
DA:427,1
DA:428,2
DA:429,0
DA:431,0
DA:433,0
DA:437,1
DA:438,1
DA:440,0
DA:441,0
DA:451,1
DA:454,0
DA:455,0
DA:458,10
DA:459,10
DA:460,10
DA:461,10
DA:464,3
DA:468,7
DA:471,12
DA:473,12
DA:474,12
DA:477,0
DA:479,0
LF:128
LH:71
end_of_record
TN:
SF:/Users/aleksandrkireev/Apps/timeline-studio/src-tauri/src/video_compiler/commands.rs
FN:59,VideoCompilerState::new
FN:73,<impl Default for VideoCompilerState>::default
FN:94,compile_video
FN:209,get_render_progress
FN:224,cancel_render
FN:238,get_active_jobs
FN:265,get_render_job
FN:302,check_render_job_timeouts
FN:336,get_render_cache_info
FN:414,generate_preview
FN:451,generate_preview_with_settings
FN:497,generate_preview_detailed
FN:543,create_new_project
FN:556,touch_project
FN:567,create_track
FN:581,add_clip_to_track
FN:603,create_clip
FN:636,create_effect
FN:654,create_filter
FN:672,create_template
FN:692,create_style_template
FN:714,create_subtitle
FN:741,create_subtitle_animation
FN:759,set_preview_ffmpeg_path
FN:779,clear_file_preview_cache
FN:808,generate_preview_batch
FN:838,get_video_info
FN:886,prerender_segment
FN:1032,get_prerender_cache_info
FN:1110,clear_prerender_cache
FN:1153,cleanup_cache
FN:1161,get_render_statistics
FN:1178,get_gpu_capabilities
FN:1189,get_current_gpu_info
FN:1200,check_hardware_acceleration
FN:1213,get_cache_stats
FN:1233,clear_all_cache
FN:1254,clear_cache
FN:1262,clear_preview_cache
FN:1270,get_cache_size
FN:1278,configure_cache
FN:1315,get_cached_metadata
FN:1325,cache_media_metadata
FN:1356,get_cache_memory_usage
FN:1367,get_compiler_settings
FN:1376,update_compiler_settings
FN:1387,set_ffmpeg_path
FN:1410,get_system_info
FN:1440,get_available_memory
FN:1508,extract_timeline_frames
FN:1608,extract_subtitle_frames
FN:1640,clear_frame_cache
FN:1648,check_ffmpeg_capabilities
FN:1701,extract_ffmpeg_version
FN:1711,extract_available_codecs
FN:1727,extract_hardware_encoders
FN:1757,get_gpu_info
FN:1804,check_gpu_encoder_availability
FN:1838,get_recommended_gpu_encoder
FN:1857,get_input_sources_info
FN:1924,get_frame_extraction_cache_info
FNF:61
FNDA:29,VideoCompilerState::new
FNDA:2,<impl Default for VideoCompilerState>::default
FNDA:0,compile_video
FNDA:0,get_render_progress
FNDA:0,cancel_render
FNDA:0,get_active_jobs
FNDA:0,get_render_job
FNDA:0,check_render_job_timeouts
FNDA:0,get_render_cache_info
FNDA:0,generate_preview
FNDA:0,generate_preview_with_settings
FNDA:0,generate_preview_detailed
FNDA:0,create_new_project
FNDA:0,touch_project
FNDA:0,create_track
FNDA:0,add_clip_to_track
FNDA:0,create_clip
FNDA:0,create_effect
FNDA:0,create_filter
FNDA:0,create_template
FNDA:0,create_style_template
FNDA:0,create_subtitle
FNDA:0,create_subtitle_animation
FNDA:0,set_preview_ffmpeg_path
FNDA:0,clear_file_preview_cache
FNDA:0,generate_preview_batch
FNDA:0,get_video_info
FNDA:0,prerender_segment
FNDA:2,get_prerender_cache_info
FNDA:2,clear_prerender_cache
FNDA:0,cleanup_cache
FNDA:0,get_render_statistics
FNDA:0,get_gpu_capabilities
FNDA:0,get_current_gpu_info
FNDA:0,check_hardware_acceleration
FNDA:0,get_cache_stats
FNDA:0,clear_all_cache
FNDA:0,clear_cache
FNDA:0,clear_preview_cache
FNDA:0,get_cache_size
FNDA:0,configure_cache
FNDA:0,get_cached_metadata
FNDA:0,cache_media_metadata
FNDA:0,get_cache_memory_usage
FNDA:0,get_compiler_settings
FNDA:0,update_compiler_settings
FNDA:0,set_ffmpeg_path
FNDA:0,get_system_info
FNDA:3,get_available_memory
FNDA:0,extract_timeline_frames
FNDA:0,extract_subtitle_frames
FNDA:0,clear_frame_cache
FNDA:0,check_ffmpeg_capabilities
FNDA:3,extract_ffmpeg_version
FNDA:2,extract_available_codecs
FNDA:2,extract_hardware_encoders
FNDA:0,get_gpu_info
FNDA:0,check_gpu_encoder_availability
FNDA:0,get_recommended_gpu_encoder
FNDA:0,get_input_sources_info
FNDA:0,get_frame_extraction_cache_info
DA:59,29
DA:60,29
DA:61,29
DA:64,29
DA:66,29
DA:73,2
DA:74,2
DA:94,0
DA:101,0
DA:104,0
DA:106,0
DA:107,0
DA:112,0
DA:115,0
DA:116,0
DA:117,0
DA:118,0
DA:119,0
DA:120,0
DA:121,0
DA:130,0
DA:131,0
DA:132,0
DA:137,0
DA:138,0
DA:139,0
DA:140,0
DA:142,0
DA:143,0
DA:147,0
DA:148,0
DA:152,0
DA:153,0
DA:154,0
DA:156,0
DA:157,0
DA:158,0
DA:159,0
DA:160,0
DA:161,0
DA:162,0
DA:163,0
DA:165,0
DA:166,0
DA:172,0
DA:173,0
DA:174,0
DA:176,0
DA:177,0
DA:178,0
DA:179,0
DA:180,0
DA:184,0
DA:185,0
DA:187,0
DA:188,0
DA:189,0
DA:190,0
DA:191,0
DA:199,0
DA:200,0
DA:204,0
DA:209,0
DA:213,0
DA:215,0
DA:216,0
DA:218,0
DA:224,0
DA:225,0
DA:227,0
DA:228,0
DA:229,0
DA:230,0
DA:232,0
DA:238,0
DA:239,0
DA:240,0
DA:242,0
DA:243,0
DA:244,0
DA:245,0
DA:246,0
DA:249,0
DA:250,0
DA:251,0
DA:252,0
DA:253,0
DA:254,0
DA:255,0
DA:256,0
DA:260,0
DA:265,0
DA:273,0
DA:274,0
DA:278,0
DA:279,0
DA:280,0
DA:281,0
DA:282,0
DA:283,0
DA:287,0
DA:288,0
DA:289,0
DA:293,0
DA:294,0
DA:296,0
DA:302,0
DA:307,0
DA:308,0
DA:311,0
DA:312,0
DA:314,0
DA:316,0
DA:319,0
DA:320,0
DA:327,0
DA:328,0
DA:331,0
DA:336,0
DA:344,0
DA:345,0
DA:346,0
DA:347,0
DA:352,0
DA:353,0
DA:356,0
DA:357,0
DA:360,0
DA:362,0
DA:363,0
DA:365,0
DA:368,0
DA:370,0
DA:371,0
DA:372,0
DA:373,0
DA:374,0
DA:375,0
DA:376,0
DA:377,0
DA:378,0
DA:380,0
DA:381,0
DA:385,0
DA:388,0
DA:389,0
DA:390,0
DA:391,0
DA:392,0
DA:393,0
DA:395,0
DA:396,0
DA:397,0
DA:398,0
DA:399,0
DA:401,0
DA:404,0
DA:405,0
DA:406,0
DA:409,0
DA:414,0
DA:424,0
DA:427,0
DA:428,0
DA:429,0
DA:430,0
DA:431,0
DA:432,0
DA:436,0
DA:437,0
DA:439,0
DA:440,0
DA:441,0
DA:446,0
DA:451,0
DA:463,0
DA:466,0
DA:467,0
DA:468,0
DA:469,0
DA:470,0
DA:471,0
DA:475,0
DA:476,0
DA:478,0
DA:479,0
DA:480,0
DA:485,0
DA:486,0
DA:491,0
DA:497,0
DA:508,0
DA:511,0
DA:512,0
DA:513,0
DA:516,0
DA:519,0
DA:525,0
DA:529,0
DA:530,0
DA:531,0
DA:532,0
DA:533,0
DA:536,0
DA:543,0
DA:548,0
DA:549,0
DA:551,0
DA:556,0
DA:559,0
DA:560,0
DA:562,0
DA:567,0
DA:573,0
DA:574,0
DA:576,0
DA:581,0
DA:585,0
DA:586,0
DA:588,0
DA:592,0
DA:593,0
DA:594,0
DA:596,0
DA:598,0
DA:603,0
DA:611,0
DA:614,0
DA:615,0
DA:616,0
DA:617,0
DA:618,0
DA:623,0
DA:624,0
DA:625,0
DA:626,0
DA:627,0
DA:628,0
DA:631,0
DA:636,0
DA:642,0
DA:643,0
DA:644,0
DA:649,0
DA:654,0
DA:660,0
DA:661,0
DA:662,0
DA:667,0
DA:672,0
DA:679,0
DA:680,0
DA:681,0
DA:687,0
DA:692,0
DA:700,0
DA:701,0
DA:702,0
DA:709,0
DA:714,0
DA:721,0
DA:724,0
DA:726,0
DA:728,0
DA:729,0
DA:730,0
DA:731,0
DA:732,0
DA:733,0
DA:736,0
DA:741,0
DA:747,0
DA:748,0
DA:749,0
DA:754,0
DA:759,0
DA:770,0
DA:771,0
DA:773,0
DA:774,0
DA:779,0
DA:785,0
DA:787,0
DA:789,0
DA:790,0
DA:808,0
DA:814,0
DA:817,0
DA:819,0
DA:820,0
DA:821,0
DA:822,0
DA:823,0
DA:824,0
DA:825,0
DA:827,0
DA:829,0
DA:830,0
DA:831,0
DA:832,0
DA:838,0
DA:844,0
DA:847,0
DA:848,0
DA:849,0
DA:850,0
DA:851,0
DA:852,0
DA:886,0
DA:894,0
DA:897,0
DA:898,0
DA:899,0
DA:903,0
DA:904,0
DA:905,0
DA:906,0
DA:911,0
DA:917,0
DA:918,0
DA:919,0
DA:920,0
DA:921,0
DA:922,0
DA:924,0
DA:926,0
DA:927,0
DA:928,0
DA:930,0
DA:934,0
DA:939,0
DA:942,0
DA:944,0
DA:945,0
DA:946,0
DA:947,0
DA:949,0
DA:952,0
DA:954,0
DA:955,0
DA:957,0
DA:958,0
DA:959,0
DA:960,0
DA:961,0
DA:962,0
DA:963,0
DA:968,0
DA:969,0
DA:970,0
DA:972,0
DA:974,0
DA:975,0
DA:976,0
DA:977,0
DA:978,0
DA:1032,2
DA:1036,1
DA:1037,1
DA:1038,1
DA:1041,2
DA:1042,1
DA:1043,2
DA:1045,3753
DA:1046,1877
DA:1047,1877
DA:1048,3754
DA:1051,1876
DA:1054,0
DA:1055,0
DA:1057,0
DA:1058,0
DA:1061,0
DA:1062,0
DA:1065,0
DA:1071,0
DA:1073,0
DA:1074,0
DA:1077,0
DA:1080,0
DA:1083,0
DA:1084,0
DA:1087,0
DA:1088,0
DA:1089,0
DA:1090,0
DA:1091,0
DA:1092,0
DA:1099,2
DA:1101,1
DA:1102,1
DA:1103,1
DA:1104,1
DA:1110,2
DA:1113,1
DA:1114,1
DA:1115,1
DA:1118,2
DA:1119,1
DA:1120,2
DA:1122,3753
DA:1123,1877
DA:1124,1877
DA:1125,3754
DA:1128,1876
DA:1131,0
DA:1132,0
DA:1134,0
DA:1135,0
DA:1138,0
DA:1141,0
DA:1142,0
DA:1148,1
DA:1153,0
DA:1154,0
DA:1155,0
DA:1156,0
DA:1161,0
DA:1165,0
DA:1167,0
DA:1168,0
DA:1170,0
DA:1178,0
DA:1179,0
DA:1181,0
DA:1183,0
DA:1184,0
DA:1189,0
DA:1190,0
DA:1192,0
DA:1193,0
DA:1194,0
DA:1200,0
DA:1201,0
DA:1203,0
DA:1204,0
DA:1205,0
DA:1213,0
DA:1214,0
DA:1215,0
DA:1218,0
DA:1219,0
DA:1220,0
DA:1221,0
DA:1222,0
DA:1223,0
DA:1224,0
DA:1225,0
DA:1226,0
DA:1227,0
DA:1233,0
DA:1237,0
DA:1238,0
DA:1241,0
DA:1242,0
DA:1244,0
DA:1245,0
DA:1249,0
DA:1254,0
DA:1255,0
DA:1256,0
DA:1257,0
DA:1262,0
DA:1263,0
DA:1264,0
DA:1265,0
DA:1270,0
DA:1271,0
DA:1272,0
DA:1273,0
DA:1278,0
DA:1286,0
DA:1289,0
DA:1291,0
DA:1292,0
DA:1293,0
DA:1294,0
DA:1297,0
DA:1298,0
DA:1299,0
DA:1303,0
DA:1306,0
DA:1307,0
DA:1310,0
DA:1315,0
DA:1319,0
DA:1320,0
DA:1325,0
DA:1338,0
DA:1340,0
DA:1347,0
DA:1350,0
DA:1351,0
DA:1356,0
DA:1359,0
DA:1360,0
DA:1367,0
DA:1370,0
DA:1371,0
DA:1376,0
DA:1380,0
DA:1381,0
DA:1382,0
DA:1387,0
DA:1389,0
DA:1392,0
DA:1394,0
DA:1395,0
DA:1397,0
DA:1399,0
DA:1400,0
DA:1401,0
DA:1410,0
DA:1411,0
DA:1412,0
DA:1414,0
DA:1415,0
DA:1416,0
DA:1417,0
DA:1418,0
DA:1419,0
DA:1420,0
DA:1421,0
DA:1422,0
DA:1423,0
DA:1440,3
DA:1462,6
DA:1463,3
DA:1464,3
DA:1477,0
DA:1508,0
DA:1516,0
DA:1520,0
DA:1526,0
DA:1529,0
DA:1535,0
DA:1536,0
DA:1540,0
DA:1541,0
DA:1543,0
DA:1545,0
DA:1549,0
DA:1550,0
DA:1554,0
DA:1557,0
DA:1558,0
DA:1559,0
DA:1563,0
DA:1564,0
DA:1565,0
DA:1566,0
DA:1567,0
DA:1568,0
DA:1570,0
DA:1608,0
DA:1615,0
DA:1616,0
DA:1618,0
DA:1619,0
DA:1620,0
DA:1624,0
DA:1625,0
DA:1626,0
DA:1627,0
DA:1628,0
DA:1629,0
DA:1630,0
DA:1631,0
DA:1632,0
DA:1634,0
DA:1640,0
DA:1641,0
DA:1642,0
DA:1643,0
DA:1648,0
DA:1651,0
DA:1654,0
DA:1657,0
DA:1658,0
DA:1660,0
DA:1661,0
DA:1664,0
DA:1667,0
DA:1668,0
DA:1670,0
DA:1671,0
DA:1674,0
DA:1677,0
DA:1678,0
DA:1680,0
DA:1681,0
DA:1683,0
DA:1684,0
DA:1685,0
DA:1686,0
DA:1687,0
DA:1701,3
DA:1702,6
DA:1703,3
DA:1704,2
DA:1707,1
DA:1711,2
DA:1712,2
DA:1713,2
DA:1715,11
DA:1716,153
DA:1717,8
DA:1718,4
DA:1723,2
DA:1727,2
DA:1728,2
DA:1729,2
DA:1730,2
DA:1731,2
DA:1732,2
DA:1733,2
DA:1734,2
DA:1735,2
DA:1736,2
DA:1737,2
DA:1738,2
DA:1739,2
DA:1742,7
DA:1743,105
DA:1744,8
DA:1745,4
DA:1750,2
DA:1757,0
DA:1760,0
DA:1763,0
DA:1766,0
DA:1768,0
DA:1769,0
DA:1770,0
DA:1771,0
DA:1772,0
DA:1773,0
DA:1774,0
DA:1775,0
DA:1778,0
DA:1779,0
DA:1780,0
DA:1781,0
DA:1782,0
DA:1783,0
DA:1784,0
DA:1787,0
DA:1788,0
DA:1789,0
DA:1790,0
DA:1791,0
DA:1792,0
DA:1793,0
DA:1794,0
DA:1799,0
DA:1804,0
DA:1810,0
DA:1813,0
DA:1814,0
DA:1815,0
DA:1816,0
DA:1817,0
DA:1818,0
DA:1819,0
DA:1823,0
DA:1824,0
DA:1826,0
DA:1828,0
DA:1829,0
DA:1831,0
DA:1838,0
DA:1843,0
DA:1845,0
DA:1846,0
DA:1847,0
DA:1848,0
DA:1849,0
DA:1850,0
DA:1857,0
DA:1862,0
DA:1863,0
DA:1866,0
DA:1869,0
DA:1872,0
DA:1874,0
DA:1875,0
DA:1876,0
DA:1877,0
DA:1878,0
DA:1879,0
DA:1880,0
DA:1881,0
DA:1882,0
DA:1883,0
DA:1885,0
DA:1887,0
DA:1888,0
DA:1890,0
DA:1893,0
DA:1894,0
DA:1895,0
DA:1896,0
DA:1897,0
DA:1903,0
DA:1904,0
DA:1905,0
DA:1906,0
DA:1907,0
DA:1908,0
DA:1909,0
DA:1910,0
DA:1914,0
DA:1915,0
DA:1916,0
DA:1919,0
DA:1924,0
DA:1930,0
DA:1933,0
DA:1934,0
DA:1937,0
DA:1938,0
DA:1941,0
DA:1942,0
DA:1943,0
DA:1944,0
DA:1945,0
DA:1946,0
DA:1948,0
DA:1949,0
DA:1950,0
DA:1951,0
DA:1952,0
DA:1953,0
DA:1955,0
DA:1956,0
DA:1957,0
DA:1958,0
DA:1959,0
DA:1961,0
DA:1962,0
DA:1963,0
DA:1964,0
DA:1968,0
DA:1969,0
DA:1970,0
DA:1971,0
DA:1974,0
LF:747
LH:72
end_of_record
TN:
SF:/Users/aleksandrkireev/Apps/timeline-studio/src-tauri/src/video_compiler/error.rs
FN:89,<impl Display for VideoCompilerError>::fmt
FN:191,VideoCompilerError::gpu
FN:196,VideoCompilerError::gpu_unavailable
FN:201,VideoCompilerError::io
FN:206,VideoCompilerError::is_gpu_related
FN:215,VideoCompilerError::message
FN:220,VideoCompilerError::should_fallback_to_cpu
FN:248,<impl From for VideoCompilerError>::from
FN:259,VideoCompilerError::validation
FN:264,VideoCompilerError::ffmpeg
FN:277,VideoCompilerError::media_file
FN:285,VideoCompilerError::unsupported_format
FN:293,VideoCompilerError::render
FN:306,VideoCompilerError::preview
FN:312,VideoCompilerError::resource
FN:322,VideoCompilerError::timeout
FN:330,VideoCompilerError::is_critical
FN:340,VideoCompilerError::is_retryable
FN:350,VideoCompilerError::error_code
FN:411,<impl Default for OperationMetadata>::default
FNF:20
FNDA:12,<impl Display for VideoCompilerError>::fmt
FNDA:0,VideoCompilerError::gpu
FNDA:0,VideoCompilerError::gpu_unavailable
FNDA:0,VideoCompilerError::io
FNDA:0,VideoCompilerError::is_gpu_related
FNDA:0,VideoCompilerError::message
FNDA:0,VideoCompilerError::should_fallback_to_cpu
FNDA:0,<impl From for VideoCompilerError>::from
FNDA:0,VideoCompilerError::validation
FNDA:0,VideoCompilerError::ffmpeg
FNDA:0,VideoCompilerError::media_file
FNDA:0,VideoCompilerError::unsupported_format
FNDA:0,VideoCompilerError::render
FNDA:0,VideoCompilerError::preview
FNDA:0,VideoCompilerError::resource
FNDA:0,VideoCompilerError::timeout
FNDA:0,VideoCompilerError::is_critical
FNDA:0,VideoCompilerError::is_retryable
FNDA:0,VideoCompilerError::error_code
FNDA:0,<impl Default for OperationMetadata>::default
DA:89,12
DA:90,12
DA:91,3
DA:92,3
DA:95,0
DA:96,0
DA:97,0
DA:98,0
DA:99,0
DA:100,0
DA:102,0
DA:105,1
DA:106,1
DA:108,1
DA:109,1
DA:111,0
DA:112,0
DA:114,1
DA:115,1
DA:117,0
DA:118,0
DA:119,0
DA:121,0
DA:125,1
DA:126,1
DA:127,1
DA:128,1
DA:129,1
DA:130,1
DA:132,1
DA:135,1
DA:136,1
DA:138,1
DA:139,1
DA:141,0
DA:142,0
DA:145,0
DA:146,0
DA:147,0
DA:148,0
DA:149,0
DA:150,0
DA:152,0
DA:156,0
DA:157,0
DA:158,0
DA:159,0
DA:160,0
DA:162,0
DA:165,0
DA:166,0
DA:168,1
DA:169,1
DA:171,0
DA:172,0
DA:174,0
DA:175,0
DA:177,2
DA:178,2
DA:180,0
DA:181,0
DA:191,0
DA:192,0
DA:196,0
DA:197,0
DA:201,0
DA:202,0
DA:206,0
DA:207,0
DA:208,0
DA:215,0
DA:216,0
DA:220,0
DA:221,0
DA:222,0
DA:230,0
DA:231,0
DA:236,0
DA:237,0
DA:242,0
DA:243,0
DA:248,0
DA:250,0
DA:259,0
DA:260,0
DA:264,0
DA:271,0
DA:272,0
DA:277,0
DA:279,0
DA:280,0
DA:285,0
DA:287,0
DA:288,0
DA:293,0
DA:299,0
DA:300,0
DA:301,0
DA:306,0
DA:312,0
DA:314,0
DA:315,0
DA:316,0
DA:322,0
DA:324,0
DA:330,0
DA:331,0
DA:332,0
DA:340,0
DA:341,0
DA:342,0
DA:350,0
DA:351,0
DA:352,0
DA:353,0
DA:354,0
DA:355,0
DA:356,0
DA:357,0
DA:358,0
DA:359,0
DA:360,0
DA:361,0
DA:362,0
DA:363,0
DA:364,0
DA:365,0
DA:366,0
DA:367,0
DA:368,0
DA:369,0
DA:370,0
DA:411,0
DA:414,0
DA:415,0
LF:135
LH:25
end_of_record
TN:
SF:/Users/aleksandrkireev/Apps/timeline-studio/src-tauri/src/video_compiler/ffmpeg_builder.rs
FN:29,FFmpegBuilder::new
FN:37,FFmpegBuilder::with_settings
FN:42,FFmpegBuilder::build_render_command
FN:62,FFmpegBuilder::build_preview_command
FN:96,FFmpegBuilder::build_prerender_segment_command
FN:152,FFmpegBuilder::add_input_sources
FN:210,FFmpegBuilder::collect_input_sources
FN:235,FFmpegBuilder::add_filter_complex
FN:263,FFmpegBuilder::build_filter_complex
FN:301,FFmpegBuilder::build_video_filter_chain
FN:380,FFmpegBuilder::build_audio_filter_chain
FN:542,FFmpegBuilder::build_transition_filter
FN:622,FFmpegBuilder::build_clip_filters
FN:691,FFmpegBuilder::build_effect_filter
FN:1072,FFmpegBuilder::is_audio_effect
FN:1101,FFmpegBuilder::process_ffmpeg_template
FN:1127,FFmpegBuilder::build_video_effect_filter
FN:1175,FFmpegBuilder::build_color_correction_filter
FN:1204,FFmpegBuilder::add_output_settings
FN:1285,FFmpegBuilder::add_hardware_acceleration
FN:1389,FFmpegBuilder::add_cpu_encoding
FN:1418,FFmpegBuilder::add_global_options
FN:1439,FFmpegBuilder::quality_to_crf
FN:1447,FFmpegBuilder::add_bitrate_control
FN:1495,FFmpegBuilder::add_audio_settings
FN:1515,FFmpegBuilder::add_advanced_encoding_settings
FN:1555,FFmpegBuilder::get_video_tracks
FN:1565,FFmpegBuilder::get_audio_tracks
FN:1575,FFmpegBuilder::find_effect
FN:1584,FFmpegBuilder::find_filter
FN:1593,FFmpegBuilder::find_clip_by_id
FN:1603,FFmpegBuilder::get_clip_input_index
FN:1617,FFmpegBuilder::find_template
FN:1626,FFmpegBuilder::find_style_template
FN:1635,FFmpegBuilder::build_filter_string
FN:1703,FFmpegBuilder::build_color_channel_mixer_filter
FN:1734,FFmpegBuilder::build_template_filter
FN:1827,FFmpegBuilder::build_style_template_filter
FN:1983,FFmpegBuilder::apply_element_animation
FN:2051,FFmpegBuilder::build_subtitle_filter
FN:2092,FFmpegBuilder::build_single_subtitle_filter
FN:2175,FFmpegBuilder::apply_subtitle_animations
FN:2192,FFmpegBuilder::apply_single_subtitle_animation
FN:2277,FFmpegBuilder::escape_subtitle_text
FN:2288,FFmpegBuilder::get_font_path
FN:2303,FFmpegBuilder::calculate_subtitle_position
FN:2346,FFmpegBuilder::calculate_slide_positions
FN:2370,FFmpegBuilder::build_segment_filter_complex
FN:2459,<impl Default for FFmpegBuilderSettings>::default
FNF:49
FNDA:0,FFmpegBuilder::new
FNDA:0,FFmpegBuilder::with_settings
FNDA:0,FFmpegBuilder::build_render_command
FNDA:0,FFmpegBuilder::build_preview_command
FNDA:0,FFmpegBuilder::build_prerender_segment_command
FNDA:0,FFmpegBuilder::add_input_sources
FNDA:0,FFmpegBuilder::collect_input_sources
FNDA:0,FFmpegBuilder::add_filter_complex
FNDA:0,FFmpegBuilder::build_filter_complex
FNDA:0,FFmpegBuilder::build_video_filter_chain
FNDA:0,FFmpegBuilder::build_audio_filter_chain
FNDA:0,FFmpegBuilder::build_transition_filter
FNDA:0,FFmpegBuilder::build_clip_filters
FNDA:0,FFmpegBuilder::build_effect_filter
FNDA:0,FFmpegBuilder::is_audio_effect
FNDA:0,FFmpegBuilder::process_ffmpeg_template
FNDA:0,FFmpegBuilder::build_video_effect_filter
FNDA:0,FFmpegBuilder::build_color_correction_filter
FNDA:0,FFmpegBuilder::add_output_settings
FNDA:0,FFmpegBuilder::add_hardware_acceleration
FNDA:0,FFmpegBuilder::add_cpu_encoding
FNDA:0,FFmpegBuilder::add_global_options
FNDA:0,FFmpegBuilder::quality_to_crf
FNDA:0,FFmpegBuilder::add_bitrate_control
FNDA:0,FFmpegBuilder::add_audio_settings
FNDA:0,FFmpegBuilder::add_advanced_encoding_settings
FNDA:0,FFmpegBuilder::get_video_tracks
FNDA:0,FFmpegBuilder::get_audio_tracks
FNDA:0,FFmpegBuilder::find_effect
FNDA:0,FFmpegBuilder::find_filter
FNDA:0,FFmpegBuilder::find_clip_by_id
FNDA:0,FFmpegBuilder::get_clip_input_index
FNDA:0,FFmpegBuilder::find_template
FNDA:0,FFmpegBuilder::find_style_template
FNDA:0,FFmpegBuilder::build_filter_string
FNDA:0,FFmpegBuilder::build_color_channel_mixer_filter
FNDA:0,FFmpegBuilder::build_template_filter
FNDA:0,FFmpegBuilder::build_style_template_filter
FNDA:0,FFmpegBuilder::apply_element_animation
FNDA:0,FFmpegBuilder::build_subtitle_filter
FNDA:0,FFmpegBuilder::build_single_subtitle_filter
FNDA:0,FFmpegBuilder::apply_subtitle_animations
FNDA:0,FFmpegBuilder::apply_single_subtitle_animation
FNDA:0,FFmpegBuilder::escape_subtitle_text
FNDA:0,FFmpegBuilder::get_font_path
FNDA:0,FFmpegBuilder::calculate_subtitle_position
FNDA:0,FFmpegBuilder::calculate_slide_positions
FNDA:0,FFmpegBuilder::build_segment_filter_complex
FNDA:0,<impl Default for FFmpegBuilderSettings>::default
DA:29,0
DA:32,0
DA:37,0
DA:42,0
DA:43,0
DA:46,0
DA:49,0
DA:52,0
DA:55,0
DA:57,0
DA:62,0
DA:69,0
DA:72,0
DA:75,0
DA:78,0
DA:81,0
DA:84,0
DA:87,0
DA:90,0
DA:92,0
DA:96,0
DA:103,0
DA:106,0
DA:109,0
DA:112,0
DA:115,0
DA:116,0
DA:117,0
DA:118,0
DA:119,0
DA:120,0
DA:125,0
DA:126,0
DA:129,0
DA:130,0
DA:131,0
DA:134,0
DA:135,0
DA:138,0
DA:139,0
DA:140,0
DA:143,0
DA:146,0
DA:148,0
DA:152,0
DA:153,0
DA:158,0
DA:160,0
DA:162,0
DA:163,0
DA:165,0
DA:167,0
DA:168,0
DA:170,0
DA:172,0
DA:173,0
DA:174,0
DA:176,0
DA:178,0
DA:180,0
DA:182,0
DA:184,0
DA:191,0
DA:193,0
DA:194,0
DA:201,0
DA:202,0
DA:210,0
DA:211,0
DA:212,0
DA:214,0
DA:216,0
DA:219,0
DA:231,0
DA:235,0
DA:236,0
DA:239,0
DA:242,0
DA:243,0
DA:244,0
DA:246,0
DA:247,0
DA:248,0
DA:250,0
DA:254,0
DA:255,0
DA:263,0
DA:264,0
DA:265,0
DA:268,0
DA:269,0
DA:270,0
DA:271,0
DA:272,0
DA:273,0
DA:274,0
DA:279,0
DA:280,0
DA:281,0
DA:282,0
DA:283,0
DA:284,0
DA:285,0
DA:290,0
DA:291,0
DA:292,0
DA:293,0
DA:297,0
DA:301,0
DA:307,0
DA:308,0
DA:311,0
DA:312,0
DA:313,0
DA:320,0
DA:326,0
DA:329,0
DA:330,0
DA:331,0
DA:337,0
DA:338,0
DA:339,0
DA:340,0
DA:345,0
DA:347,0
DA:348,0
DA:350,0
DA:355,0
DA:356,0
DA:358,0
DA:365,0
DA:366,0
DA:368,0
DA:369,0
DA:371,0
DA:372,0
DA:373,0
DA:375,0
DA:380,0
DA:385,0
DA:386,0
DA:389,0
DA:390,0
DA:394,0
DA:395,0
DA:396,0
DA:397,0
DA:398,0
DA:404,0
DA:405,0
DA:408,0
DA:409,0
DA:410,0
DA:411,0
DA:413,0
DA:414,0
DA:415,0
DA:417,0
DA:418,0
DA:424,0
DA:425,0
DA:427,0
DA:428,0
DA:429,0
DA:436,0
DA:437,0
DA:439,0
DA:440,0
DA:441,0
DA:448,0
DA:449,0
DA:450,0
DA:454,0
DA:455,0
DA:460,0
DA:462,0
DA:477,0
DA:478,0
DA:482,0
DA:486,0
DA:490,0
DA:491,0
DA:494,0
DA:500,0
DA:502,0
DA:504,0
DA:505,0
DA:508,0
DA:510,0
DA:511,0
DA:512,0
DA:513,0
DA:516,0
DA:519,0
DA:523,0
DA:530,0
DA:542,0
DA:551,0
DA:554,0
DA:555,0
DA:556,0
DA:557,0
DA:558,0
DA:559,0
DA:560,0
DA:561,0
DA:562,0
DA:563,0
DA:564,0
DA:565,0
DA:566,0
DA:568,0
DA:569,0
DA:570,0
DA:571,0
DA:572,0
DA:573,0
DA:574,0
DA:575,0
DA:576,0
DA:577,0
DA:578,0
DA:584,0
DA:585,0
DA:587,0
DA:588,0
DA:589,0
DA:590,0
DA:591,0
DA:592,0
DA:595,0
DA:597,0
DA:598,0
DA:603,0
DA:604,0
DA:609,0
DA:610,0
DA:612,0
DA:615,0
DA:616,0
DA:617,0
DA:622,0
DA:628,0
DA:631,0
DA:632,0
DA:633,0
DA:634,0
DA:635,0
DA:636,0
DA:639,0
DA:643,0
DA:644,0
DA:648,0
DA:649,0
DA:650,0
DA:651,0
DA:652,0
DA:658,0
DA:659,0
DA:660,0
DA:661,0
DA:662,0
DA:667,0
DA:668,0
DA:669,0
DA:670,0
DA:672,0
DA:676,0
DA:677,0
DA:678,0
DA:680,0
DA:681,0
DA:682,0
DA:687,0
DA:691,0
DA:692,0
DA:693,0
DA:697,0
DA:701,0
DA:704,0
DA:708,0
DA:712,0
DA:716,0
DA:717,0
DA:718,0
DA:719,0
DA:720,0
DA:723,0
DA:726,0
DA:727,0
DA:728,0
DA:730,0
DA:732,0
DA:733,0
DA:735,0
DA:738,0
DA:739,0
DA:740,0
DA:742,0
DA:744,0
DA:746,0
DA:747,0
DA:748,0
DA:750,0
DA:751,0
DA:752,0
DA:754,0
DA:755,0
DA:756,0
DA:759,0
DA:761,0
DA:764,0
DA:767,0
DA:770,0
DA:772,0
DA:774,0
DA:776,0
DA:777,0
DA:780,0
DA:781,0
DA:782,0
DA:783,0
DA:784,0
DA:787,0
DA:788,0
DA:789,0
DA:792,0
DA:793,0
DA:794,0
DA:799,0
DA:800,0
DA:801,0
DA:802,0
DA:803,0
DA:806,0
DA:809,0
DA:811,0
DA:813,0
DA:814,0
DA:815,0
DA:817,0
DA:818,0
DA:819,0
DA:823,0
DA:824,0
DA:825,0
DA:827,0
DA:829,0
DA:830,0
DA:833,0
DA:838,0
DA:839,0
DA:844,0
DA:845,0
DA:846,0
DA:848,0
DA:851,0
DA:852,0
DA:853,0
DA:855,0
DA:858,0
DA:859,0
DA:860,0
DA:862,0
DA:865,0
DA:866,0
DA:867,0
DA:869,0
DA:870,0
DA:871,0
DA:873,0
DA:874,0
DA:875,0
DA:877,0
DA:878,0
DA:879,0
DA:883,0
DA:884,0
DA:885,0
DA:887,0
DA:888,0
DA:889,0
DA:891,0
DA:892,0
DA:893,0
DA:895,0
DA:896,0
DA:897,0
DA:899,0
DA:900,0
DA:901,0
DA:905,0
DA:906,0
DA:907,0
DA:909,0
DA:910,0
DA:911,0
DA:913,0
DA:914,0
DA:915,0
DA:917,0
DA:918,0
DA:919,0
DA:920,0
DA:924,0
DA:925,0
DA:926,0
DA:928,0
DA:929,0
DA:930,0
DA:932,0
DA:935,0
DA:936,0
DA:937,0
DA:939,0
DA:940,0
DA:941,0
DA:943,0
DA:946,0
DA:947,0
DA:948,0
DA:950,0
DA:953,0
DA:954,0
DA:955,0
DA:957,0
DA:960,0
DA:961,0
DA:962,0
DA:964,0
DA:967,0
DA:968,0
DA:969,0
DA:971,0
DA:974,0
DA:975,0
DA:976,0
DA:978,0
DA:981,0
DA:982,0
DA:983,0
DA:985,0
DA:986,0
DA:987,0
DA:989,0
DA:990,0
DA:991,0
DA:995,0
DA:996,0
DA:997,0
DA:999,0
DA:1000,0
DA:1001,0
DA:1003,0
DA:1006,0
DA:1007,0
DA:1008,0
DA:1010,0
DA:1013,0
DA:1014,0
DA:1015,0
DA:1017,0
DA:1018,0
DA:1019,0
DA:1021,0
DA:1022,0
DA:1023,0
DA:1024,0
DA:1028,0
DA:1029,0
DA:1030,0
DA:1032,0
DA:1033,0
DA:1034,0
DA:1037,0
DA:1038,0
DA:1039,0
DA:1041,0
DA:1044,0
DA:1045,0
DA:1046,0
DA:1048,0
DA:1051,0
DA:1052,0
DA:1053,0
DA:1055,0
DA:1058,0
DA:1059,0
DA:1060,0
DA:1062,0
DA:1063,0
DA:1064,0
DA:1066,0
DA:1072,0
DA:1073,0
DA:1074,0
DA:1101,0
DA:1102,0
DA:1105,0
DA:1108,0
DA:1109,0
DA:1110,0
DA:1111,0
DA:1112,0
DA:1113,0
DA:1115,0
DA:1118,0
DA:1123,0
DA:1127,0
DA:1128,0
DA:1129,0
DA:1130,0
DA:1131,0
DA:1132,0
DA:1136,0
DA:1139,0
DA:1141,0
DA:1142,0
DA:1145,0
DA:1146,0
DA:1150,0
DA:1154,0
DA:1156,0
DA:1157,0
DA:1160,0
DA:1161,0
DA:1165,0
DA:1169,0
DA:1175,0
DA:1176,0
DA:1178,0
DA:1179,0
DA:1181,0
DA:1184,0
DA:1185,0
DA:1187,0
DA:1190,0
DA:1191,0
DA:1193,0
DA:1196,0
DA:1197,0
DA:1199,0
DA:1204,0
DA:1205,0
DA:1208,0
DA:1209,0
DA:1212,0
DA:1216,0
DA:1218,0
DA:1220,0
DA:1221,0
DA:1222,0
DA:1224,0
DA:1230,0
DA:1234,0
DA:1235,0
DA:1236,0
DA:1238,0
DA:1239,0
DA:1241,0
DA:1242,0
DA:1244,0
DA:1245,0
DA:1247,0
DA:1248,0
DA:1274,0
DA:1285,0
DA:1289,0
DA:1292,0
DA:1295,0
DA:1298,0
DA:1299,0
DA:1300,0
DA:1301,0
DA:1302,0
DA:1303,0
DA:1306,0
DA:1310,0
DA:1313,0
DA:1316,0
DA:1321,0
DA:1322,0
DA:1332,0
DA:1333,0
DA:1334,0
DA:1335,0
DA:1339,0
DA:1340,0
DA:1343,0
DA:1344,0
DA:1349,0
DA:1350,0
DA:1352,0
DA:1353,0
DA:1355,0
DA:1357,0
DA:1358,0
DA:1360,0
DA:1362,0
DA:1364,0
DA:1367,0
DA:1368,0
DA:1374,0
DA:1377,0
DA:1378,0
DA:1382,0
DA:1383,0
DA:1389,0
DA:1390,0
DA:1391,0
DA:1392,0
DA:1393,0
DA:1394,0
DA:1395,0
DA:1397,0
DA:1398,0
DA:1399,0
DA:1400,0
DA:1401,0
DA:1402,0
DA:1404,0
DA:1405,0
DA:1406,0
DA:1407,0
DA:1408,0
DA:1410,0
DA:1411,0
DA:1412,0
DA:1418,0
DA:1420,0
DA:1423,0
DA:1426,0
DA:1431,0
DA:1434,0
DA:1435,0
DA:1439,0
DA:1441,0
DA:1442,0
DA:1443,0
DA:1447,0
DA:1448,0
DA:1450,0
DA:1454,0
DA:1455,0
DA:1458,0
DA:1461,0
DA:1462,0
DA:1463,0
DA:1466,0
DA:1468,0
DA:1469,0
DA:1474,0
DA:1476,0
DA:1477,0
DA:1479,0
DA:1481,0
DA:1482,0
DA:1488,0
DA:1495,0
DA:1496,0
DA:1498,0
DA:1499,0
DA:1500,0
DA:1501,0
DA:1502,0
DA:1503,0
DA:1504,0
DA:1505,0
DA:1511,0
DA:1515,0
DA:1516,0
DA:1518,0
DA:1523,0
DA:1528,0
DA:1529,0
DA:1530,0
DA:1536,0
DA:1541,0
DA:1542,0
DA:1545,0
DA:1547,0
DA:1548,0
DA:1549,0
DA:1555,0
DA:1556,0
DA:1557,0
DA:1558,0
DA:1560,0
DA:1565,0
DA:1566,0
DA:1567,0
DA:1568,0
DA:1570,0
DA:1575,0
DA:1576,0
DA:1577,0
DA:1578,0
DA:1580,0
DA:1584,0
DA:1585,0
DA:1586,0
DA:1587,0
DA:1589,0
DA:1593,0
DA:1594,0
DA:1595,0
DA:1599,0
DA:1603,0
DA:1604,0
DA:1605,0
DA:1606,0
DA:1608,0
DA:1610,0
DA:1613,0
DA:1617,0
DA:1618,0
DA:1619,0
DA:1620,0
DA:1622,0
DA:1626,0
DA:1627,0
DA:1628,0
DA:1629,0
DA:1631,0
DA:1635,0
DA:1636,0
DA:1637,0
DA:1641,0
DA:1646,0
DA:1648,0
DA:1650,0
DA:1653,0
DA:1655,0
DA:1658,0
DA:1660,0
DA:1663,0
DA:1665,0
DA:1668,0
DA:1670,0
DA:1674,0
DA:1675,0
DA:1678,0
DA:1679,0
DA:1682,0
DA:1683,0
DA:1686,0
DA:1687,0
DA:1688,0
DA:1689,0
DA:1692,0
DA:1693,0
DA:1697,0
DA:1703,0
DA:1704,0
DA:1706,0
DA:1707,0
DA:1708,0
DA:1710,0
DA:1712,0
DA:1713,0
DA:1715,0
DA:1717,0
DA:1718,0
DA:1720,0
DA:1721,0
DA:1723,0
DA:1726,0
DA:1727,0
DA:1729,0
DA:1734,0
DA:1739,0
DA:1740,0
DA:1741,0
DA:1742,0
DA:1745,0
DA:1746,0
DA:1749,0
DA:1750,0
DA:1751,0
DA:1761,0
DA:1763,0
DA:1764,0
DA:1765,0
DA:1768,0
DA:1770,0
DA:1771,0
DA:1772,0
DA:1775,0
DA:1777,0
DA:1782,0
DA:1783,0
DA:1784,0
DA:1785,0
DA:1786,0
DA:1801,0
DA:1803,0
DA:1817,0
DA:1818,0
DA:1820,0
DA:1823,0
DA:1827,0
DA:1833,0
DA:1834,0
DA:1837,0
DA:1839,0
DA:1840,0
DA:1842,0
DA:1845,0
DA:1852,0
DA:1856,0
DA:1860,0
DA:1884,0
DA:1899,0
DA:1927,0
DA:1958,0
DA:1959,0
DA:1966,0
DA:1967,0
DA:1975,0
DA:1979,0
DA:1983,0
DA:1993,0
DA:1994,0
DA:1996,0
DA:1999,0
DA:2000,0
DA:2001,0
DA:2006,0
DA:2007,0
DA:2008,0
DA:2009,0
DA:2010,0
DA:2011,0
DA:2016,0
DA:2017,0
DA:2019,0
DA:2020,0
DA:2021,0
DA:2022,0
DA:2023,0
DA:2024,0
DA:2027,0
DA:2028,0
DA:2029,0
DA:2030,0
DA:2031,0
DA:2032,0
DA:2033,0
DA:2034,0
DA:2035,0
DA:2036,0
DA:2041,0
DA:2042,0
DA:2045,0
DA:2051,0
DA:2052,0
DA:2054,0
DA:2055,0
DA:2056,0
DA:2059,0
DA:2060,0
DA:2061,0
DA:2065,0
DA:2066,0
DA:2071,0
DA:2073,0
DA:2075,0
DA:2077,0
DA:2080,0
DA:2082,0
DA:2092,0
DA:2093,0
DA:2094,0
DA:2097,0
DA:2100,0
DA:2101,0
DA:2102,0
DA:2114,0
DA:2115,0
DA:2116,0
DA:2117,0
DA:2118,0
DA:2119,0
DA:2130,0
DA:2131,0
DA:2132,0
DA:2133,0
DA:2138,0
DA:2139,0
DA:2140,0
DA:2141,0
DA:2142,0
DA:2147,0
DA:2157,0
DA:2158,0
DA:2159,0
DA:2160,0
DA:2168,0
DA:2171,0
DA:2175,0
DA:2180,0
DA:2182,0
DA:2183,0
DA:2184,0
DA:2185,0
DA:2188,0
DA:2192,0
DA:2198,0
DA:2199,0
DA:2201,0
DA:2204,0
DA:2205,0
DA:2206,0
DA:2211,0
DA:2212,0
DA:2213,0
DA:2218,0
DA:2233,0
DA:2238,0
DA:2253,0
DA:2258,0
DA:2259,0
DA:2260,0
DA:2261,0
DA:2262,0
DA:2263,0
DA:2264,0
DA:2265,0
DA:2271,0
DA:2277,0
DA:2278,0
DA:2288,0
DA:2291,0
DA:2292,0
DA:2293,0
DA:2294,0
DA:2297,0
DA:2303,0
DA:2304,0
DA:2305,0
DA:2306,0
DA:2309,0
DA:2310,0
DA:2313,0
DA:2314,0
DA:2315,0
DA:2316,0
DA:2319,0
DA:2320,0
DA:2321,0
DA:2322,0
DA:2326,0
DA:2327,0
DA:2330,0
DA:2331,0
DA:2333,0
DA:2336,0
DA:2337,0
DA:2339,0
DA:2342,0
DA:2346,0
DA:2351,0
DA:2352,0
DA:2353,0
DA:2355,0
DA:2358,0
DA:2359,0
DA:2361,0
DA:2362,0
DA:2363,0
DA:2364,0
DA:2365,0
DA:2366,0
DA:2370,0
DA:2371,0
DA:2372,0
DA:2375,0
DA:2376,0
DA:2377,0
DA:2379,0
DA:2380,0
DA:2382,0
DA:2383,0
DA:2384,0
DA:2386,0
DA:2391,0
DA:2392,0
DA:2393,0
DA:2395,0
DA:2396,0
DA:2397,0
DA:2398,0
DA:2399,0
DA:2400,0
DA:2406,0
DA:2407,0
DA:2408,0
DA:2409,0
DA:2410,0
DA:2414,0
DA:2415,0
DA:2416,0
DA:2418,0
DA:2419,0
DA:2420,0
DA:2421,0
DA:2424,0
DA:2459,0
DA:2461,0
DA:2465,0
LF:1010
LH:0
end_of_record
TN:
SF:/Users/aleksandrkireev/Apps/timeline-studio/src-tauri/src/video_compiler/frame_extraction.rs
FN:93,<impl Default for ExtractionSettings>::default
FN:122,FrameExtractionManager::new
FN:127,FrameExtractionManager::get_cache
FN:132,FrameExtractionManager::with_ffmpeg_path
FN:215,FrameExtractionManager::extract_frames_for_clip
FN:242,FrameExtractionManager::extract_frames_for_subtitles
FN:289,FrameExtractionManager::extract_frames_for_recognition
FN:328,FrameExtractionManager::get_default_settings
FN:337,FrameExtractionManager::calculate_timestamps
FN:429,FrameExtractionManager::extract_frames_batch
FNF:10
FNDA:0,<impl Default for ExtractionSettings>::default
FNDA:0,FrameExtractionManager::new
FNDA:0,FrameExtractionManager::get_cache
FNDA:0,FrameExtractionManager::with_ffmpeg_path
FNDA:0,FrameExtractionManager::extract_frames_for_clip
FNDA:0,FrameExtractionManager::extract_frames_for_subtitles
FNDA:0,FrameExtractionManager::extract_frames_for_recognition
FNDA:0,FrameExtractionManager::get_default_settings
FNDA:0,FrameExtractionManager::calculate_timestamps
FNDA:0,FrameExtractionManager::extract_frames_batch
DA:93,0
DA:95,0
DA:97,0
DA:122,0
DA:123,0
DA:127,0
DA:128,0
DA:132,0
DA:133,0
DA:134,0
DA:137,0
DA:138,0
DA:139,0
DA:140,0
DA:141,0
DA:142,0
DA:143,0
DA:145,0
DA:146,0
DA:147,0
DA:148,0
DA:149,0
DA:150,0
DA:151,0
DA:152,0
DA:157,0
DA:158,0
DA:159,0
DA:160,0
DA:161,0
DA:162,0
DA:163,0
DA:164,0
DA:165,0
DA:166,0
DA:167,0
DA:168,0
DA:173,0
DA:174,0
DA:175,0
DA:176,0
DA:177,0
DA:178,0
DA:179,0
DA:180,0
DA:181,0
DA:182,0
DA:183,0
DA:184,0
DA:189,0
DA:190,0
DA:191,0
DA:192,0
DA:193,0
DA:195,0
DA:196,0
DA:197,0
DA:198,0
DA:199,0
DA:200,0
DA:201,0
DA:202,0
DA:215,0
DA:220,0
DA:221,0
DA:223,0
DA:224,0
DA:227,0
DA:228,0
DA:229,0
DA:230,0
DA:231,0
DA:232,0
DA:236,0
DA:237,0
DA:238,0
DA:242,0
DA:248,0
DA:249,0
DA:251,0
DA:253,0
DA:254,0
DA:255,0
DA:259,0
DA:260,0
DA:261,0
DA:265,0
DA:266,0
DA:268,0
DA:269,0
DA:270,0
DA:271,0
DA:273,0
DA:275,0
DA:276,0
DA:277,0
DA:278,0
DA:279,0
DA:280,0
DA:281,0
DA:285,0
DA:289,0
DA:295,0
DA:296,0
DA:299,0
DA:308,0
DA:310,0
DA:316,0
DA:317,0
DA:318,0
DA:319,0
DA:320,0
DA:321,0
DA:328,0
DA:329,0
DA:330,0
DA:331,0
DA:337,0
DA:345,0
DA:347,0
DA:348,0
DA:349,0
DA:350,0
DA:352,0
DA:353,0
DA:354,0
DA:363,0
DA:368,0
DA:372,0
DA:373,0
DA:374,0
DA:375,0
DA:376,0
DA:379,0
DA:380,0
DA:381,0
DA:382,0
DA:386,0
DA:393,0
DA:400,0
DA:401,0
DA:404,0
DA:405,0
DA:406,0
DA:407,0
DA:411,0
DA:416,0
DA:421,0
DA:424,0
DA:429,0
DA:437,0
DA:438,0
DA:441,0
DA:442,0
DA:443,0
DA:446,0
DA:448,0
DA:449,0
DA:450,0
DA:451,0
DA:454,0
DA:462,0
DA:464,0
DA:469,0
DA:471,0
DA:472,0
DA:473,0
DA:474,0
DA:482,0
DA:484,0
DA:485,0
DA:487,0
DA:488,0
DA:489,0
DA:490,0
DA:492,0
DA:494,0
DA:495,0
DA:496,0
DA:497,0
DA:500,0
DA:501,0
DA:502,0
DA:503,0
DA:506,0
DA:507,0
DA:508,0
DA:510,0
DA:512,0
DA:513,0
DA:514,0
DA:515,0
DA:516,0
DA:517,0
DA:520,0
DA:521,0
DA:527,0
DA:528,0
DA:529,0
DA:530,0
DA:531,0
DA:532,0
DA:533,0
DA:534,0
DA:536,0
DA:538,0
DA:541,0
DA:542,0
DA:543,0
DA:544,0
DA:547,0
DA:548,0
DA:549,0
DA:551,0
DA:553,0
DA:554,0
DA:555,0
DA:556,0
DA:557,0
DA:558,0
DA:561,0
DA:562,0
DA:570,0
LF:223
LH:0
end_of_record
TN:
SF:/Users/aleksandrkireev/Apps/timeline-studio/src-tauri/src/video_compiler/gpu.rs
FN:33,GpuEncoder::h264_codec_name
FN:46,GpuEncoder::hevc_codec_name
FN:58,GpuEncoder::is_hardware
FN:90,GpuDetector::new
FN:95,GpuDetector::detect_available_encoders
FN:117,GpuDetector::check_encoder_available
FN:133,GpuDetector::get_recommended_encoder
FN:165,GpuDetector::get_gpu_capabilities
FN:179,GpuDetector::get_current_gpu_info
FNF:9
FNDA:2,GpuEncoder::h264_codec_name
FNDA:1,GpuEncoder::hevc_codec_name
FNDA:2,GpuEncoder::is_hardware
FNDA:2,GpuDetector::new
FNDA:10,GpuDetector::detect_available_encoders
FNDA:50,GpuDetector::check_encoder_available
FNDA:4,GpuDetector::get_recommended_encoder
FNDA:4,GpuDetector::get_gpu_capabilities
FNDA:4,GpuDetector::get_current_gpu_info
DA:33,2
DA:34,2
DA:35,1
DA:36,1
DA:37,0
DA:38,0
DA:39,0
DA:40,0
DA:46,1
DA:47,1
DA:48,0
DA:49,1
DA:50,0
DA:51,0
DA:52,0
DA:53,0
DA:58,2
DA:59,3
DA:90,2
DA:95,10
DA:96,5
DA:99,5
DA:100,5
DA:101,5
DA:102,5
DA:103,5
DA:104,5
DA:107,55
DA:108,30
DA:109,5
DA:113,5
DA:117,50
DA:118,50
DA:119,25
DA:121,25
DA:122,50
DA:125,25
DA:126,25
DA:128,0
DA:133,4
DA:134,4
DA:137,0
DA:142,2
DA:145,2
DA:148,2
DA:154,4
DA:155,2
DA:156,2
DA:161,0
DA:165,4
DA:166,4
DA:167,2
DA:168,4
DA:170,2
DA:171,2
DA:172,2
DA:173,2
DA:174,2
DA:179,4
DA:207,4
DA:213,0
DA:214,0
DA:215,0
DA:216,0
DA:217,0
DA:218,0
DA:219,0
DA:220,0
DA:356,4
DA:358,4
DA:359,2
DA:361,2
DA:362,4
DA:367,2
DA:368,2
DA:369,2
DA:370,2
DA:371,2
DA:372,2
DA:373,2
DA:374,2
DA:375,2
DA:376,2
DA:380,0
DA:390,0
DA:391,0
DA:392,0
DA:393,0
DA:394,0
DA:395,0
DA:396,0
DA:397,0
DA:402,0
DA:403,0
DA:404,0
DA:405,0
DA:406,0
DA:407,0
DA:408,0
DA:409,0
DA:412,0
DA:413,0
DA:414,0
DA:415,0
DA:416,0
DA:421,0
DA:422,0
DA:423,0
DA:424,0
DA:425,0
DA:426,0
DA:427,0
DA:428,0
DA:429,0
DA:432,0
DA:433,0
DA:434,0
DA:435,0
DA:436,0
DA:437,0
DA:438,0
DA:439,0
DA:440,0
DA:441,0
DA:442,0
DA:443,0
DA:444,0
DA:445,0
DA:446,0
DA:451,0
DA:452,0
DA:453,0
DA:454,0
DA:455,0
DA:456,0
DA:459,0
DA:460,0
DA:461,0
DA:462,0
DA:463,0
DA:464,0
DA:465,0
DA:466,0
DA:467,0
DA:472,0
DA:473,0
DA:474,0
DA:475,0
DA:476,0
DA:477,0
DA:478,0
DA:479,0
DA:480,0
DA:481,0
DA:486,0
DA:487,0
DA:488,0
DA:489,0
DA:490,0
DA:491,0
DA:492,0
DA:493,0
DA:494,0
DA:495,0
DA:500,0
DA:501,0
DA:502,0
DA:503,0
DA:504,0
DA:505,0
DA:506,0
DA:507,0
DA:508,0
DA:509,0
DA:514,0
DA:516,0
DA:517,0
DA:521,0
DA:523,0
DA:524,0
DA:528,0
DA:530,0
DA:531,0
DA:535,0
DA:537,0
DA:538,0
DA:542,0
DA:544,0
DA:548,0
DA:550,0
DA:551,0
LF:191
LH:63
end_of_record
TN:
SF:/Users/aleksandrkireev/Apps/timeline-studio/src-tauri/src/video_compiler/mod.rs
FN:62,<impl Default for CompilerSettings>::default
FN:96,check_dependencies
FN:165,initialize
FNF:3
FNDA:31,<impl Default for CompilerSettings>::default
FNDA:0,check_dependencies
FNDA:0,initialize
DA:62,31
DA:66,31
DA:96,0
DA:98,0
DA:109,0
DA:110,0
DA:112,0
DA:115,0
DA:117,0
DA:119,0
DA:122,0
DA:123,0
DA:124,0
DA:135,0
DA:140,0
DA:146,0
DA:148,0
DA:154,0
DA:155,0
DA:156,0
DA:157,0
DA:158,0
DA:159,0
DA:160,0
DA:165,0
DA:166,0
DA:169,0
DA:177,0
DA:180,0
DA:181,0
DA:182,0
DA:183,0
DA:187,0
DA:188,0
DA:189,0
LF:35
LH:2
end_of_record
TN:
SF:/Users/aleksandrkireev/Apps/timeline-studio/src-tauri/src/video_compiler/pipeline.rs
FN:39,RenderPipeline::new
FN:68,RenderPipeline::add_default_stages
FN:78,RenderPipeline::add_stage
FN:83,RenderPipeline::execute
FN:234,RenderPipeline::update_progress
FN:245,RenderPipeline::cancel
FN:252,RenderPipeline::get_statistics
FN:284,PipelineContext::new
FN:305,PipelineContext::add_intermediate_file
FN:311,PipelineContext::get_intermediate_file
FN:316,PipelineContext::set_user_data
FN:325,PipelineContext::get_user_data
FN:333,PipelineContext::is_cancelled
FN:338,PipelineContext::ensure_temp_dir
FN:348,PipelineContext::cleanup
FN:368,PipelineStage::estimated_duration
FN:373,PipelineStage::can_skip
FN:383,ValidationStage::new
FN:390,<impl PipelineStage for ValidationStage>::process
FN:500,<impl PipelineStage for ValidationStage>::name
FN:504,<impl PipelineStage for ValidationStage>::estimated_duration
FN:508,<impl PipelineStage for ValidationStage>::can_skip
FN:531,PreprocessingStage::new
FN:538,<impl PipelineStage for PreprocessingStage>::process
FN:556,<impl PipelineStage for PreprocessingStage>::name
FN:560,<impl PipelineStage for PreprocessingStage>::estimated_duration
FN:567,PreprocessingStage::analyze_media_file
FN:638,PreprocessingStage::prepare_intermediate_files
FN:680,PreprocessingStage::check_needs_conversion
FN:697,CompositionStage::new
FN:704,<impl PipelineStage for CompositionStage>::process
FN:725,<impl PipelineStage for CompositionStage>::name
FN:729,<impl PipelineStage for CompositionStage>::estimated_duration
FN:736,CompositionStage::compose_video_tracks
FN:795,CompositionStage::build_video_composition_command
FN:849,CompositionStage::compose_audio_tracks
FN:897,CompositionStage::build_audio_composition_command
FN:959,EncodingStage::new
FN:966,<impl PipelineStage for EncodingStage>::process
FN:984,<impl PipelineStage for EncodingStage>::name
FN:988,<impl PipelineStage for EncodingStage>::estimated_duration
FN:995,EncodingStage::encode_final_video
FN:1105,EncodingStage::parse_ffmpeg_progress
FN:1166,FinalizationStage::new
FN:1173,<impl PipelineStage for FinalizationStage>::process
FN:1216,<impl PipelineStage for FinalizationStage>::name
FN:1220,<impl PipelineStage for FinalizationStage>::estimated_duration
FN:1227,FinalizationStage::add_metadata
FN:1284,FinalizationStage::save_statistics
FN:1338,<impl Default for PipelineStatistics>::default
FN:1356,PipelineStatistics::total_duration
FN:1365,PipelineStatistics::add_error
FN:1370,PipelineStatistics::add_warning
FNF:53
FNDA:0,RenderPipeline::new
FNDA:0,RenderPipeline::add_default_stages
FNDA:0,RenderPipeline::add_stage
FNDA:0,RenderPipeline::execute
FNDA:0,RenderPipeline::update_progress
FNDA:0,RenderPipeline::cancel
FNDA:0,RenderPipeline::get_statistics
FNDA:0,PipelineContext::new
FNDA:0,PipelineContext::add_intermediate_file
FNDA:0,PipelineContext::get_intermediate_file
FNDA:0,PipelineContext::set_user_data
FNDA:0,PipelineContext::get_user_data
FNDA:0,PipelineContext::is_cancelled
FNDA:0,PipelineContext::ensure_temp_dir
FNDA:0,PipelineContext::cleanup
FNDA:0,PipelineStage::estimated_duration
FNDA:0,PipelineStage::can_skip
FNDA:0,ValidationStage::new
FNDA:0,<impl PipelineStage for ValidationStage>::process
FNDA:0,<impl PipelineStage for ValidationStage>::name
FNDA:0,<impl PipelineStage for ValidationStage>::estimated_duration
FNDA:0,<impl PipelineStage for ValidationStage>::can_skip
FNDA:0,PreprocessingStage::new
FNDA:0,<impl PipelineStage for PreprocessingStage>::process
FNDA:0,<impl PipelineStage for PreprocessingStage>::name
FNDA:0,<impl PipelineStage for PreprocessingStage>::estimated_duration
FNDA:0,PreprocessingStage::analyze_media_file
FNDA:0,PreprocessingStage::prepare_intermediate_files
FNDA:0,PreprocessingStage::check_needs_conversion
FNDA:0,CompositionStage::new
FNDA:0,<impl PipelineStage for CompositionStage>::process
FNDA:0,<impl PipelineStage for CompositionStage>::name
FNDA:0,<impl PipelineStage for CompositionStage>::estimated_duration
FNDA:0,CompositionStage::compose_video_tracks
FNDA:0,CompositionStage::build_video_composition_command
FNDA:0,CompositionStage::compose_audio_tracks
FNDA:0,CompositionStage::build_audio_composition_command
FNDA:0,EncodingStage::new
FNDA:0,<impl PipelineStage for EncodingStage>::process
FNDA:0,<impl PipelineStage for EncodingStage>::name
FNDA:0,<impl PipelineStage for EncodingStage>::estimated_duration
FNDA:0,EncodingStage::encode_final_video
FNDA:0,EncodingStage::parse_ffmpeg_progress
FNDA:0,FinalizationStage::new
FNDA:0,<impl PipelineStage for FinalizationStage>::process
FNDA:0,<impl PipelineStage for FinalizationStage>::name
FNDA:0,<impl PipelineStage for FinalizationStage>::estimated_duration
FNDA:0,FinalizationStage::add_metadata
FNDA:0,FinalizationStage::save_statistics
FNDA:0,<impl Default for PipelineStatistics>::default
FNDA:0,PipelineStatistics::total_duration
FNDA:0,PipelineStatistics::add_error
FNDA:0,PipelineStatistics::add_warning
DA:39,0
DA:45,0
DA:46,0
DA:49,0
DA:50,0
DA:54,0
DA:62,0
DA:64,0
DA:68,0
DA:69,0
DA:70,0
DA:71,0
DA:72,0
DA:73,0
DA:74,0
DA:78,0
DA:79,0
DA:83,0
DA:84,0
DA:85,0
DA:86,0
DA:87,0
DA:88,0
DA:89,0
DA:92,0
DA:95,0
DA:98,0
DA:99,0
DA:101,0
DA:104,0
DA:105,0
DA:112,0
DA:113,0
DA:114,0
DA:117,0
DA:118,0
DA:119,0
DA:124,0
DA:127,0
DA:128,0
DA:129,0
DA:130,0
DA:131,0
DA:132,0
DA:133,0
DA:138,0
DA:139,0
DA:140,0
DA:141,0
DA:142,0
DA:148,0
DA:150,0
DA:153,0
DA:157,0
DA:164,0
DA:166,0
DA:168,0
DA:169,0
DA:171,0
DA:172,0
DA:173,0
DA:174,0
DA:175,0
DA:182,0
DA:183,0
DA:184,0
DA:186,0
DA:187,0
DA:190,0
DA:191,0
DA:193,0
DA:199,0
DA:200,0
DA:205,0
DA:206,0
DA:207,0
DA:208,0
DA:215,0
DA:218,0
DA:219,0
DA:223,0
DA:224,0
DA:225,0
DA:226,0
DA:227,0
DA:230,0
DA:234,0
DA:235,0
DA:236,0
DA:238,0
DA:239,0
DA:240,0
DA:241,0
DA:245,0
DA:246,0
DA:247,0
DA:248,0
DA:252,0
DA:253,0
DA:284,0
DA:285,0
DA:288,0
DA:294,0
DA:296,0
DA:297,0
DA:305,0
DA:306,0
DA:311,0
DA:312,0
DA:316,0
DA:317,0
DA:318,0
DA:319,0
DA:320,0
DA:325,0
DA:326,0
DA:327,0
DA:328,0
DA:329,0
DA:333,0
DA:334,0
DA:338,0
DA:339,0
DA:340,0
DA:341,0
DA:342,0
DA:344,0
DA:348,0
DA:349,0
DA:350,0
DA:351,0
DA:352,0
DA:354,0
DA:368,0
DA:369,0
DA:373,0
DA:374,0
DA:383,0
DA:384,0
DA:390,0
DA:391,0
DA:394,0
DA:395,0
DA:397,0
DA:400,0
DA:401,0
DA:402,0
DA:403,0
DA:404,0
DA:405,0
DA:408,0
DA:411,0
DA:412,0
DA:417,0
DA:429,0
DA:430,0
DA:432,0
DA:435,0
DA:437,0
DA:443,0
DA:446,0
DA:450,0
DA:451,0
DA:466,0
DA:467,0
DA:468,0
DA:469,0
DA:473,0
DA:474,0
DA:475,0
DA:476,0
DA:477,0
DA:484,0
DA:487,0
DA:488,0
DA:489,0
DA:491,0
DA:492,0
DA:493,0
DA:494,0
DA:495,0
DA:500,0
DA:501,0
DA:504,0
DA:505,0
DA:508,0
DA:510,0
DA:511,0
DA:512,0
DA:522,0
DA:531,0
DA:532,0
DA:538,0
DA:539,0
DA:542,0
DA:543,0
DA:544,0
DA:549,0
DA:551,0
DA:552,0
DA:556,0
DA:557,0
DA:560,0
DA:561,0
DA:567,0
DA:571,0
DA:572,0
DA:573,0
DA:574,0
DA:579,0
DA:580,0
DA:581,0
DA:582,0
DA:583,0
DA:584,0
DA:585,0
DA:586,0
DA:587,0
DA:588,0
DA:589,0
DA:592,0
DA:593,0
DA:594,0
DA:595,0
DA:596,0
DA:597,0
DA:602,0
DA:603,0
DA:604,0
DA:605,0
DA:610,0
DA:611,0
DA:612,0
DA:613,0
DA:614,0
DA:619,0
DA:620,0
DA:622,0
DA:623,0
DA:624,0
DA:625,0
DA:626,0
DA:627,0
DA:633,0
DA:638,0
DA:639,0
DA:642,0
DA:644,0
DA:645,0
DA:647,0
DA:649,0
DA:650,0
DA:656,0
DA:666,0
DA:670,0
DA:671,0
DA:673,0
DA:674,0
DA:676,0
DA:680,0
DA:683,0
DA:686,0
DA:688,0
DA:697,0
DA:698,0
DA:704,0
DA:705,0
DA:708,0
DA:709,0
DA:710,0
DA:715,0
DA:718,0
DA:720,0
DA:721,0
DA:725,0
DA:726,0
DA:729,0
DA:730,0
DA:736,0
DA:737,0
DA:738,0
DA:739,0
DA:741,0
DA:744,0
DA:745,0
DA:746,0
DA:750,0
DA:753,0
DA:756,0
DA:757,0
DA:761,0
DA:762,0
DA:773,0
DA:774,0
DA:775,0
DA:776,0
DA:777,0
DA:782,0
DA:783,0
DA:784,0
DA:785,0
DA:786,0
DA:790,0
DA:791,0
DA:795,0
DA:800,0
DA:803,0
DA:804,0
DA:805,0
DA:815,0
DA:816,0
DA:817,0
DA:818,0
DA:819,0
DA:823,0
DA:826,0
DA:840,0
DA:844,0
DA:845,0
DA:849,0
DA:852,0
DA:853,0
DA:854,0
DA:856,0
DA:859,0
DA:860,0
DA:861,0
DA:864,0
DA:867,0
DA:870,0
DA:871,0
DA:875,0
DA:876,0
DA:877,0
DA:878,0
DA:879,0
DA:884,0
DA:885,0
DA:886,0
DA:887,0
DA:888,0
DA:892,0
DA:893,0
DA:897,0
DA:902,0
DA:905,0
DA:906,0
DA:907,0
DA:917,0
DA:918,0
DA:919,0
DA:920,0
DA:921,0
DA:925,0
DA:928,0
DA:945,0
DA:949,0
DA:950,0
DA:959,0
DA:960,0
DA:966,0
DA:967,0
DA:970,0
DA:971,0
DA:972,0
DA:977,0
DA:979,0
DA:980,0
DA:984,0
DA:985,0
DA:988,0
DA:989,0
DA:995,0
DA:998,0
DA:1001,0
DA:1004,0
DA:1008,0
DA:1009,0
DA:1013,0
DA:1014,0
DA:1016,0
DA:1018,0
DA:1021,0
DA:1024,0
DA:1025,0
DA:1026,0
DA:1027,0
DA:1028,0
DA:1033,0
DA:1037,0
DA:1040,0
DA:1042,0
DA:1046,0
DA:1047,0
DA:1048,0
DA:1055,0
DA:1056,0
DA:1057,0
DA:1058,0
DA:1059,0
DA:1065,0
DA:1066,0
DA:1067,0
DA:1073,0
DA:1076,0
DA:1077,0
DA:1078,0
DA:1082,0
DA:1083,0
DA:1084,0
DA:1088,0
DA:1092,0
DA:1093,0
DA:1094,0
DA:1095,0
DA:1096,0
DA:1100,0
DA:1101,0
DA:1105,0
DA:1107,0
DA:1108,0
DA:1114,0
DA:1115,0
DA:1116,0
DA:1117,0
DA:1118,0
DA:1125,0
DA:1134,0
DA:1143,0
DA:1149,0
DA:1150,0
DA:1151,0
DA:1153,0
DA:1166,0
DA:1167,0
DA:1173,0
DA:1174,0
DA:1177,0
DA:1178,0
DA:1179,0
DA:1180,0
DA:1181,0
DA:1186,0
DA:1187,0
DA:1188,0
DA:1191,0
DA:1192,0
DA:1193,0
DA:1194,0
DA:1198,0
DA:1201,0
DA:1204,0
DA:1205,0
DA:1206,0
DA:1208,0
DA:1211,0
DA:1212,0
DA:1216,0
DA:1217,0
DA:1220,0
DA:1221,0
DA:1227,0
DA:1231,0
DA:1232,0
DA:1233,0
DA:1234,0
DA:1236,0
DA:1238,0
DA:1240,0
DA:1242,0
DA:1246,0
DA:1248,0
DA:1250,0
DA:1252,0
DA:1254,0
DA:1257,0
DA:1258,0
DA:1260,0
DA:1261,0
DA:1262,0
DA:1263,0
DA:1264,0
DA:1265,0
DA:1271,0
DA:1272,0
DA:1273,0
DA:1275,0
DA:1277,0
DA:1280,0
DA:1284,0
DA:1285,0
DA:1287,0
DA:1288,0
DA:1289,0
DA:1290,0
DA:1291,0
DA:1292,0
DA:1293,0
DA:1294,0
DA:1295,0
DA:1296,0
DA:1299,0
DA:1300,0
DA:1305,0
DA:1306,0
DA:1309,0
DA:1338,0
DA:1339,0
DA:1356,0
DA:1357,0
DA:1360,0
DA:1365,0
DA:1366,0
DA:1370,0
DA:1371,0
LF:515
LH:0
end_of_record
TN:
SF:/Users/aleksandrkireev/Apps/timeline-studio/src-tauri/src/video_compiler/preview.rs
FN:32,PreviewGenerator::new
FN:41,PreviewGenerator::with_settings
FN:50,PreviewGenerator::set_ffmpeg_path
FN:55,PreviewGenerator::generate_preview
FN:102,PreviewGenerator::generate_preview_batch_for_file
FN:155,PreviewGenerator::generate_preview_batch
FN:211,PreviewGenerator::generate_timeline_previews
FN:243,PreviewGenerator::clear_cache_for_file
FN:250,PreviewGenerator::get_video_info
FN:276,PreviewGenerator::generate_preview_internal
FN:381,PreviewGenerator::validate_input
FN:410,PreviewGenerator::create_temp_output_path
FN:426,PreviewGenerator::get_file_extension
FN:435,PreviewGenerator::quality_to_qscale
FN:443,PreviewGenerator::parse_video_info
FN:515,<impl Default for PreviewSettings>::default
FN:598,parse_duration
FN:611,extract_resolution
FN:621,extract_fps
FN:629,extract_video_codec
FN:642,extract_audio_codec
FN:655,extract_bitrate
FNF:22
FNDA:1,PreviewGenerator::new
FNDA:0,PreviewGenerator::with_settings
FNDA:1,PreviewGenerator::set_ffmpeg_path
FNDA:0,PreviewGenerator::generate_preview
FNDA:0,PreviewGenerator::generate_preview_batch_for_file
FNDA:0,PreviewGenerator::generate_preview_batch
FNDA:0,PreviewGenerator::generate_timeline_previews
FNDA:2,PreviewGenerator::clear_cache_for_file
FNDA:0,PreviewGenerator::get_video_info
FNDA:0,PreviewGenerator::generate_preview_internal
FNDA:0,PreviewGenerator::validate_input
FNDA:0,PreviewGenerator::create_temp_output_path
FNDA:0,PreviewGenerator::get_file_extension
FNDA:0,PreviewGenerator::quality_to_qscale
FNDA:0,PreviewGenerator::parse_video_info
FNDA:1,<impl Default for PreviewSettings>::default
FNDA:0,parse_duration
FNDA:0,extract_resolution
FNDA:0,extract_fps
FNDA:0,extract_video_codec
FNDA:0,extract_audio_codec
FNDA:0,extract_bitrate
DA:32,1
DA:35,1
DA:36,1
DA:41,0
DA:45,0
DA:50,1
DA:51,1
DA:55,0
DA:62,0
DA:63,0
DA:67,0
DA:68,0
DA:69,0
DA:70,0
DA:75,0
DA:76,0
DA:77,0
DA:82,0
DA:85,0
DA:88,0
DA:89,0
DA:90,0
DA:94,0
DA:95,0
DA:98,0
DA:102,0
DA:109,0
DA:110,0
DA:112,0
DA:113,0
DA:116,0
DA:122,0
DA:123,0
DA:124,0
DA:125,0
DA:126,0
DA:129,0
DA:130,0
DA:131,0
DA:142,0
DA:143,0
DA:144,0
DA:145,0
DA:146,0
DA:151,0
DA:155,0
DA:159,0
DA:160,0
DA:163,0
DA:164,0
DA:165,0
DA:166,0
DA:168,0
DA:169,0
DA:170,0
DA:171,0
DA:172,0
DA:175,0
DA:176,0
DA:177,0
DA:178,0
DA:180,0
DA:181,0
DA:182,0
DA:183,0
DA:184,0
DA:186,0
DA:187,0
DA:188,0
DA:189,0
DA:194,0
DA:198,0
DA:199,0
DA:200,0
DA:201,0
DA:202,0
DA:207,0
DA:211,0
DA:217,0
DA:218,0
DA:220,0
DA:221,0
DA:223,0
DA:224,0
DA:225,0
DA:226,0
DA:228,0
DA:239,0
DA:243,2
DA:244,2
DA:245,1
DA:246,1
DA:250,0
DA:251,0
DA:252,0
DA:253,0
DA:254,0
DA:255,0
DA:256,0
DA:257,0
DA:258,0
DA:260,0
DA:261,0
DA:263,0
DA:264,0
DA:265,0
DA:266,0
DA:267,0
DA:276,0
DA:283,0
DA:304,0
DA:305,0
DA:307,0
DA:308,0
DA:310,0
DA:311,0
DA:319,0
DA:321,0
DA:322,0
DA:323,0
DA:324,0
DA:325,0
DA:327,0
DA:328,0
DA:329,0
DA:330,0
DA:331,0
DA:332,0
DA:334,0
DA:337,0
DA:341,0
DA:343,0
DA:344,0
DA:345,0
DA:347,0
DA:348,0
DA:350,0
DA:351,0
DA:352,0
DA:354,0
DA:361,0
DA:362,0
DA:363,0
DA:364,0
DA:369,0
DA:370,0
DA:372,0
DA:373,0
DA:377,0
DA:381,0
DA:382,0
DA:383,0
DA:384,0
DA:385,0
DA:389,0
DA:390,0
DA:391,0
DA:396,0
DA:399,0
DA:400,0
DA:401,0
DA:406,0
DA:410,0
DA:411,0
DA:412,0
DA:414,0
DA:415,0
DA:416,0
DA:417,0
DA:418,0
DA:419,0
DA:422,0
DA:426,0
DA:427,0
DA:428,0
DA:429,0
DA:430,0
DA:435,0
DA:437,0
DA:438,0
DA:439,0
DA:443,0
DA:444,0
DA:446,0
DA:449,0
DA:450,0
DA:457,0
DA:459,0
DA:464,0
DA:469,0
DA:475,0
DA:476,0
DA:483,0
DA:489,0
DA:515,1
DA:517,1
DA:520,1
DA:522,1
DA:598,0
DA:599,0
DA:600,0
DA:601,0
DA:602,0
DA:603,0
DA:604,0
DA:606,0
DA:611,0
DA:613,0
DA:614,0
DA:615,0
DA:616,0
DA:621,0
DA:623,0
DA:624,0
DA:625,0
DA:629,0
DA:631,0
DA:637,0
DA:642,0
DA:644,0
DA:650,0
DA:655,0
DA:657,0
DA:658,0
DA:659,0
LF:225
LH:13
end_of_record
TN:
SF:/Users/aleksandrkireev/Apps/timeline-studio/src-tauri/src/video_compiler/progress.rs
FN:27,ProgressTracker::new
FN:36,ProgressTracker::create_job
FN:74,ProgressTracker::update_progress
FN:127,ProgressTracker::complete_job
FN:158,ProgressTracker::fail_job
FN:185,ProgressTracker::cancel_job
FN:211,ProgressTracker::get_job
FN:217,ProgressTracker::get_active_jobs
FN:224,ProgressTracker::check_job_timeouts
FN:267,ProgressTracker::parse_ffmpeg_progress
FN:278,ProgressTracker::parse_progress_line
FN:389,RenderJob::new
FN:408,RenderJob::start
FN:424,RenderJob::update_progress
FN:445,RenderJob::complete
FN:463,RenderJob::fail
FN:480,RenderJob::cancel
FN:496,RenderJob::get_progress
FN:527,RenderJob::get_elapsed_time
FN:613,<impl Default for ProgressSettings>::default
FN:642,parse_size
FN:656,parse_time
FN:671,parse_bitrate
FNF:23
FNDA:0,ProgressTracker::new
FNDA:0,ProgressTracker::create_job
FNDA:0,ProgressTracker::update_progress
FNDA:0,ProgressTracker::complete_job
FNDA:0,ProgressTracker::fail_job
FNDA:0,ProgressTracker::cancel_job
FNDA:0,ProgressTracker::get_job
FNDA:0,ProgressTracker::get_active_jobs
FNDA:0,ProgressTracker::check_job_timeouts
FNDA:0,ProgressTracker::parse_ffmpeg_progress
FNDA:0,ProgressTracker::parse_progress_line
FNDA:0,RenderJob::new
FNDA:0,RenderJob::start
FNDA:0,RenderJob::update_progress
FNDA:0,RenderJob::complete
FNDA:0,RenderJob::fail
FNDA:0,RenderJob::cancel
FNDA:0,RenderJob::get_progress
FNDA:0,RenderJob::get_elapsed_time
FNDA:0,<impl Default for ProgressSettings>::default
FNDA:0,parse_size
FNDA:0,parse_time
FNDA:0,parse_bitrate
DA:27,0
DA:29,0
DA:31,0
DA:36,0
DA:44,0
DA:45,0
DA:46,0
DA:47,0
DA:48,0
DA:49,0
DA:50,0
DA:51,0
DA:57,0
DA:58,0
DA:60,0
DA:61,0
DA:65,0
DA:67,0
DA:69,0
DA:70,0
DA:74,0
DA:81,0
DA:83,0
DA:84,0
DA:87,0
DA:90,0
DA:91,0
DA:92,0
DA:93,0
DA:94,0
DA:95,0
DA:96,0
DA:97,0
DA:98,0
DA:102,0
DA:104,0
DA:105,0
DA:107,0
DA:111,0
DA:116,0
DA:117,0
DA:118,0
DA:119,0
DA:127,0
DA:128,0
DA:130,0
DA:131,0
DA:135,0
DA:137,0
DA:139,0
DA:141,0
DA:142,0
DA:143,0
DA:144,0
DA:147,0
DA:148,0
DA:149,0
DA:150,0
DA:158,0
DA:159,0
DA:161,0
DA:162,0
DA:166,0
DA:167,0
DA:168,0
DA:170,0
DA:172,0
DA:174,0
DA:175,0
DA:176,0
DA:177,0
DA:185,0
DA:186,0
DA:188,0
DA:189,0
DA:193,0
DA:195,0
DA:197,0
DA:199,0
DA:200,0
DA:201,0
DA:202,0
DA:211,0
DA:212,0
DA:213,0
DA:217,0
DA:218,0
DA:224,0
DA:225,0
DA:226,0
DA:227,0
DA:229,0
DA:232,0
DA:233,0
DA:234,0
DA:235,0
DA:236,0
DA:237,0
DA:238,0
DA:240,0
DA:246,0
DA:247,0
DA:248,0
DA:252,0
DA:253,0
DA:254,0
DA:256,0
DA:258,0
DA:259,0
DA:263,0
DA:267,0
DA:269,0
DA:270,0
DA:271,0
DA:274,0
DA:278,0
DA:279,0
DA:286,0
DA:289,0
DA:295,0
DA:298,0
DA:304,0
DA:307,0
DA:313,0
DA:316,0
DA:322,0
DA:325,0
DA:331,0
DA:334,0
DA:338,0
DA:343,0
DA:346,0
DA:349,0
DA:354,0
DA:389,0
DA:397,0
DA:398,0
DA:408,0
DA:409,0
DA:410,0
DA:411,0
DA:412,0
DA:413,0
DA:417,0
DA:418,0
DA:419,0
DA:420,0
DA:424,0
DA:430,0
DA:431,0
DA:432,0
DA:433,0
DA:434,0
DA:438,0
DA:439,0
DA:440,0
DA:441,0
DA:445,0
DA:446,0
DA:447,0
DA:448,0
DA:449,0
DA:450,0
DA:454,0
DA:455,0
DA:456,0
DA:457,0
DA:458,0
DA:459,0
DA:463,0
DA:464,0
DA:465,0
DA:466,0
DA:467,0
DA:468,0
DA:472,0
DA:473,0
DA:474,0
DA:475,0
DA:476,0
DA:480,0
DA:481,0
DA:482,0
DA:483,0
DA:484,0
DA:485,0
DA:489,0
DA:490,0
DA:491,0
DA:492,0
DA:496,0
DA:497,0
DA:498,0
DA:500,0
DA:503,0
DA:504,0
DA:505,0
DA:506,0
DA:507,0
DA:510,0
DA:514,0
DA:515,0
DA:517,0
DA:518,0
DA:521,0
DA:522,0
DA:527,0
DA:528,0
DA:529,0
DA:530,0
DA:531,0
DA:532,0
DA:613,0
DA:615,0
DA:617,0
DA:642,0
DA:643,0
DA:644,0
DA:646,0
DA:648,0
DA:651,0
DA:656,0
DA:657,0
DA:658,0
DA:659,0
DA:660,0
DA:661,0
DA:663,0
DA:664,0
DA:666,0
DA:671,0
DA:672,0
DA:673,0
DA:675,0
DA:678,0
LF:235
LH:0
end_of_record
TN:
SF:/Users/aleksandrkireev/Apps/timeline-studio/src-tauri/src/video_compiler/renderer.rs
FN:40,VideoRenderer::new
FN:63,VideoRenderer::render
FN:172,VideoRenderer::create_render_job
FN:186,VideoRenderer::estimate_total_frames
FN:193,VideoRenderer::render_internal
FN:228,VideoRenderer::cancel
FN:243,VideoRenderer::get_progress
FN:249,VideoRenderer::get_render_statistics
FN:260,VideoRenderer::render_with_details
FN:304,VideoRenderer::_get_current_memory_usage
FN:327,<impl Default for RenderSettings>::default
FNF:11
FNDA:0,VideoRenderer::new
FNDA:0,VideoRenderer::render
FNDA:0,VideoRenderer::create_render_job
FNDA:0,VideoRenderer::estimate_total_frames
FNDA:0,VideoRenderer::render_internal
FNDA:0,VideoRenderer::cancel
FNDA:0,VideoRenderer::get_progress
FNDA:0,VideoRenderer::get_render_statistics
FNDA:0,VideoRenderer::render_with_details
FNDA:0,VideoRenderer::_get_current_memory_usage
FNDA:0,<impl Default for RenderSettings>::default
DA:40,0
DA:47,0
DA:49,0
DA:50,0
DA:52,0
DA:53,0
DA:54,0
DA:55,0
DA:56,0
DA:57,0
DA:58,0
DA:63,0
DA:64,0
DA:82,0
DA:83,0
DA:84,0
DA:85,0
DA:86,0
DA:87,0
DA:88,0
DA:89,0
DA:91,0
DA:93,0
DA:94,0
DA:95,0
DA:96,0
DA:97,0
DA:99,0
DA:100,0
DA:101,0
DA:102,0
DA:103,0
DA:104,0
DA:106,0
DA:107,0
DA:108,0
DA:110,0
DA:111,0
DA:112,0
DA:114,0
DA:115,0
DA:116,0
DA:117,0
DA:119,0
DA:124,0
DA:125,0
DA:128,0
DA:129,0
DA:132,0
DA:133,0
DA:134,0
DA:135,0
DA:136,0
DA:137,0
DA:138,0
DA:140,0
DA:142,0
DA:143,0
DA:144,0
DA:149,0
DA:150,0
DA:151,0
DA:152,0
DA:153,0
DA:154,0
DA:156,0
DA:160,0
DA:161,0
DA:162,0
DA:172,0
DA:173,0
DA:175,0
DA:176,0
DA:178,0
DA:179,0
DA:180,0
DA:182,0
DA:186,0
DA:187,0
DA:188,0
DA:189,0
DA:193,0
DA:201,0
DA:202,0
DA:209,0
DA:210,0
DA:211,0
DA:212,0
DA:214,0
DA:220,0
DA:222,0
DA:228,0
DA:230,0
DA:231,0
DA:235,0
DA:236,0
DA:237,0
DA:239,0
DA:243,0
DA:244,0
DA:245,0
DA:249,0
DA:252,0
DA:253,0
DA:255,0
DA:260,0
DA:263,0
DA:264,0
DA:265,0
DA:268,0
DA:269,0
DA:270,0
DA:272,0
DA:277,0
DA:280,0
DA:281,0
DA:286,0
DA:292,0
DA:304,0
DA:306,0
DA:307,0
DA:308,0
DA:309,0
DA:327,0
DA:331,0
LF:125
LH:0
end_of_record
TN:
SF:/Users/aleksandrkireev/Apps/timeline-studio/src-tauri/src/video_compiler/schema.rs
FN:40,ProjectSchema::new
FN:63,ProjectSchema::validate
FN:104,ProjectSchema::get_duration
FN:114,ProjectSchema::touch
FN:150,<impl Default for Timeline>::default
FN:197,Track::new
FN:212,Track::validate
FN:229,Track::add_clip
FN:293,Clip::new
FN:314,Clip::validate
FN:347,Clip::get_timeline_duration
FN:352,Clip::get_source_duration
FN:407,Effect::new
FN:632,Filter::new
FN:704,Template::new
FN:805,StyleTemplate::new
FN:1438,<impl Default for ExportSettings>::default
FN:1493,<impl Default for PreviewSettings>::default
FN:1534,Subtitle::new
FN:1548,Subtitle::validate
FN:1565,Subtitle::get_duration
FN:1586,<impl Default for SubtitlePosition>::default
FN:1633,<impl Default for SubtitleMargin>::default
FN:1683,<impl Default for SubtitleStyle>::default
FN:1737,<impl Default for SubtitlePadding>::default
FN:1768,SubtitleAnimation::new
FNF:26
FNDA:6,ProjectSchema::new
FNDA:1,ProjectSchema::validate
FNDA:0,ProjectSchema::get_duration
FNDA:1,ProjectSchema::touch
FNDA:6,<impl Default for Timeline>::default
FNDA:7,Track::new
FNDA:0,Track::validate
FNDA:1,Track::add_clip
FNDA:3,Clip::new
FNDA:0,Clip::validate
FNDA:0,Clip::get_timeline_duration
FNDA:0,Clip::get_source_duration
FNDA:1,Effect::new
FNDA:1,Filter::new
FNDA:1,Template::new
FNDA:1,StyleTemplate::new
FNDA:7,<impl Default for ExportSettings>::default
FNDA:7,<impl Default for PreviewSettings>::default
FNDA:4,Subtitle::new
FNDA:2,Subtitle::validate
FNDA:1,Subtitle::get_duration
FNDA:4,<impl Default for SubtitlePosition>::default
FNDA:4,<impl Default for SubtitleMargin>::default
FNDA:4,<impl Default for SubtitleStyle>::default
FNDA:4,<impl Default for SubtitlePadding>::default
FNDA:1,SubtitleAnimation::new
DA:40,6
DA:42,6
DA:43,6
DA:50,6
DA:51,6
DA:52,6
DA:53,6
DA:54,6
DA:55,6
DA:56,6
DA:57,6
DA:58,6
DA:63,1
DA:65,1
DA:66,0
DA:70,1
DA:71,0
DA:74,2
DA:75,0
DA:79,1
DA:80,0
DA:84,1
DA:85,0
DA:86,0
DA:88,0
DA:90,0
DA:91,0
DA:92,0
DA:93,0
DA:94,0
DA:100,1
DA:104,0
DA:105,0
DA:106,0
DA:108,0
DA:109,0
DA:110,0
DA:114,1
DA:115,1
DA:150,6
DA:154,6
DA:197,7
DA:199,7
DA:205,7
DA:206,7
DA:207,7
DA:212,0
DA:213,0
DA:214,0
DA:217,0
DA:218,0
DA:221,0
DA:222,0
DA:225,0
DA:229,1
DA:231,1
DA:232,0
DA:233,0
DA:234,0
DA:235,0
DA:240,1
DA:241,1
DA:293,3
DA:295,3
DA:298,3
DA:304,3
DA:305,3
DA:309,3
DA:314,0
DA:315,0
DA:316,0
DA:319,0
DA:320,0
DA:323,0
DA:324,0
DA:327,0
DA:328,0
DA:331,0
DA:332,0
DA:335,0
DA:336,0
DA:339,0
DA:340,0
DA:343,0
DA:347,0
DA:348,0
DA:352,0
DA:353,0
DA:407,1
DA:409,1
DA:414,1
DA:418,1
DA:632,1
DA:634,1
DA:638,1
DA:704,1
DA:706,1
DA:710,1
DA:805,1
DA:812,1
DA:817,1
DA:1438,7
DA:1446,7
DA:1449,7
DA:1450,7
DA:1451,7
DA:1452,7
DA:1453,7
DA:1454,7
DA:1458,7
DA:1459,7
DA:1460,7
DA:1461,7
DA:1462,7
DA:1493,7
DA:1495,7
DA:1534,4
DA:1536,4
DA:1540,4
DA:1541,4
DA:1543,4
DA:1548,2
DA:1549,2
DA:1550,0
DA:1553,2
DA:1554,0
DA:1557,2
DA:1558,1
DA:1561,1
DA:1565,1
DA:1566,1
DA:1586,4
DA:1592,4
DA:1633,4
DA:1683,4
DA:1685,4
DA:1688,4
DA:1689,4
DA:1691,4
DA:1697,4
DA:1737,4
DA:1768,1
DA:1770,1
DA:1776,1
LF:144
LH:92
end_of_record
TN:
SF:/Users/aleksandrkireev/Apps/timeline-studio/src-tauri/src/video_server/server.rs
FN:31,VideoServerState::new
FN:37,VideoServerState::register_video
FN:48,create_video_router
FN:62,health_check
FN:66,stream_video
FN:137,parse_range_header
FN:153,register_video_endpoint
FN:173,start_video_server
FNF:8
FNDA:0,VideoServerState::new
FNDA:0,VideoServerState::register_video
FNDA:0,create_video_router
FNDA:0,health_check
FNDA:0,stream_video
FNDA:0,parse_range_header
FNDA:0,register_video_endpoint
FNDA:0,start_video_server
DA:31,0
DA:33,0
DA:37,0
DA:39,0
DA:41,0
DA:48,0
DA:49,0
DA:50,0
DA:51,0
DA:52,0
DA:54,0
DA:55,0
DA:56,0
DA:57,0
DA:59,0
DA:62,0
DA:63,0
DA:66,0
DA:71,0
DA:72,0
DA:74,0
DA:75,0
DA:78,0
DA:82,0
DA:83,0
DA:84,0
DA:85,0
DA:86,0
DA:87,0
DA:88,0
DA:92,0
DA:93,0
DA:94,0
DA:101,0
DA:104,0
DA:105,0
DA:107,0
DA:108,0
DA:109,0
DA:110,0
DA:111,0
DA:112,0
DA:113,0
DA:114,0
DA:115,0
DA:117,0
DA:118,0
DA:124,0
DA:127,0
DA:128,0
DA:129,0
DA:130,0
DA:131,0
DA:132,0
DA:133,0
DA:137,0
DA:138,0
DA:141,0
DA:142,0
DA:143,0
DA:145,0
DA:150,0
DA:153,0
DA:157,0
DA:161,0
DA:164,0
DA:166,0
DA:167,0
DA:168,0
DA:173,0
DA:174,0
DA:176,0
DA:177,0
DA:178,0
DA:179,0
DA:180,0
DA:183,0
DA:184,0
LF:78
LH:0
end_of_record
